DEB [20180410-20:24:35.190] thr=1   paramiko.transport: starting thread (client mode): 0x6c375080
DEB [20180410-20:24:35.190] thr=1   paramiko.transport: Local version/idstring: SSH-2.0-paramiko_2.4.0
DEB [20180410-20:24:35.221] thr=1   paramiko.transport: Remote version/idstring: SSH-2.0-OpenSSH_6.6.1
INF [20180410-20:24:35.221] thr=1   paramiko.transport: Connected (version 2.0, client OpenSSH_6.6.1)
DEB [20180410-20:24:35.237] thr=1   paramiko.transport: kex algos:['curve25519-sha256@libssh.org', 'ecdh-sha2-nistp256', 'ecdh-sha2-nistp384', 'ecdh-sha2-nistp521', 'diffie-hellman-group-exchange-sha256', 'diffie-hellman-group-exchange-sha1', 'diffie-hellman-group14-sha1', 'diffie-hellman-group1-sha1'] server key:['ssh-rsa', 'ecdsa-sha2-nistp256', 'ssh-ed25519'] client encrypt:['aes128-ctr', 'aes192-ctr', 'aes256-ctr', 'arcfour256', 'arcfour128', 'aes128-gcm@openssh.com', 'aes256-gcm@openssh.com', 'chacha20-poly1305@openssh.com', 'aes128-cbc', '3des-cbc', 'blowfish-cbc', 'cast128-cbc', 'aes192-cbc', 'aes256-cbc', 'arcfour', 'rijndael-cbc@lysator.liu.se'] server encrypt:['aes128-ctr', 'aes192-ctr', 'aes256-ctr', 'arcfour256', 'arcfour128', 'aes128-gcm@openssh.com', 'aes256-gcm@openssh.com', 'chacha20-poly1305@openssh.com', 'aes128-cbc', '3des-cbc', 'blowfish-cbc', 'cast128-cbc', 'aes192-cbc', 'aes256-cbc', 'arcfour', 'rijndael-cbc@lysator.liu.se'] client mac:['hmac-md5-etm@openssh.com', 'hmac-sha1-etm@openssh.com', 'umac-64-etm@openssh.com', 'umac-128-etm@openssh.com', 'hmac-sha2-256-etm@openssh.com', 'hmac-sha2-512-etm@openssh.com', 'hmac-ripemd160-etm@openssh.com', 'hmac-sha1-96-etm@openssh.com', 'hmac-md5-96-etm@openssh.com', 'hmac-md5', 'hmac-sha1', 'umac-64@openssh.com', 'umac-128@openssh.com', 'hmac-sha2-256', 'hmac-sha2-512', 'hmac-ripemd160', 'hmac-ripemd160@openssh.com', 'hmac-sha1-96', 'hmac-md5-96'] server mac:['hmac-md5-etm@openssh.com', 'hmac-sha1-etm@openssh.com', 'umac-64-etm@openssh.com', 'umac-128-etm@openssh.com', 'hmac-sha2-256-etm@openssh.com', 'hmac-sha2-512-etm@openssh.com', 'hmac-ripemd160-etm@openssh.com', 'hmac-sha1-96-etm@openssh.com', 'hmac-md5-96-etm@openssh.com', 'hmac-md5', 'hmac-sha1', 'umac-64@openssh.com', 'umac-128@openssh.com', 'hmac-sha2-256', 'hmac-sha2-512', 'hmac-ripemd160', 'hmac-ripemd160@openssh.com', 'hmac-sha1-96', 'hmac-md5-96'] client compress:['none', 'zlib@openssh.com'] server compress:['none', 'zlib@openssh.com'] client lang:[''] server lang:[''] kex follows?False
DEB [20180410-20:24:35.237] thr=1   paramiko.transport: Kex agreed: ecdh-sha2-nistp256
DEB [20180410-20:24:35.237] thr=1   paramiko.transport: HostKey agreed: ssh-ed25519
DEB [20180410-20:24:35.237] thr=1   paramiko.transport: Cipher agreed: aes128-ctr
DEB [20180410-20:24:35.237] thr=1   paramiko.transport: MAC agreed: hmac-sha2-256
DEB [20180410-20:24:35.237] thr=1   paramiko.transport: Compression agreed: none
DEB [20180410-20:24:35.299] thr=1   paramiko.transport: kex engine KexNistp256 specified hash_algo <built-in function openssl_sha256>
DEB [20180410-20:24:35.299] thr=1   paramiko.transport: Switch to new keys ...
DEB [20180410-20:24:42.773] thr=1   paramiko.transport: userauth is OK
INF [20180410-20:24:42.840] thr=1   paramiko.transport: Authentication (password) successful!
DEB [20180410-20:24:42.840] thr=2   paramiko.transport: [chan 0] Max packet in: 32768 bytes
DEB [20180410-20:24:42.996] thr=1   paramiko.transport: [chan 0] Max packet out: 32768 bytes
DEB [20180410-20:24:42.996] thr=1   paramiko.transport: Secsh channel 0 opened.
DEB [20180410-20:24:43.004] thr=1   paramiko.transport: [chan 0] Sesch channel 0 request ok
DEB [20180410-20:24:43.004] thr=1   paramiko.transport: [chan 0] Sesch channel 0 request ok
DEB [20180410-21:02:50.877] thr=1   paramiko.transport: starting thread (client mode): 0xac0a1c88
DEB [20180410-21:02:50.877] thr=1   paramiko.transport: Local version/idstring: SSH-2.0-paramiko_2.4.0
DEB [20180410-21:02:50.877] thr=1   paramiko.transport: Remote version/idstring: SSH-2.0-OpenSSH_6.6.1
INF [20180410-21:02:50.877] thr=1   paramiko.transport: Connected (version 2.0, client OpenSSH_6.6.1)
DEB [20180410-21:02:50.877] thr=1   paramiko.transport: kex algos:['curve25519-sha256@libssh.org', 'ecdh-sha2-nistp256', 'ecdh-sha2-nistp384', 'ecdh-sha2-nistp521', 'diffie-hellman-group-exchange-sha256', 'diffie-hellman-group-exchange-sha1', 'diffie-hellman-group14-sha1', 'diffie-hellman-group1-sha1'] server key:['ssh-rsa', 'ecdsa-sha2-nistp256', 'ssh-ed25519'] client encrypt:['aes128-ctr', 'aes192-ctr', 'aes256-ctr', 'arcfour256', 'arcfour128', 'aes128-gcm@openssh.com', 'aes256-gcm@openssh.com', 'chacha20-poly1305@openssh.com', 'aes128-cbc', '3des-cbc', 'blowfish-cbc', 'cast128-cbc', 'aes192-cbc', 'aes256-cbc', 'arcfour', 'rijndael-cbc@lysator.liu.se'] server encrypt:['aes128-ctr', 'aes192-ctr', 'aes256-ctr', 'arcfour256', 'arcfour128', 'aes128-gcm@openssh.com', 'aes256-gcm@openssh.com', 'chacha20-poly1305@openssh.com', 'aes128-cbc', '3des-cbc', 'blowfish-cbc', 'cast128-cbc', 'aes192-cbc', 'aes256-cbc', 'arcfour', 'rijndael-cbc@lysator.liu.se'] client mac:['hmac-md5-etm@openssh.com', 'hmac-sha1-etm@openssh.com', 'umac-64-etm@openssh.com', 'umac-128-etm@openssh.com', 'hmac-sha2-256-etm@openssh.com', 'hmac-sha2-512-etm@openssh.com', 'hmac-ripemd160-etm@openssh.com', 'hmac-sha1-96-etm@openssh.com', 'hmac-md5-96-etm@openssh.com', 'hmac-md5', 'hmac-sha1', 'umac-64@openssh.com', 'umac-128@openssh.com', 'hmac-sha2-256', 'hmac-sha2-512', 'hmac-ripemd160', 'hmac-ripemd160@openssh.com', 'hmac-sha1-96', 'hmac-md5-96'] server mac:['hmac-md5-etm@openssh.com', 'hmac-sha1-etm@openssh.com', 'umac-64-etm@openssh.com', 'umac-128-etm@openssh.com', 'hmac-sha2-256-etm@openssh.com', 'hmac-sha2-512-etm@openssh.com', 'hmac-ripemd160-etm@openssh.com', 'hmac-sha1-96-etm@openssh.com', 'hmac-md5-96-etm@openssh.com', 'hmac-md5', 'hmac-sha1', 'umac-64@openssh.com', 'umac-128@openssh.com', 'hmac-sha2-256', 'hmac-sha2-512', 'hmac-ripemd160', 'hmac-ripemd160@openssh.com', 'hmac-sha1-96', 'hmac-md5-96'] client compress:['none', 'zlib@openssh.com'] server compress:['none', 'zlib@openssh.com'] client lang:[''] server lang:[''] kex follows?False
DEB [20180410-21:02:50.877] thr=1   paramiko.transport: Kex agreed: ecdh-sha2-nistp256
DEB [20180410-21:02:50.877] thr=1   paramiko.transport: HostKey agreed: ssh-ed25519
DEB [20180410-21:02:50.877] thr=1   paramiko.transport: Cipher agreed: aes128-ctr
DEB [20180410-21:02:50.877] thr=1   paramiko.transport: MAC agreed: hmac-sha2-256
DEB [20180410-21:02:50.877] thr=1   paramiko.transport: Compression agreed: none
DEB [20180410-21:02:50.924] thr=1   paramiko.transport: kex engine KexNistp256 specified hash_algo <built-in function openssl_sha256>
DEB [20180410-21:02:50.924] thr=1   paramiko.transport: Switch to new keys ...
DEB [20180410-21:02:56.523] thr=1   paramiko.transport: userauth is OK
INF [20180410-21:02:56.585] thr=1   paramiko.transport: Authentication (password) successful!
DEB [20180410-21:02:56.585] thr=2   paramiko.transport: [chan 0] Max packet in: 32768 bytes
DEB [20180410-21:02:56.743] thr=1   paramiko.transport: [chan 0] Max packet out: 32768 bytes
DEB [20180410-21:02:56.743] thr=1   paramiko.transport: Secsh channel 0 opened.
DEB [20180410-21:02:56.743] thr=1   paramiko.transport: [chan 0] Sesch channel 0 request ok
DEB [20180410-21:02:56.743] thr=1   paramiko.transport: [chan 0] Sesch channel 0 request ok
DEB [20180410-21:06:04.598] thr=1   paramiko.transport: starting thread (client mode): 0xc4fe1d30
DEB [20180410-21:06:04.598] thr=1   paramiko.transport: Local version/idstring: SSH-2.0-paramiko_2.4.0
DEB [20180410-21:06:04.614] thr=1   paramiko.transport: Remote version/idstring: SSH-2.0-OpenSSH_6.6.1
INF [20180410-21:06:04.614] thr=1   paramiko.transport: Connected (version 2.0, client OpenSSH_6.6.1)
DEB [20180410-21:06:04.614] thr=1   paramiko.transport: kex algos:['curve25519-sha256@libssh.org', 'ecdh-sha2-nistp256', 'ecdh-sha2-nistp384', 'ecdh-sha2-nistp521', 'diffie-hellman-group-exchange-sha256', 'diffie-hellman-group-exchange-sha1', 'diffie-hellman-group14-sha1', 'diffie-hellman-group1-sha1'] server key:['ssh-rsa', 'ecdsa-sha2-nistp256', 'ssh-ed25519'] client encrypt:['aes128-ctr', 'aes192-ctr', 'aes256-ctr', 'arcfour256', 'arcfour128', 'aes128-gcm@openssh.com', 'aes256-gcm@openssh.com', 'chacha20-poly1305@openssh.com', 'aes128-cbc', '3des-cbc', 'blowfish-cbc', 'cast128-cbc', 'aes192-cbc', 'aes256-cbc', 'arcfour', 'rijndael-cbc@lysator.liu.se'] server encrypt:['aes128-ctr', 'aes192-ctr', 'aes256-ctr', 'arcfour256', 'arcfour128', 'aes128-gcm@openssh.com', 'aes256-gcm@openssh.com', 'chacha20-poly1305@openssh.com', 'aes128-cbc', '3des-cbc', 'blowfish-cbc', 'cast128-cbc', 'aes192-cbc', 'aes256-cbc', 'arcfour', 'rijndael-cbc@lysator.liu.se'] client mac:['hmac-md5-etm@openssh.com', 'hmac-sha1-etm@openssh.com', 'umac-64-etm@openssh.com', 'umac-128-etm@openssh.com', 'hmac-sha2-256-etm@openssh.com', 'hmac-sha2-512-etm@openssh.com', 'hmac-ripemd160-etm@openssh.com', 'hmac-sha1-96-etm@openssh.com', 'hmac-md5-96-etm@openssh.com', 'hmac-md5', 'hmac-sha1', 'umac-64@openssh.com', 'umac-128@openssh.com', 'hmac-sha2-256', 'hmac-sha2-512', 'hmac-ripemd160', 'hmac-ripemd160@openssh.com', 'hmac-sha1-96', 'hmac-md5-96'] server mac:['hmac-md5-etm@openssh.com', 'hmac-sha1-etm@openssh.com', 'umac-64-etm@openssh.com', 'umac-128-etm@openssh.com', 'hmac-sha2-256-etm@openssh.com', 'hmac-sha2-512-etm@openssh.com', 'hmac-ripemd160-etm@openssh.com', 'hmac-sha1-96-etm@openssh.com', 'hmac-md5-96-etm@openssh.com', 'hmac-md5', 'hmac-sha1', 'umac-64@openssh.com', 'umac-128@openssh.com', 'hmac-sha2-256', 'hmac-sha2-512', 'hmac-ripemd160', 'hmac-ripemd160@openssh.com', 'hmac-sha1-96', 'hmac-md5-96'] client compress:['none', 'zlib@openssh.com'] server compress:['none', 'zlib@openssh.com'] client lang:[''] server lang:[''] kex follows?False
DEB [20180410-21:06:04.614] thr=1   paramiko.transport: Kex agreed: ecdh-sha2-nistp256
DEB [20180410-21:06:04.614] thr=1   paramiko.transport: HostKey agreed: ssh-ed25519
DEB [20180410-21:06:04.614] thr=1   paramiko.transport: Cipher agreed: aes128-ctr
DEB [20180410-21:06:04.614] thr=1   paramiko.transport: MAC agreed: hmac-sha2-256
DEB [20180410-21:06:04.614] thr=1   paramiko.transport: Compression agreed: none
DEB [20180410-21:06:04.661] thr=1   paramiko.transport: kex engine KexNistp256 specified hash_algo <built-in function openssl_sha256>
DEB [20180410-21:06:04.661] thr=1   paramiko.transport: Switch to new keys ...
DEB [20180410-21:06:09.805] thr=1   paramiko.transport: userauth is OK
INF [20180410-21:06:09.899] thr=1   paramiko.transport: Authentication (password) successful!
DEB [20180410-21:06:09.899] thr=2   paramiko.transport: [chan 0] Max packet in: 32768 bytes
DEB [20180410-21:06:10.048] thr=1   paramiko.transport: [chan 0] Max packet out: 32768 bytes
DEB [20180410-21:06:10.048] thr=1   paramiko.transport: Secsh channel 0 opened.
DEB [20180410-21:06:10.048] thr=1   paramiko.transport: [chan 0] Sesch channel 0 request ok
DEB [20180410-21:06:10.048] thr=1   paramiko.transport: [chan 0] Sesch channel 0 request ok
DEB [20180410-21:12:23.689] thr=1   paramiko.transport: starting thread (client mode): 0xa259d240
DEB [20180410-21:12:23.689] thr=1   paramiko.transport: Local version/idstring: SSH-2.0-paramiko_2.4.0
DEB [20180410-21:12:23.700] thr=1   paramiko.transport: Remote version/idstring: SSH-2.0-OpenSSH_6.6.1
INF [20180410-21:12:23.700] thr=1   paramiko.transport: Connected (version 2.0, client OpenSSH_6.6.1)
DEB [20180410-21:12:23.704] thr=1   paramiko.transport: kex algos:['curve25519-sha256@libssh.org', 'ecdh-sha2-nistp256', 'ecdh-sha2-nistp384', 'ecdh-sha2-nistp521', 'diffie-hellman-group-exchange-sha256', 'diffie-hellman-group-exchange-sha1', 'diffie-hellman-group14-sha1', 'diffie-hellman-group1-sha1'] server key:['ssh-rsa', 'ecdsa-sha2-nistp256', 'ssh-ed25519'] client encrypt:['aes128-ctr', 'aes192-ctr', 'aes256-ctr', 'arcfour256', 'arcfour128', 'aes128-gcm@openssh.com', 'aes256-gcm@openssh.com', 'chacha20-poly1305@openssh.com', 'aes128-cbc', '3des-cbc', 'blowfish-cbc', 'cast128-cbc', 'aes192-cbc', 'aes256-cbc', 'arcfour', 'rijndael-cbc@lysator.liu.se'] server encrypt:['aes128-ctr', 'aes192-ctr', 'aes256-ctr', 'arcfour256', 'arcfour128', 'aes128-gcm@openssh.com', 'aes256-gcm@openssh.com', 'chacha20-poly1305@openssh.com', 'aes128-cbc', '3des-cbc', 'blowfish-cbc', 'cast128-cbc', 'aes192-cbc', 'aes256-cbc', 'arcfour', 'rijndael-cbc@lysator.liu.se'] client mac:['hmac-md5-etm@openssh.com', 'hmac-sha1-etm@openssh.com', 'umac-64-etm@openssh.com', 'umac-128-etm@openssh.com', 'hmac-sha2-256-etm@openssh.com', 'hmac-sha2-512-etm@openssh.com', 'hmac-ripemd160-etm@openssh.com', 'hmac-sha1-96-etm@openssh.com', 'hmac-md5-96-etm@openssh.com', 'hmac-md5', 'hmac-sha1', 'umac-64@openssh.com', 'umac-128@openssh.com', 'hmac-sha2-256', 'hmac-sha2-512', 'hmac-ripemd160', 'hmac-ripemd160@openssh.com', 'hmac-sha1-96', 'hmac-md5-96'] server mac:['hmac-md5-etm@openssh.com', 'hmac-sha1-etm@openssh.com', 'umac-64-etm@openssh.com', 'umac-128-etm@openssh.com', 'hmac-sha2-256-etm@openssh.com', 'hmac-sha2-512-etm@openssh.com', 'hmac-ripemd160-etm@openssh.com', 'hmac-sha1-96-etm@openssh.com', 'hmac-md5-96-etm@openssh.com', 'hmac-md5', 'hmac-sha1', 'umac-64@openssh.com', 'umac-128@openssh.com', 'hmac-sha2-256', 'hmac-sha2-512', 'hmac-ripemd160', 'hmac-ripemd160@openssh.com', 'hmac-sha1-96', 'hmac-md5-96'] client compress:['none', 'zlib@openssh.com'] server compress:['none', 'zlib@openssh.com'] client lang:[''] server lang:[''] kex follows?False
DEB [20180410-21:12:23.704] thr=1   paramiko.transport: Kex agreed: ecdh-sha2-nistp256
DEB [20180410-21:12:23.704] thr=1   paramiko.transport: HostKey agreed: ssh-ed25519
DEB [20180410-21:12:23.704] thr=1   paramiko.transport: Cipher agreed: aes128-ctr
DEB [20180410-21:12:23.704] thr=1   paramiko.transport: MAC agreed: hmac-sha2-256
DEB [20180410-21:12:23.704] thr=1   paramiko.transport: Compression agreed: none
DEB [20180410-21:12:23.755] thr=1   paramiko.transport: kex engine KexNistp256 specified hash_algo <built-in function openssl_sha256>
DEB [20180410-21:12:23.755] thr=1   paramiko.transport: Switch to new keys ...
DEB [20180410-21:12:27.983] thr=1   paramiko.transport: EOF in transport thread
DEB [20180410-21:14:31.856] thr=1   paramiko.transport: starting thread (client mode): 0x4d6aa208
DEB [20180410-21:14:31.856] thr=1   paramiko.transport: Local version/idstring: SSH-2.0-paramiko_2.4.0
DEB [20180410-21:14:31.856] thr=1   paramiko.transport: Remote version/idstring: SSH-2.0-OpenSSH_6.6.1
INF [20180410-21:14:31.856] thr=1   paramiko.transport: Connected (version 2.0, client OpenSSH_6.6.1)
DEB [20180410-21:14:31.856] thr=1   paramiko.transport: kex algos:['curve25519-sha256@libssh.org', 'ecdh-sha2-nistp256', 'ecdh-sha2-nistp384', 'ecdh-sha2-nistp521', 'diffie-hellman-group-exchange-sha256', 'diffie-hellman-group-exchange-sha1', 'diffie-hellman-group14-sha1', 'diffie-hellman-group1-sha1'] server key:['ssh-rsa', 'ecdsa-sha2-nistp256', 'ssh-ed25519'] client encrypt:['aes128-ctr', 'aes192-ctr', 'aes256-ctr', 'arcfour256', 'arcfour128', 'aes128-gcm@openssh.com', 'aes256-gcm@openssh.com', 'chacha20-poly1305@openssh.com', 'aes128-cbc', '3des-cbc', 'blowfish-cbc', 'cast128-cbc', 'aes192-cbc', 'aes256-cbc', 'arcfour', 'rijndael-cbc@lysator.liu.se'] server encrypt:['aes128-ctr', 'aes192-ctr', 'aes256-ctr', 'arcfour256', 'arcfour128', 'aes128-gcm@openssh.com', 'aes256-gcm@openssh.com', 'chacha20-poly1305@openssh.com', 'aes128-cbc', '3des-cbc', 'blowfish-cbc', 'cast128-cbc', 'aes192-cbc', 'aes256-cbc', 'arcfour', 'rijndael-cbc@lysator.liu.se'] client mac:['hmac-md5-etm@openssh.com', 'hmac-sha1-etm@openssh.com', 'umac-64-etm@openssh.com', 'umac-128-etm@openssh.com', 'hmac-sha2-256-etm@openssh.com', 'hmac-sha2-512-etm@openssh.com', 'hmac-ripemd160-etm@openssh.com', 'hmac-sha1-96-etm@openssh.com', 'hmac-md5-96-etm@openssh.com', 'hmac-md5', 'hmac-sha1', 'umac-64@openssh.com', 'umac-128@openssh.com', 'hmac-sha2-256', 'hmac-sha2-512', 'hmac-ripemd160', 'hmac-ripemd160@openssh.com', 'hmac-sha1-96', 'hmac-md5-96'] server mac:['hmac-md5-etm@openssh.com', 'hmac-sha1-etm@openssh.com', 'umac-64-etm@openssh.com', 'umac-128-etm@openssh.com', 'hmac-sha2-256-etm@openssh.com', 'hmac-sha2-512-etm@openssh.com', 'hmac-ripemd160-etm@openssh.com', 'hmac-sha1-96-etm@openssh.com', 'hmac-md5-96-etm@openssh.com', 'hmac-md5', 'hmac-sha1', 'umac-64@openssh.com', 'umac-128@openssh.com', 'hmac-sha2-256', 'hmac-sha2-512', 'hmac-ripemd160', 'hmac-ripemd160@openssh.com', 'hmac-sha1-96', 'hmac-md5-96'] client compress:['none', 'zlib@openssh.com'] server compress:['none', 'zlib@openssh.com'] client lang:[''] server lang:[''] kex follows?False
DEB [20180410-21:14:31.856] thr=1   paramiko.transport: Kex agreed: ecdh-sha2-nistp256
DEB [20180410-21:14:31.856] thr=1   paramiko.transport: HostKey agreed: ssh-ed25519
DEB [20180410-21:14:31.856] thr=1   paramiko.transport: Cipher agreed: aes128-ctr
DEB [20180410-21:14:31.856] thr=1   paramiko.transport: MAC agreed: hmac-sha2-256
DEB [20180410-21:14:31.856] thr=1   paramiko.transport: Compression agreed: none
DEB [20180410-21:14:31.903] thr=1   paramiko.transport: kex engine KexNistp256 specified hash_algo <built-in function openssl_sha256>
DEB [20180410-21:14:31.903] thr=1   paramiko.transport: Switch to new keys ...
DEB [20180410-21:14:36.513] thr=1   paramiko.transport: userauth is OK
INF [20180410-21:14:36.591] thr=1   paramiko.transport: Authentication (password) successful!
DEB [20180410-21:14:36.591] thr=2   paramiko.transport: [chan 0] Max packet in: 32768 bytes
DEB [20180410-21:14:36.734] thr=1   paramiko.transport: [chan 0] Max packet out: 32768 bytes
DEB [20180410-21:14:36.734] thr=1   paramiko.transport: Secsh channel 0 opened.
DEB [20180410-21:14:36.734] thr=1   paramiko.transport: [chan 0] Sesch channel 0 request ok
DEB [20180410-21:14:36.734] thr=1   paramiko.transport: [chan 0] Sesch channel 0 request ok
DEB [20180410-21:32:10.573] thr=1   paramiko.transport: starting thread (client mode): 0x53e22d68
DEB [20180410-21:32:10.573] thr=1   paramiko.transport: Local version/idstring: SSH-2.0-paramiko_2.4.0
DEB [20180410-21:32:10.605] thr=1   paramiko.transport: Remote version/idstring: SSH-2.0-OpenSSH_6.6.1
INF [20180410-21:32:10.605] thr=1   paramiko.transport: Connected (version 2.0, client OpenSSH_6.6.1)
DEB [20180410-21:32:10.620] thr=1   paramiko.transport: kex algos:['curve25519-sha256@libssh.org', 'ecdh-sha2-nistp256', 'ecdh-sha2-nistp384', 'ecdh-sha2-nistp521', 'diffie-hellman-group-exchange-sha256', 'diffie-hellman-group-exchange-sha1', 'diffie-hellman-group14-sha1', 'diffie-hellman-group1-sha1'] server key:['ssh-rsa', 'ecdsa-sha2-nistp256', 'ssh-ed25519'] client encrypt:['aes128-ctr', 'aes192-ctr', 'aes256-ctr', 'arcfour256', 'arcfour128', 'aes128-gcm@openssh.com', 'aes256-gcm@openssh.com', 'chacha20-poly1305@openssh.com', 'aes128-cbc', '3des-cbc', 'blowfish-cbc', 'cast128-cbc', 'aes192-cbc', 'aes256-cbc', 'arcfour', 'rijndael-cbc@lysator.liu.se'] server encrypt:['aes128-ctr', 'aes192-ctr', 'aes256-ctr', 'arcfour256', 'arcfour128', 'aes128-gcm@openssh.com', 'aes256-gcm@openssh.com', 'chacha20-poly1305@openssh.com', 'aes128-cbc', '3des-cbc', 'blowfish-cbc', 'cast128-cbc', 'aes192-cbc', 'aes256-cbc', 'arcfour', 'rijndael-cbc@lysator.liu.se'] client mac:['hmac-md5-etm@openssh.com', 'hmac-sha1-etm@openssh.com', 'umac-64-etm@openssh.com', 'umac-128-etm@openssh.com', 'hmac-sha2-256-etm@openssh.com', 'hmac-sha2-512-etm@openssh.com', 'hmac-ripemd160-etm@openssh.com', 'hmac-sha1-96-etm@openssh.com', 'hmac-md5-96-etm@openssh.com', 'hmac-md5', 'hmac-sha1', 'umac-64@openssh.com', 'umac-128@openssh.com', 'hmac-sha2-256', 'hmac-sha2-512', 'hmac-ripemd160', 'hmac-ripemd160@openssh.com', 'hmac-sha1-96', 'hmac-md5-96'] server mac:['hmac-md5-etm@openssh.com', 'hmac-sha1-etm@openssh.com', 'umac-64-etm@openssh.com', 'umac-128-etm@openssh.com', 'hmac-sha2-256-etm@openssh.com', 'hmac-sha2-512-etm@openssh.com', 'hmac-ripemd160-etm@openssh.com', 'hmac-sha1-96-etm@openssh.com', 'hmac-md5-96-etm@openssh.com', 'hmac-md5', 'hmac-sha1', 'umac-64@openssh.com', 'umac-128@openssh.com', 'hmac-sha2-256', 'hmac-sha2-512', 'hmac-ripemd160', 'hmac-ripemd160@openssh.com', 'hmac-sha1-96', 'hmac-md5-96'] client compress:['none', 'zlib@openssh.com'] server compress:['none', 'zlib@openssh.com'] client lang:[''] server lang:[''] kex follows?False
DEB [20180410-21:32:10.620] thr=1   paramiko.transport: Kex agreed: ecdh-sha2-nistp256
DEB [20180410-21:32:10.620] thr=1   paramiko.transport: HostKey agreed: ssh-ed25519
DEB [20180410-21:32:10.620] thr=1   paramiko.transport: Cipher agreed: aes128-ctr
DEB [20180410-21:32:10.620] thr=1   paramiko.transport: MAC agreed: hmac-sha2-256
DEB [20180410-21:32:10.620] thr=1   paramiko.transport: Compression agreed: none
DEB [20180410-21:32:10.667] thr=1   paramiko.transport: kex engine KexNistp256 specified hash_algo <built-in function openssl_sha256>
DEB [20180410-21:32:10.667] thr=1   paramiko.transport: Switch to new keys ...
DEB [20180410-21:32:20.347] thr=1   paramiko.transport: userauth is OK
INF [20180410-21:32:20.472] thr=1   paramiko.transport: Authentication (password) successful!
DEB [20180410-21:32:20.472] thr=2   paramiko.transport: [chan 0] Max packet in: 32768 bytes
DEB [20180410-21:32:20.628] thr=1   paramiko.transport: [chan 0] Max packet out: 32768 bytes
DEB [20180410-21:32:20.628] thr=1   paramiko.transport: Secsh channel 0 opened.
DEB [20180410-21:32:20.628] thr=1   paramiko.transport: [chan 0] Sesch channel 0 request ok
DEB [20180410-21:32:20.628] thr=1   paramiko.transport: [chan 0] Sesch channel 0 request ok
DEB [20180410-21:34:28.760] thr=1   paramiko.transport: starting thread (client mode): 0xa3242d30
DEB [20180410-21:34:28.760] thr=1   paramiko.transport: Local version/idstring: SSH-2.0-paramiko_2.4.0
DEB [20180410-21:34:28.792] thr=1   paramiko.transport: Remote version/idstring: SSH-2.0-OpenSSH_6.6.1
INF [20180410-21:34:28.792] thr=1   paramiko.transport: Connected (version 2.0, client OpenSSH_6.6.1)
DEB [20180410-21:34:28.792] thr=1   paramiko.transport: kex algos:['curve25519-sha256@libssh.org', 'ecdh-sha2-nistp256', 'ecdh-sha2-nistp384', 'ecdh-sha2-nistp521', 'diffie-hellman-group-exchange-sha256', 'diffie-hellman-group-exchange-sha1', 'diffie-hellman-group14-sha1', 'diffie-hellman-group1-sha1'] server key:['ssh-rsa', 'ecdsa-sha2-nistp256', 'ssh-ed25519'] client encrypt:['aes128-ctr', 'aes192-ctr', 'aes256-ctr', 'arcfour256', 'arcfour128', 'aes128-gcm@openssh.com', 'aes256-gcm@openssh.com', 'chacha20-poly1305@openssh.com', 'aes128-cbc', '3des-cbc', 'blowfish-cbc', 'cast128-cbc', 'aes192-cbc', 'aes256-cbc', 'arcfour', 'rijndael-cbc@lysator.liu.se'] server encrypt:['aes128-ctr', 'aes192-ctr', 'aes256-ctr', 'arcfour256', 'arcfour128', 'aes128-gcm@openssh.com', 'aes256-gcm@openssh.com', 'chacha20-poly1305@openssh.com', 'aes128-cbc', '3des-cbc', 'blowfish-cbc', 'cast128-cbc', 'aes192-cbc', 'aes256-cbc', 'arcfour', 'rijndael-cbc@lysator.liu.se'] client mac:['hmac-md5-etm@openssh.com', 'hmac-sha1-etm@openssh.com', 'umac-64-etm@openssh.com', 'umac-128-etm@openssh.com', 'hmac-sha2-256-etm@openssh.com', 'hmac-sha2-512-etm@openssh.com', 'hmac-ripemd160-etm@openssh.com', 'hmac-sha1-96-etm@openssh.com', 'hmac-md5-96-etm@openssh.com', 'hmac-md5', 'hmac-sha1', 'umac-64@openssh.com', 'umac-128@openssh.com', 'hmac-sha2-256', 'hmac-sha2-512', 'hmac-ripemd160', 'hmac-ripemd160@openssh.com', 'hmac-sha1-96', 'hmac-md5-96'] server mac:['hmac-md5-etm@openssh.com', 'hmac-sha1-etm@openssh.com', 'umac-64-etm@openssh.com', 'umac-128-etm@openssh.com', 'hmac-sha2-256-etm@openssh.com', 'hmac-sha2-512-etm@openssh.com', 'hmac-ripemd160-etm@openssh.com', 'hmac-sha1-96-etm@openssh.com', 'hmac-md5-96-etm@openssh.com', 'hmac-md5', 'hmac-sha1', 'umac-64@openssh.com', 'umac-128@openssh.com', 'hmac-sha2-256', 'hmac-sha2-512', 'hmac-ripemd160', 'hmac-ripemd160@openssh.com', 'hmac-sha1-96', 'hmac-md5-96'] client compress:['none', 'zlib@openssh.com'] server compress:['none', 'zlib@openssh.com'] client lang:[''] server lang:[''] kex follows?False
DEB [20180410-21:34:28.792] thr=1   paramiko.transport: Kex agreed: ecdh-sha2-nistp256
DEB [20180410-21:34:28.792] thr=1   paramiko.transport: HostKey agreed: ssh-ed25519
DEB [20180410-21:34:28.792] thr=1   paramiko.transport: Cipher agreed: aes128-ctr
DEB [20180410-21:34:28.792] thr=1   paramiko.transport: MAC agreed: hmac-sha2-256
DEB [20180410-21:34:28.792] thr=1   paramiko.transport: Compression agreed: none
DEB [20180410-21:34:28.838] thr=1   paramiko.transport: kex engine KexNistp256 specified hash_algo <built-in function openssl_sha256>
DEB [20180410-21:34:28.838] thr=1   paramiko.transport: Switch to new keys ...
DEB [20180410-21:34:28.901] thr=1   paramiko.transport: userauth is OK
INF [20180410-21:34:28.951] thr=1   paramiko.transport: Authentication (password) successful!
DEB [20180410-21:34:28.951] thr=2   paramiko.transport: [chan 0] Max packet in: 32768 bytes
DEB [20180410-21:34:29.107] thr=1   paramiko.transport: [chan 0] Max packet out: 32768 bytes
DEB [20180410-21:34:29.107] thr=1   paramiko.transport: Secsh channel 0 opened.
DEB [20180410-21:34:29.107] thr=1   paramiko.transport: [chan 0] Sesch channel 0 request ok
DEB [20180410-21:34:29.107] thr=1   paramiko.transport: [chan 0] Sesch channel 0 request ok
DEB [20180410-21:35:11.426] thr=1   paramiko.transport: [chan 0] EOF received (0)
DEB [20180410-21:35:11.426] thr=1   paramiko.transport: [chan 0] EOF sent (0)
DEB [20180410-21:35:15.602] thr=1   paramiko.transport: EOF in transport thread
DEB [20180410-21:50:12.158] thr=1   paramiko.transport: starting thread (client mode): 0xd5982e10
DEB [20180410-21:50:12.158] thr=1   paramiko.transport: Local version/idstring: SSH-2.0-paramiko_2.4.0
DEB [20180410-21:50:12.189] thr=1   paramiko.transport: Remote version/idstring: SSH-2.0-OpenSSH_6.6.1
INF [20180410-21:50:12.189] thr=1   paramiko.transport: Connected (version 2.0, client OpenSSH_6.6.1)
DEB [20180410-21:50:12.189] thr=1   paramiko.transport: kex algos:['curve25519-sha256@libssh.org', 'ecdh-sha2-nistp256', 'ecdh-sha2-nistp384', 'ecdh-sha2-nistp521', 'diffie-hellman-group-exchange-sha256', 'diffie-hellman-group-exchange-sha1', 'diffie-hellman-group14-sha1', 'diffie-hellman-group1-sha1'] server key:['ssh-rsa', 'ecdsa-sha2-nistp256', 'ssh-ed25519'] client encrypt:['aes128-ctr', 'aes192-ctr', 'aes256-ctr', 'arcfour256', 'arcfour128', 'aes128-gcm@openssh.com', 'aes256-gcm@openssh.com', 'chacha20-poly1305@openssh.com', 'aes128-cbc', '3des-cbc', 'blowfish-cbc', 'cast128-cbc', 'aes192-cbc', 'aes256-cbc', 'arcfour', 'rijndael-cbc@lysator.liu.se'] server encrypt:['aes128-ctr', 'aes192-ctr', 'aes256-ctr', 'arcfour256', 'arcfour128', 'aes128-gcm@openssh.com', 'aes256-gcm@openssh.com', 'chacha20-poly1305@openssh.com', 'aes128-cbc', '3des-cbc', 'blowfish-cbc', 'cast128-cbc', 'aes192-cbc', 'aes256-cbc', 'arcfour', 'rijndael-cbc@lysator.liu.se'] client mac:['hmac-md5-etm@openssh.com', 'hmac-sha1-etm@openssh.com', 'umac-64-etm@openssh.com', 'umac-128-etm@openssh.com', 'hmac-sha2-256-etm@openssh.com', 'hmac-sha2-512-etm@openssh.com', 'hmac-ripemd160-etm@openssh.com', 'hmac-sha1-96-etm@openssh.com', 'hmac-md5-96-etm@openssh.com', 'hmac-md5', 'hmac-sha1', 'umac-64@openssh.com', 'umac-128@openssh.com', 'hmac-sha2-256', 'hmac-sha2-512', 'hmac-ripemd160', 'hmac-ripemd160@openssh.com', 'hmac-sha1-96', 'hmac-md5-96'] server mac:['hmac-md5-etm@openssh.com', 'hmac-sha1-etm@openssh.com', 'umac-64-etm@openssh.com', 'umac-128-etm@openssh.com', 'hmac-sha2-256-etm@openssh.com', 'hmac-sha2-512-etm@openssh.com', 'hmac-ripemd160-etm@openssh.com', 'hmac-sha1-96-etm@openssh.com', 'hmac-md5-96-etm@openssh.com', 'hmac-md5', 'hmac-sha1', 'umac-64@openssh.com', 'umac-128@openssh.com', 'hmac-sha2-256', 'hmac-sha2-512', 'hmac-ripemd160', 'hmac-ripemd160@openssh.com', 'hmac-sha1-96', 'hmac-md5-96'] client compress:['none', 'zlib@openssh.com'] server compress:['none', 'zlib@openssh.com'] client lang:[''] server lang:[''] kex follows?False
DEB [20180410-21:50:12.189] thr=1   paramiko.transport: Kex agreed: ecdh-sha2-nistp256
DEB [20180410-21:50:12.189] thr=1   paramiko.transport: HostKey agreed: ssh-ed25519
DEB [20180410-21:50:12.189] thr=1   paramiko.transport: Cipher agreed: aes128-ctr
DEB [20180410-21:50:12.189] thr=1   paramiko.transport: MAC agreed: hmac-sha2-256
DEB [20180410-21:50:12.189] thr=1   paramiko.transport: Compression agreed: none
DEB [20180410-21:50:12.236] thr=1   paramiko.transport: kex engine KexNistp256 specified hash_algo <built-in function openssl_sha256>
DEB [20180410-21:50:12.236] thr=1   paramiko.transport: Switch to new keys ...
DEB [20180410-21:50:12.297] thr=1   paramiko.transport: userauth is OK
INF [20180410-21:50:12.359] thr=1   paramiko.transport: Authentication (password) successful!
DEB [20180410-21:50:12.359] thr=2   paramiko.transport: [chan 0] Max packet in: 32768 bytes
DEB [20180410-21:50:12.497] thr=1   paramiko.transport: [chan 0] Max packet out: 32768 bytes
DEB [20180410-21:50:12.497] thr=1   paramiko.transport: Secsh channel 0 opened.
DEB [20180410-21:50:12.497] thr=1   paramiko.transport: [chan 0] Sesch channel 0 request ok
DEB [20180410-21:50:12.497] thr=1   paramiko.transport: [chan 0] Sesch channel 0 request ok
DEB [20180410-21:50:18.273] thr=1   paramiko.transport: [chan 0] EOF received (0)
DEB [20180410-21:50:18.273] thr=1   paramiko.transport: [chan 0] EOF sent (0)
DEB [20180410-21:50:38.048] thr=1   paramiko.transport: EOF in transport thread
DEB [20180410-21:51:39.466] thr=3   paramiko.transport: starting thread (client mode): 0xd4cd0630
DEB [20180410-21:51:39.466] thr=3   paramiko.transport: Local version/idstring: SSH-2.0-paramiko_2.4.0
DEB [20180410-21:51:39.497] thr=3   paramiko.transport: Remote version/idstring: SSH-2.0-OpenSSH_6.6.1
INF [20180410-21:51:39.497] thr=3   paramiko.transport: Connected (version 2.0, client OpenSSH_6.6.1)
DEB [20180410-21:51:39.497] thr=3   paramiko.transport: kex algos:['curve25519-sha256@libssh.org', 'ecdh-sha2-nistp256', 'ecdh-sha2-nistp384', 'ecdh-sha2-nistp521', 'diffie-hellman-group-exchange-sha256', 'diffie-hellman-group-exchange-sha1', 'diffie-hellman-group14-sha1', 'diffie-hellman-group1-sha1'] server key:['ssh-rsa', 'ecdsa-sha2-nistp256', 'ssh-ed25519'] client encrypt:['aes128-ctr', 'aes192-ctr', 'aes256-ctr', 'arcfour256', 'arcfour128', 'aes128-gcm@openssh.com', 'aes256-gcm@openssh.com', 'chacha20-poly1305@openssh.com', 'aes128-cbc', '3des-cbc', 'blowfish-cbc', 'cast128-cbc', 'aes192-cbc', 'aes256-cbc', 'arcfour', 'rijndael-cbc@lysator.liu.se'] server encrypt:['aes128-ctr', 'aes192-ctr', 'aes256-ctr', 'arcfour256', 'arcfour128', 'aes128-gcm@openssh.com', 'aes256-gcm@openssh.com', 'chacha20-poly1305@openssh.com', 'aes128-cbc', '3des-cbc', 'blowfish-cbc', 'cast128-cbc', 'aes192-cbc', 'aes256-cbc', 'arcfour', 'rijndael-cbc@lysator.liu.se'] client mac:['hmac-md5-etm@openssh.com', 'hmac-sha1-etm@openssh.com', 'umac-64-etm@openssh.com', 'umac-128-etm@openssh.com', 'hmac-sha2-256-etm@openssh.com', 'hmac-sha2-512-etm@openssh.com', 'hmac-ripemd160-etm@openssh.com', 'hmac-sha1-96-etm@openssh.com', 'hmac-md5-96-etm@openssh.com', 'hmac-md5', 'hmac-sha1', 'umac-64@openssh.com', 'umac-128@openssh.com', 'hmac-sha2-256', 'hmac-sha2-512', 'hmac-ripemd160', 'hmac-ripemd160@openssh.com', 'hmac-sha1-96', 'hmac-md5-96'] server mac:['hmac-md5-etm@openssh.com', 'hmac-sha1-etm@openssh.com', 'umac-64-etm@openssh.com', 'umac-128-etm@openssh.com', 'hmac-sha2-256-etm@openssh.com', 'hmac-sha2-512-etm@openssh.com', 'hmac-ripemd160-etm@openssh.com', 'hmac-sha1-96-etm@openssh.com', 'hmac-md5-96-etm@openssh.com', 'hmac-md5', 'hmac-sha1', 'umac-64@openssh.com', 'umac-128@openssh.com', 'hmac-sha2-256', 'hmac-sha2-512', 'hmac-ripemd160', 'hmac-ripemd160@openssh.com', 'hmac-sha1-96', 'hmac-md5-96'] client compress:['none', 'zlib@openssh.com'] server compress:['none', 'zlib@openssh.com'] client lang:[''] server lang:[''] kex follows?False
DEB [20180410-21:51:39.497] thr=3   paramiko.transport: Kex agreed: ecdh-sha2-nistp256
DEB [20180410-21:51:39.497] thr=3   paramiko.transport: HostKey agreed: ssh-ed25519
DEB [20180410-21:51:39.497] thr=3   paramiko.transport: Cipher agreed: aes128-ctr
DEB [20180410-21:51:39.497] thr=3   paramiko.transport: MAC agreed: hmac-sha2-256
DEB [20180410-21:51:39.497] thr=3   paramiko.transport: Compression agreed: none
DEB [20180410-21:51:39.513] thr=3   paramiko.transport: kex engine KexNistp256 specified hash_algo <built-in function openssl_sha256>
DEB [20180410-21:51:39.513] thr=3   paramiko.transport: Switch to new keys ...
DEB [20180410-21:51:39.560] thr=3   paramiko.transport: userauth is OK
INF [20180410-21:51:39.622] thr=3   paramiko.transport: Authentication (password) successful!
DEB [20180410-21:51:39.622] thr=2   paramiko.transport: [chan 0] Max packet in: 32768 bytes
DEB [20180410-21:51:39.788] thr=3   paramiko.transport: [chan 0] Max packet out: 32768 bytes
DEB [20180410-21:51:39.788] thr=3   paramiko.transport: Secsh channel 0 opened.
DEB [20180410-21:51:39.788] thr=3   paramiko.transport: [chan 0] Sesch channel 0 request ok
DEB [20180410-21:51:39.788] thr=3   paramiko.transport: [chan 0] Sesch channel 0 request ok
DEB [20180410-21:51:53.865] thr=3   paramiko.transport: [chan 0] EOF received (0)
DEB [20180410-21:51:53.865] thr=3   paramiko.transport: [chan 0] EOF sent (0)
DEB [20180410-21:51:54.890] thr=3   paramiko.transport: EOF in transport thread
DEB [20180410-21:53:25.658] thr=1   paramiko.transport: starting thread (client mode): 0x47572e10
DEB [20180410-21:53:25.658] thr=1   paramiko.transport: Local version/idstring: SSH-2.0-paramiko_2.4.0
DEB [20180410-21:53:25.689] thr=1   paramiko.transport: Remote version/idstring: SSH-2.0-OpenSSH_6.6.1
INF [20180410-21:53:25.689] thr=1   paramiko.transport: Connected (version 2.0, client OpenSSH_6.6.1)
DEB [20180410-21:53:25.689] thr=1   paramiko.transport: kex algos:['curve25519-sha256@libssh.org', 'ecdh-sha2-nistp256', 'ecdh-sha2-nistp384', 'ecdh-sha2-nistp521', 'diffie-hellman-group-exchange-sha256', 'diffie-hellman-group-exchange-sha1', 'diffie-hellman-group14-sha1', 'diffie-hellman-group1-sha1'] server key:['ssh-rsa', 'ecdsa-sha2-nistp256', 'ssh-ed25519'] client encrypt:['aes128-ctr', 'aes192-ctr', 'aes256-ctr', 'arcfour256', 'arcfour128', 'aes128-gcm@openssh.com', 'aes256-gcm@openssh.com', 'chacha20-poly1305@openssh.com', 'aes128-cbc', '3des-cbc', 'blowfish-cbc', 'cast128-cbc', 'aes192-cbc', 'aes256-cbc', 'arcfour', 'rijndael-cbc@lysator.liu.se'] server encrypt:['aes128-ctr', 'aes192-ctr', 'aes256-ctr', 'arcfour256', 'arcfour128', 'aes128-gcm@openssh.com', 'aes256-gcm@openssh.com', 'chacha20-poly1305@openssh.com', 'aes128-cbc', '3des-cbc', 'blowfish-cbc', 'cast128-cbc', 'aes192-cbc', 'aes256-cbc', 'arcfour', 'rijndael-cbc@lysator.liu.se'] client mac:['hmac-md5-etm@openssh.com', 'hmac-sha1-etm@openssh.com', 'umac-64-etm@openssh.com', 'umac-128-etm@openssh.com', 'hmac-sha2-256-etm@openssh.com', 'hmac-sha2-512-etm@openssh.com', 'hmac-ripemd160-etm@openssh.com', 'hmac-sha1-96-etm@openssh.com', 'hmac-md5-96-etm@openssh.com', 'hmac-md5', 'hmac-sha1', 'umac-64@openssh.com', 'umac-128@openssh.com', 'hmac-sha2-256', 'hmac-sha2-512', 'hmac-ripemd160', 'hmac-ripemd160@openssh.com', 'hmac-sha1-96', 'hmac-md5-96'] server mac:['hmac-md5-etm@openssh.com', 'hmac-sha1-etm@openssh.com', 'umac-64-etm@openssh.com', 'umac-128-etm@openssh.com', 'hmac-sha2-256-etm@openssh.com', 'hmac-sha2-512-etm@openssh.com', 'hmac-ripemd160-etm@openssh.com', 'hmac-sha1-96-etm@openssh.com', 'hmac-md5-96-etm@openssh.com', 'hmac-md5', 'hmac-sha1', 'umac-64@openssh.com', 'umac-128@openssh.com', 'hmac-sha2-256', 'hmac-sha2-512', 'hmac-ripemd160', 'hmac-ripemd160@openssh.com', 'hmac-sha1-96', 'hmac-md5-96'] client compress:['none', 'zlib@openssh.com'] server compress:['none', 'zlib@openssh.com'] client lang:[''] server lang:[''] kex follows?False
DEB [20180410-21:53:25.689] thr=1   paramiko.transport: Kex agreed: ecdh-sha2-nistp256
DEB [20180410-21:53:25.689] thr=1   paramiko.transport: HostKey agreed: ssh-ed25519
DEB [20180410-21:53:25.689] thr=1   paramiko.transport: Cipher agreed: aes128-ctr
DEB [20180410-21:53:25.689] thr=1   paramiko.transport: MAC agreed: hmac-sha2-256
DEB [20180410-21:53:25.689] thr=1   paramiko.transport: Compression agreed: none
DEB [20180410-21:53:25.739] thr=1   paramiko.transport: kex engine KexNistp256 specified hash_algo <built-in function openssl_sha256>
DEB [20180410-21:53:25.739] thr=1   paramiko.transport: Switch to new keys ...
DEB [20180410-21:53:25.786] thr=1   paramiko.transport: userauth is OK
INF [20180410-21:53:25.802] thr=1   paramiko.transport: Authentication (password) successful!
DEB [20180410-21:53:25.802] thr=2   paramiko.transport: [chan 0] Max packet in: 32768 bytes
DEB [20180410-21:53:25.958] thr=1   paramiko.transport: [chan 0] Max packet out: 32768 bytes
DEB [20180410-21:53:25.958] thr=1   paramiko.transport: Secsh channel 0 opened.
DEB [20180410-21:53:25.958] thr=1   paramiko.transport: [chan 0] Sesch channel 0 request ok
DEB [20180410-21:53:25.958] thr=1   paramiko.transport: [chan 0] Sesch channel 0 request ok
DEB [20180410-21:53:34.762] thr=2   paramiko.transport: [chan 0] EOF sent (0)
DEB [20180410-21:53:34.762] thr=1   paramiko.transport: EOF in transport thread
DEB [20180410-22:03:12.845] thr=1   paramiko.transport: starting thread (client mode): 0x88863dd8
DEB [20180410-22:03:12.845] thr=1   paramiko.transport: Local version/idstring: SSH-2.0-paramiko_2.4.0
DEB [20180410-22:03:13.048] thr=1   paramiko.transport: Remote version/idstring: SSH-2.0-OpenSSH_6.6.1
INF [20180410-22:03:13.048] thr=1   paramiko.transport: Connected (version 2.0, client OpenSSH_6.6.1)
DEB [20180410-22:03:13.064] thr=1   paramiko.transport: kex algos:['curve25519-sha256@libssh.org', 'ecdh-sha2-nistp256', 'ecdh-sha2-nistp384', 'ecdh-sha2-nistp521', 'diffie-hellman-group-exchange-sha256', 'diffie-hellman-group-exchange-sha1', 'diffie-hellman-group14-sha1', 'diffie-hellman-group1-sha1'] server key:['ssh-rsa', 'ecdsa-sha2-nistp256', 'ssh-ed25519'] client encrypt:['aes128-ctr', 'aes192-ctr', 'aes256-ctr', 'arcfour256', 'arcfour128', 'aes128-gcm@openssh.com', 'aes256-gcm@openssh.com', 'chacha20-poly1305@openssh.com', 'aes128-cbc', '3des-cbc', 'blowfish-cbc', 'cast128-cbc', 'aes192-cbc', 'aes256-cbc', 'arcfour', 'rijndael-cbc@lysator.liu.se'] server encrypt:['aes128-ctr', 'aes192-ctr', 'aes256-ctr', 'arcfour256', 'arcfour128', 'aes128-gcm@openssh.com', 'aes256-gcm@openssh.com', 'chacha20-poly1305@openssh.com', 'aes128-cbc', '3des-cbc', 'blowfish-cbc', 'cast128-cbc', 'aes192-cbc', 'aes256-cbc', 'arcfour', 'rijndael-cbc@lysator.liu.se'] client mac:['hmac-md5-etm@openssh.com', 'hmac-sha1-etm@openssh.com', 'umac-64-etm@openssh.com', 'umac-128-etm@openssh.com', 'hmac-sha2-256-etm@openssh.com', 'hmac-sha2-512-etm@openssh.com', 'hmac-ripemd160-etm@openssh.com', 'hmac-sha1-96-etm@openssh.com', 'hmac-md5-96-etm@openssh.com', 'hmac-md5', 'hmac-sha1', 'umac-64@openssh.com', 'umac-128@openssh.com', 'hmac-sha2-256', 'hmac-sha2-512', 'hmac-ripemd160', 'hmac-ripemd160@openssh.com', 'hmac-sha1-96', 'hmac-md5-96'] server mac:['hmac-md5-etm@openssh.com', 'hmac-sha1-etm@openssh.com', 'umac-64-etm@openssh.com', 'umac-128-etm@openssh.com', 'hmac-sha2-256-etm@openssh.com', 'hmac-sha2-512-etm@openssh.com', 'hmac-ripemd160-etm@openssh.com', 'hmac-sha1-96-etm@openssh.com', 'hmac-md5-96-etm@openssh.com', 'hmac-md5', 'hmac-sha1', 'umac-64@openssh.com', 'umac-128@openssh.com', 'hmac-sha2-256', 'hmac-sha2-512', 'hmac-ripemd160', 'hmac-ripemd160@openssh.com', 'hmac-sha1-96', 'hmac-md5-96'] client compress:['none', 'zlib@openssh.com'] server compress:['none', 'zlib@openssh.com'] client lang:[''] server lang:[''] kex follows?False
DEB [20180410-22:03:13.064] thr=1   paramiko.transport: Kex agreed: ecdh-sha2-nistp256
DEB [20180410-22:03:13.064] thr=1   paramiko.transport: HostKey agreed: ssh-ed25519
DEB [20180410-22:03:13.064] thr=1   paramiko.transport: Cipher agreed: aes128-ctr
DEB [20180410-22:03:13.064] thr=1   paramiko.transport: MAC agreed: hmac-sha2-256
DEB [20180410-22:03:13.064] thr=1   paramiko.transport: Compression agreed: none
DEB [20180410-22:03:13.111] thr=1   paramiko.transport: kex engine KexNistp256 specified hash_algo <built-in function openssl_sha256>
DEB [20180410-22:03:13.111] thr=1   paramiko.transport: Switch to new keys ...
DEB [20180410-22:03:13.173] thr=1   paramiko.transport: userauth is OK
INF [20180410-22:03:13.376] thr=1   paramiko.transport: Authentication (password) successful!
DEB [20180410-22:03:13.376] thr=2   paramiko.transport: [chan 0] Max packet in: 32768 bytes
DEB [20180410-22:03:13.517] thr=1   paramiko.transport: [chan 0] Max packet out: 32768 bytes
DEB [20180410-22:03:13.517] thr=1   paramiko.transport: Secsh channel 0 opened.
DEB [20180410-22:03:13.517] thr=1   paramiko.transport: [chan 0] Sesch channel 0 request ok
DEB [20180410-22:03:13.517] thr=1   paramiko.transport: [chan 0] Sesch channel 0 request ok
DEB [20180410-22:03:24.279] thr=2   paramiko.transport: [chan 0] EOF sent (0)
DEB [20180410-22:03:24.280] thr=1   paramiko.transport: EOF in transport thread
DEB [20180410-22:06:08.412] thr=3   paramiko.transport: starting thread (client mode): 0x883b45f8
DEB [20180410-22:06:08.412] thr=3   paramiko.transport: Local version/idstring: SSH-2.0-paramiko_2.4.0
DEB [20180410-22:06:08.443] thr=3   paramiko.transport: Remote version/idstring: SSH-2.0-OpenSSH_6.6.1
INF [20180410-22:06:08.443] thr=3   paramiko.transport: Connected (version 2.0, client OpenSSH_6.6.1)
DEB [20180410-22:06:08.459] thr=3   paramiko.transport: kex algos:['curve25519-sha256@libssh.org', 'ecdh-sha2-nistp256', 'ecdh-sha2-nistp384', 'ecdh-sha2-nistp521', 'diffie-hellman-group-exchange-sha256', 'diffie-hellman-group-exchange-sha1', 'diffie-hellman-group14-sha1', 'diffie-hellman-group1-sha1'] server key:['ssh-rsa', 'ecdsa-sha2-nistp256', 'ssh-ed25519'] client encrypt:['aes128-ctr', 'aes192-ctr', 'aes256-ctr', 'arcfour256', 'arcfour128', 'aes128-gcm@openssh.com', 'aes256-gcm@openssh.com', 'chacha20-poly1305@openssh.com', 'aes128-cbc', '3des-cbc', 'blowfish-cbc', 'cast128-cbc', 'aes192-cbc', 'aes256-cbc', 'arcfour', 'rijndael-cbc@lysator.liu.se'] server encrypt:['aes128-ctr', 'aes192-ctr', 'aes256-ctr', 'arcfour256', 'arcfour128', 'aes128-gcm@openssh.com', 'aes256-gcm@openssh.com', 'chacha20-poly1305@openssh.com', 'aes128-cbc', '3des-cbc', 'blowfish-cbc', 'cast128-cbc', 'aes192-cbc', 'aes256-cbc', 'arcfour', 'rijndael-cbc@lysator.liu.se'] client mac:['hmac-md5-etm@openssh.com', 'hmac-sha1-etm@openssh.com', 'umac-64-etm@openssh.com', 'umac-128-etm@openssh.com', 'hmac-sha2-256-etm@openssh.com', 'hmac-sha2-512-etm@openssh.com', 'hmac-ripemd160-etm@openssh.com', 'hmac-sha1-96-etm@openssh.com', 'hmac-md5-96-etm@openssh.com', 'hmac-md5', 'hmac-sha1', 'umac-64@openssh.com', 'umac-128@openssh.com', 'hmac-sha2-256', 'hmac-sha2-512', 'hmac-ripemd160', 'hmac-ripemd160@openssh.com', 'hmac-sha1-96', 'hmac-md5-96'] server mac:['hmac-md5-etm@openssh.com', 'hmac-sha1-etm@openssh.com', 'umac-64-etm@openssh.com', 'umac-128-etm@openssh.com', 'hmac-sha2-256-etm@openssh.com', 'hmac-sha2-512-etm@openssh.com', 'hmac-ripemd160-etm@openssh.com', 'hmac-sha1-96-etm@openssh.com', 'hmac-md5-96-etm@openssh.com', 'hmac-md5', 'hmac-sha1', 'umac-64@openssh.com', 'umac-128@openssh.com', 'hmac-sha2-256', 'hmac-sha2-512', 'hmac-ripemd160', 'hmac-ripemd160@openssh.com', 'hmac-sha1-96', 'hmac-md5-96'] client compress:['none', 'zlib@openssh.com'] server compress:['none', 'zlib@openssh.com'] client lang:[''] server lang:[''] kex follows?False
DEB [20180410-22:06:08.459] thr=3   paramiko.transport: Kex agreed: ecdh-sha2-nistp256
DEB [20180410-22:06:08.459] thr=3   paramiko.transport: HostKey agreed: ssh-ed25519
DEB [20180410-22:06:08.459] thr=3   paramiko.transport: Cipher agreed: aes128-ctr
DEB [20180410-22:06:08.459] thr=3   paramiko.transport: MAC agreed: hmac-sha2-256
DEB [20180410-22:06:08.459] thr=3   paramiko.transport: Compression agreed: none
DEB [20180410-22:06:08.459] thr=3   paramiko.transport: kex engine KexNistp256 specified hash_algo <built-in function openssl_sha256>
DEB [20180410-22:06:08.459] thr=3   paramiko.transport: Switch to new keys ...
DEB [20180410-22:06:08.506] thr=3   paramiko.transport: userauth is OK
INF [20180410-22:06:08.568] thr=3   paramiko.transport: Authentication (password) successful!
DEB [20180410-22:06:08.568] thr=2   paramiko.transport: [chan 0] Max packet in: 32768 bytes
DEB [20180410-22:06:08.709] thr=3   paramiko.transport: [chan 0] Max packet out: 32768 bytes
DEB [20180410-22:06:08.709] thr=3   paramiko.transport: Secsh channel 0 opened.
DEB [20180410-22:06:08.724] thr=3   paramiko.transport: [chan 0] Sesch channel 0 request ok
DEB [20180410-22:06:08.724] thr=3   paramiko.transport: [chan 0] Sesch channel 0 request ok
DEB [20180410-22:08:35.952] thr=1   paramiko.transport: starting thread (client mode): 0x6e893dd8
DEB [20180410-22:08:35.952] thr=1   paramiko.transport: Local version/idstring: SSH-2.0-paramiko_2.4.0
DEB [20180410-22:08:35.983] thr=1   paramiko.transport: Remote version/idstring: SSH-2.0-OpenSSH_6.6.1
INF [20180410-22:08:35.983] thr=1   paramiko.transport: Connected (version 2.0, client OpenSSH_6.6.1)
DEB [20180410-22:08:35.983] thr=1   paramiko.transport: kex algos:['curve25519-sha256@libssh.org', 'ecdh-sha2-nistp256', 'ecdh-sha2-nistp384', 'ecdh-sha2-nistp521', 'diffie-hellman-group-exchange-sha256', 'diffie-hellman-group-exchange-sha1', 'diffie-hellman-group14-sha1', 'diffie-hellman-group1-sha1'] server key:['ssh-rsa', 'ecdsa-sha2-nistp256', 'ssh-ed25519'] client encrypt:['aes128-ctr', 'aes192-ctr', 'aes256-ctr', 'arcfour256', 'arcfour128', 'aes128-gcm@openssh.com', 'aes256-gcm@openssh.com', 'chacha20-poly1305@openssh.com', 'aes128-cbc', '3des-cbc', 'blowfish-cbc', 'cast128-cbc', 'aes192-cbc', 'aes256-cbc', 'arcfour', 'rijndael-cbc@lysator.liu.se'] server encrypt:['aes128-ctr', 'aes192-ctr', 'aes256-ctr', 'arcfour256', 'arcfour128', 'aes128-gcm@openssh.com', 'aes256-gcm@openssh.com', 'chacha20-poly1305@openssh.com', 'aes128-cbc', '3des-cbc', 'blowfish-cbc', 'cast128-cbc', 'aes192-cbc', 'aes256-cbc', 'arcfour', 'rijndael-cbc@lysator.liu.se'] client mac:['hmac-md5-etm@openssh.com', 'hmac-sha1-etm@openssh.com', 'umac-64-etm@openssh.com', 'umac-128-etm@openssh.com', 'hmac-sha2-256-etm@openssh.com', 'hmac-sha2-512-etm@openssh.com', 'hmac-ripemd160-etm@openssh.com', 'hmac-sha1-96-etm@openssh.com', 'hmac-md5-96-etm@openssh.com', 'hmac-md5', 'hmac-sha1', 'umac-64@openssh.com', 'umac-128@openssh.com', 'hmac-sha2-256', 'hmac-sha2-512', 'hmac-ripemd160', 'hmac-ripemd160@openssh.com', 'hmac-sha1-96', 'hmac-md5-96'] server mac:['hmac-md5-etm@openssh.com', 'hmac-sha1-etm@openssh.com', 'umac-64-etm@openssh.com', 'umac-128-etm@openssh.com', 'hmac-sha2-256-etm@openssh.com', 'hmac-sha2-512-etm@openssh.com', 'hmac-ripemd160-etm@openssh.com', 'hmac-sha1-96-etm@openssh.com', 'hmac-md5-96-etm@openssh.com', 'hmac-md5', 'hmac-sha1', 'umac-64@openssh.com', 'umac-128@openssh.com', 'hmac-sha2-256', 'hmac-sha2-512', 'hmac-ripemd160', 'hmac-ripemd160@openssh.com', 'hmac-sha1-96', 'hmac-md5-96'] client compress:['none', 'zlib@openssh.com'] server compress:['none', 'zlib@openssh.com'] client lang:[''] server lang:[''] kex follows?False
DEB [20180410-22:08:35.983] thr=1   paramiko.transport: Kex agreed: ecdh-sha2-nistp256
DEB [20180410-22:08:35.998] thr=1   paramiko.transport: HostKey agreed: ssh-ed25519
DEB [20180410-22:08:35.998] thr=1   paramiko.transport: Cipher agreed: aes128-ctr
DEB [20180410-22:08:35.998] thr=1   paramiko.transport: MAC agreed: hmac-sha2-256
DEB [20180410-22:08:35.998] thr=1   paramiko.transport: Compression agreed: none
DEB [20180410-22:08:36.045] thr=1   paramiko.transport: kex engine KexNistp256 specified hash_algo <built-in function openssl_sha256>
DEB [20180410-22:08:36.045] thr=1   paramiko.transport: Switch to new keys ...
DEB [20180410-22:08:36.092] thr=1   paramiko.transport: userauth is OK
INF [20180410-22:08:36.123] thr=1   paramiko.transport: Authentication (password) successful!
DEB [20180410-22:08:36.123] thr=2   paramiko.transport: [chan 0] Max packet in: 32768 bytes
DEB [20180410-22:08:36.280] thr=1   paramiko.transport: [chan 0] Max packet out: 32768 bytes
DEB [20180410-22:08:36.280] thr=1   paramiko.transport: Secsh channel 0 opened.
DEB [20180410-22:08:36.280] thr=1   paramiko.transport: [chan 0] Sesch channel 0 request ok
DEB [20180410-22:08:36.280] thr=1   paramiko.transport: [chan 0] Sesch channel 0 request ok
DEB [20180410-22:09:24.912] thr=2   paramiko.transport: [chan 0] EOF sent (0)
DEB [20180410-22:09:24.912] thr=1   paramiko.transport: EOF in transport thread
DEB [20180410-22:09:29.319] thr=3   paramiko.transport: starting thread (client mode): 0x6e3e2668
DEB [20180410-22:09:29.319] thr=3   paramiko.transport: Local version/idstring: SSH-2.0-paramiko_2.4.0
DEB [20180410-22:09:29.351] thr=3   paramiko.transport: Remote version/idstring: SSH-2.0-OpenSSH_6.6.1
INF [20180410-22:09:29.351] thr=3   paramiko.transport: Connected (version 2.0, client OpenSSH_6.6.1)
DEB [20180410-22:09:29.362] thr=3   paramiko.transport: kex algos:['curve25519-sha256@libssh.org', 'ecdh-sha2-nistp256', 'ecdh-sha2-nistp384', 'ecdh-sha2-nistp521', 'diffie-hellman-group-exchange-sha256', 'diffie-hellman-group-exchange-sha1', 'diffie-hellman-group14-sha1', 'diffie-hellman-group1-sha1'] server key:['ssh-rsa', 'ecdsa-sha2-nistp256', 'ssh-ed25519'] client encrypt:['aes128-ctr', 'aes192-ctr', 'aes256-ctr', 'arcfour256', 'arcfour128', 'aes128-gcm@openssh.com', 'aes256-gcm@openssh.com', 'chacha20-poly1305@openssh.com', 'aes128-cbc', '3des-cbc', 'blowfish-cbc', 'cast128-cbc', 'aes192-cbc', 'aes256-cbc', 'arcfour', 'rijndael-cbc@lysator.liu.se'] server encrypt:['aes128-ctr', 'aes192-ctr', 'aes256-ctr', 'arcfour256', 'arcfour128', 'aes128-gcm@openssh.com', 'aes256-gcm@openssh.com', 'chacha20-poly1305@openssh.com', 'aes128-cbc', '3des-cbc', 'blowfish-cbc', 'cast128-cbc', 'aes192-cbc', 'aes256-cbc', 'arcfour', 'rijndael-cbc@lysator.liu.se'] client mac:['hmac-md5-etm@openssh.com', 'hmac-sha1-etm@openssh.com', 'umac-64-etm@openssh.com', 'umac-128-etm@openssh.com', 'hmac-sha2-256-etm@openssh.com', 'hmac-sha2-512-etm@openssh.com', 'hmac-ripemd160-etm@openssh.com', 'hmac-sha1-96-etm@openssh.com', 'hmac-md5-96-etm@openssh.com', 'hmac-md5', 'hmac-sha1', 'umac-64@openssh.com', 'umac-128@openssh.com', 'hmac-sha2-256', 'hmac-sha2-512', 'hmac-ripemd160', 'hmac-ripemd160@openssh.com', 'hmac-sha1-96', 'hmac-md5-96'] server mac:['hmac-md5-etm@openssh.com', 'hmac-sha1-etm@openssh.com', 'umac-64-etm@openssh.com', 'umac-128-etm@openssh.com', 'hmac-sha2-256-etm@openssh.com', 'hmac-sha2-512-etm@openssh.com', 'hmac-ripemd160-etm@openssh.com', 'hmac-sha1-96-etm@openssh.com', 'hmac-md5-96-etm@openssh.com', 'hmac-md5', 'hmac-sha1', 'umac-64@openssh.com', 'umac-128@openssh.com', 'hmac-sha2-256', 'hmac-sha2-512', 'hmac-ripemd160', 'hmac-ripemd160@openssh.com', 'hmac-sha1-96', 'hmac-md5-96'] client compress:['none', 'zlib@openssh.com'] server compress:['none', 'zlib@openssh.com'] client lang:[''] server lang:[''] kex follows?False
DEB [20180410-22:09:29.362] thr=3   paramiko.transport: Kex agreed: ecdh-sha2-nistp256
DEB [20180410-22:09:29.362] thr=3   paramiko.transport: HostKey agreed: ssh-ed25519
DEB [20180410-22:09:29.362] thr=3   paramiko.transport: Cipher agreed: aes128-ctr
DEB [20180410-22:09:29.362] thr=3   paramiko.transport: MAC agreed: hmac-sha2-256
DEB [20180410-22:09:29.362] thr=3   paramiko.transport: Compression agreed: none
DEB [20180410-22:09:29.370] thr=3   paramiko.transport: kex engine KexNistp256 specified hash_algo <built-in function openssl_sha256>
DEB [20180410-22:09:29.370] thr=3   paramiko.transport: Switch to new keys ...
DEB [20180410-22:09:29.413] thr=3   paramiko.transport: userauth is OK
INF [20180410-22:09:29.448] thr=3   paramiko.transport: Authentication (password) successful!
DEB [20180410-22:09:29.452] thr=2   paramiko.transport: [chan 0] Max packet in: 32768 bytes
DEB [20180410-22:09:29.597] thr=3   paramiko.transport: [chan 0] Max packet out: 32768 bytes
DEB [20180410-22:09:29.597] thr=3   paramiko.transport: Secsh channel 0 opened.
DEB [20180410-22:09:29.601] thr=3   paramiko.transport: [chan 0] Sesch channel 0 request ok
DEB [20180410-22:09:29.604] thr=3   paramiko.transport: [chan 0] Sesch channel 0 request ok
DEB [20180410-22:10:33.352] thr=1   paramiko.transport: starting thread (client mode): 0x31480e48
DEB [20180410-22:10:33.368] thr=1   paramiko.transport: Local version/idstring: SSH-2.0-paramiko_2.4.0
DEB [20180410-22:10:33.399] thr=1   paramiko.transport: Remote version/idstring: SSH-2.0-OpenSSH_6.6.1
INF [20180410-22:10:33.399] thr=1   paramiko.transport: Connected (version 2.0, client OpenSSH_6.6.1)
DEB [20180410-22:10:33.399] thr=1   paramiko.transport: kex algos:['curve25519-sha256@libssh.org', 'ecdh-sha2-nistp256', 'ecdh-sha2-nistp384', 'ecdh-sha2-nistp521', 'diffie-hellman-group-exchange-sha256', 'diffie-hellman-group-exchange-sha1', 'diffie-hellman-group14-sha1', 'diffie-hellman-group1-sha1'] server key:['ssh-rsa', 'ecdsa-sha2-nistp256', 'ssh-ed25519'] client encrypt:['aes128-ctr', 'aes192-ctr', 'aes256-ctr', 'arcfour256', 'arcfour128', 'aes128-gcm@openssh.com', 'aes256-gcm@openssh.com', 'chacha20-poly1305@openssh.com', 'aes128-cbc', '3des-cbc', 'blowfish-cbc', 'cast128-cbc', 'aes192-cbc', 'aes256-cbc', 'arcfour', 'rijndael-cbc@lysator.liu.se'] server encrypt:['aes128-ctr', 'aes192-ctr', 'aes256-ctr', 'arcfour256', 'arcfour128', 'aes128-gcm@openssh.com', 'aes256-gcm@openssh.com', 'chacha20-poly1305@openssh.com', 'aes128-cbc', '3des-cbc', 'blowfish-cbc', 'cast128-cbc', 'aes192-cbc', 'aes256-cbc', 'arcfour', 'rijndael-cbc@lysator.liu.se'] client mac:['hmac-md5-etm@openssh.com', 'hmac-sha1-etm@openssh.com', 'umac-64-etm@openssh.com', 'umac-128-etm@openssh.com', 'hmac-sha2-256-etm@openssh.com', 'hmac-sha2-512-etm@openssh.com', 'hmac-ripemd160-etm@openssh.com', 'hmac-sha1-96-etm@openssh.com', 'hmac-md5-96-etm@openssh.com', 'hmac-md5', 'hmac-sha1', 'umac-64@openssh.com', 'umac-128@openssh.com', 'hmac-sha2-256', 'hmac-sha2-512', 'hmac-ripemd160', 'hmac-ripemd160@openssh.com', 'hmac-sha1-96', 'hmac-md5-96'] server mac:['hmac-md5-etm@openssh.com', 'hmac-sha1-etm@openssh.com', 'umac-64-etm@openssh.com', 'umac-128-etm@openssh.com', 'hmac-sha2-256-etm@openssh.com', 'hmac-sha2-512-etm@openssh.com', 'hmac-ripemd160-etm@openssh.com', 'hmac-sha1-96-etm@openssh.com', 'hmac-md5-96-etm@openssh.com', 'hmac-md5', 'hmac-sha1', 'umac-64@openssh.com', 'umac-128@openssh.com', 'hmac-sha2-256', 'hmac-sha2-512', 'hmac-ripemd160', 'hmac-ripemd160@openssh.com', 'hmac-sha1-96', 'hmac-md5-96'] client compress:['none', 'zlib@openssh.com'] server compress:['none', 'zlib@openssh.com'] client lang:[''] server lang:[''] kex follows?False
DEB [20180410-22:10:33.399] thr=1   paramiko.transport: Kex agreed: ecdh-sha2-nistp256
DEB [20180410-22:10:33.399] thr=1   paramiko.transport: HostKey agreed: ssh-ed25519
DEB [20180410-22:10:33.399] thr=1   paramiko.transport: Cipher agreed: aes128-ctr
DEB [20180410-22:10:33.399] thr=1   paramiko.transport: MAC agreed: hmac-sha2-256
DEB [20180410-22:10:33.399] thr=1   paramiko.transport: Compression agreed: none
DEB [20180410-22:10:33.446] thr=1   paramiko.transport: kex engine KexNistp256 specified hash_algo <built-in function openssl_sha256>
DEB [20180410-22:10:33.446] thr=1   paramiko.transport: Switch to new keys ...
DEB [20180410-22:10:33.508] thr=1   paramiko.transport: userauth is OK
INF [20180410-22:10:33.571] thr=1   paramiko.transport: Authentication (password) successful!
DEB [20180410-22:10:33.571] thr=2   paramiko.transport: [chan 0] Max packet in: 32768 bytes
DEB [20180410-22:10:33.766] thr=1   paramiko.transport: [chan 0] Max packet out: 32768 bytes
DEB [20180410-22:10:33.766] thr=1   paramiko.transport: Secsh channel 0 opened.
DEB [20180410-22:10:33.766] thr=1   paramiko.transport: [chan 0] Sesch channel 0 request ok
DEB [20180410-22:10:33.766] thr=1   paramiko.transport: [chan 0] Sesch channel 0 request ok
DEB [20180410-22:13:19.172] thr=1   paramiko.transport: starting thread (client mode): 0x71c02e48
DEB [20180410-22:13:19.172] thr=1   paramiko.transport: Local version/idstring: SSH-2.0-paramiko_2.4.0
DEB [20180410-22:13:19.188] thr=1   paramiko.transport: Remote version/idstring: SSH-2.0-OpenSSH_6.6.1
INF [20180410-22:13:19.188] thr=1   paramiko.transport: Connected (version 2.0, client OpenSSH_6.6.1)
DEB [20180410-22:13:19.188] thr=1   paramiko.transport: kex algos:['curve25519-sha256@libssh.org', 'ecdh-sha2-nistp256', 'ecdh-sha2-nistp384', 'ecdh-sha2-nistp521', 'diffie-hellman-group-exchange-sha256', 'diffie-hellman-group-exchange-sha1', 'diffie-hellman-group14-sha1', 'diffie-hellman-group1-sha1'] server key:['ssh-rsa', 'ecdsa-sha2-nistp256', 'ssh-ed25519'] client encrypt:['aes128-ctr', 'aes192-ctr', 'aes256-ctr', 'arcfour256', 'arcfour128', 'aes128-gcm@openssh.com', 'aes256-gcm@openssh.com', 'chacha20-poly1305@openssh.com', 'aes128-cbc', '3des-cbc', 'blowfish-cbc', 'cast128-cbc', 'aes192-cbc', 'aes256-cbc', 'arcfour', 'rijndael-cbc@lysator.liu.se'] server encrypt:['aes128-ctr', 'aes192-ctr', 'aes256-ctr', 'arcfour256', 'arcfour128', 'aes128-gcm@openssh.com', 'aes256-gcm@openssh.com', 'chacha20-poly1305@openssh.com', 'aes128-cbc', '3des-cbc', 'blowfish-cbc', 'cast128-cbc', 'aes192-cbc', 'aes256-cbc', 'arcfour', 'rijndael-cbc@lysator.liu.se'] client mac:['hmac-md5-etm@openssh.com', 'hmac-sha1-etm@openssh.com', 'umac-64-etm@openssh.com', 'umac-128-etm@openssh.com', 'hmac-sha2-256-etm@openssh.com', 'hmac-sha2-512-etm@openssh.com', 'hmac-ripemd160-etm@openssh.com', 'hmac-sha1-96-etm@openssh.com', 'hmac-md5-96-etm@openssh.com', 'hmac-md5', 'hmac-sha1', 'umac-64@openssh.com', 'umac-128@openssh.com', 'hmac-sha2-256', 'hmac-sha2-512', 'hmac-ripemd160', 'hmac-ripemd160@openssh.com', 'hmac-sha1-96', 'hmac-md5-96'] server mac:['hmac-md5-etm@openssh.com', 'hmac-sha1-etm@openssh.com', 'umac-64-etm@openssh.com', 'umac-128-etm@openssh.com', 'hmac-sha2-256-etm@openssh.com', 'hmac-sha2-512-etm@openssh.com', 'hmac-ripemd160-etm@openssh.com', 'hmac-sha1-96-etm@openssh.com', 'hmac-md5-96-etm@openssh.com', 'hmac-md5', 'hmac-sha1', 'umac-64@openssh.com', 'umac-128@openssh.com', 'hmac-sha2-256', 'hmac-sha2-512', 'hmac-ripemd160', 'hmac-ripemd160@openssh.com', 'hmac-sha1-96', 'hmac-md5-96'] client compress:['none', 'zlib@openssh.com'] server compress:['none', 'zlib@openssh.com'] client lang:[''] server lang:[''] kex follows?False
DEB [20180410-22:13:19.188] thr=1   paramiko.transport: Kex agreed: ecdh-sha2-nistp256
DEB [20180410-22:13:19.188] thr=1   paramiko.transport: HostKey agreed: ssh-ed25519
DEB [20180410-22:13:19.188] thr=1   paramiko.transport: Cipher agreed: aes128-ctr
DEB [20180410-22:13:19.204] thr=1   paramiko.transport: MAC agreed: hmac-sha2-256
DEB [20180410-22:13:19.204] thr=1   paramiko.transport: Compression agreed: none
DEB [20180410-22:13:19.250] thr=1   paramiko.transport: kex engine KexNistp256 specified hash_algo <built-in function openssl_sha256>
DEB [20180410-22:13:19.250] thr=1   paramiko.transport: Switch to new keys ...
DEB [20180410-22:13:19.297] thr=1   paramiko.transport: userauth is OK
INF [20180410-22:13:19.454] thr=1   paramiko.transport: Authentication (password) successful!
DEB [20180410-22:13:19.454] thr=2   paramiko.transport: [chan 0] Max packet in: 32768 bytes
DEB [20180410-22:13:19.610] thr=1   paramiko.transport: [chan 0] Max packet out: 32768 bytes
DEB [20180410-22:13:19.610] thr=1   paramiko.transport: Secsh channel 0 opened.
DEB [20180410-22:13:19.610] thr=1   paramiko.transport: [chan 0] Sesch channel 0 request ok
DEB [20180410-22:13:19.610] thr=1   paramiko.transport: [chan 0] Sesch channel 0 request ok
DEB [20180410-22:16:32.663] thr=1   paramiko.transport: starting thread (client mode): 0x6bf00e48
DEB [20180410-22:16:32.663] thr=1   paramiko.transport: Local version/idstring: SSH-2.0-paramiko_2.4.0
DEB [20180410-22:16:32.682] thr=1   paramiko.transport: Remote version/idstring: SSH-2.0-OpenSSH_6.6.1
INF [20180410-22:16:32.682] thr=1   paramiko.transport: Connected (version 2.0, client OpenSSH_6.6.1)
DEB [20180410-22:16:32.686] thr=1   paramiko.transport: kex algos:['curve25519-sha256@libssh.org', 'ecdh-sha2-nistp256', 'ecdh-sha2-nistp384', 'ecdh-sha2-nistp521', 'diffie-hellman-group-exchange-sha256', 'diffie-hellman-group-exchange-sha1', 'diffie-hellman-group14-sha1', 'diffie-hellman-group1-sha1'] server key:['ssh-rsa', 'ecdsa-sha2-nistp256', 'ssh-ed25519'] client encrypt:['aes128-ctr', 'aes192-ctr', 'aes256-ctr', 'arcfour256', 'arcfour128', 'aes128-gcm@openssh.com', 'aes256-gcm@openssh.com', 'chacha20-poly1305@openssh.com', 'aes128-cbc', '3des-cbc', 'blowfish-cbc', 'cast128-cbc', 'aes192-cbc', 'aes256-cbc', 'arcfour', 'rijndael-cbc@lysator.liu.se'] server encrypt:['aes128-ctr', 'aes192-ctr', 'aes256-ctr', 'arcfour256', 'arcfour128', 'aes128-gcm@openssh.com', 'aes256-gcm@openssh.com', 'chacha20-poly1305@openssh.com', 'aes128-cbc', '3des-cbc', 'blowfish-cbc', 'cast128-cbc', 'aes192-cbc', 'aes256-cbc', 'arcfour', 'rijndael-cbc@lysator.liu.se'] client mac:['hmac-md5-etm@openssh.com', 'hmac-sha1-etm@openssh.com', 'umac-64-etm@openssh.com', 'umac-128-etm@openssh.com', 'hmac-sha2-256-etm@openssh.com', 'hmac-sha2-512-etm@openssh.com', 'hmac-ripemd160-etm@openssh.com', 'hmac-sha1-96-etm@openssh.com', 'hmac-md5-96-etm@openssh.com', 'hmac-md5', 'hmac-sha1', 'umac-64@openssh.com', 'umac-128@openssh.com', 'hmac-sha2-256', 'hmac-sha2-512', 'hmac-ripemd160', 'hmac-ripemd160@openssh.com', 'hmac-sha1-96', 'hmac-md5-96'] server mac:['hmac-md5-etm@openssh.com', 'hmac-sha1-etm@openssh.com', 'umac-64-etm@openssh.com', 'umac-128-etm@openssh.com', 'hmac-sha2-256-etm@openssh.com', 'hmac-sha2-512-etm@openssh.com', 'hmac-ripemd160-etm@openssh.com', 'hmac-sha1-96-etm@openssh.com', 'hmac-md5-96-etm@openssh.com', 'hmac-md5', 'hmac-sha1', 'umac-64@openssh.com', 'umac-128@openssh.com', 'hmac-sha2-256', 'hmac-sha2-512', 'hmac-ripemd160', 'hmac-ripemd160@openssh.com', 'hmac-sha1-96', 'hmac-md5-96'] client compress:['none', 'zlib@openssh.com'] server compress:['none', 'zlib@openssh.com'] client lang:[''] server lang:[''] kex follows?False
DEB [20180410-22:16:32.686] thr=1   paramiko.transport: Kex agreed: ecdh-sha2-nistp256
DEB [20180410-22:16:32.686] thr=1   paramiko.transport: HostKey agreed: ssh-ed25519
DEB [20180410-22:16:32.686] thr=1   paramiko.transport: Cipher agreed: aes128-ctr
DEB [20180410-22:16:32.686] thr=1   paramiko.transport: MAC agreed: hmac-sha2-256
DEB [20180410-22:16:32.686] thr=1   paramiko.transport: Compression agreed: none
DEB [20180410-22:16:32.733] thr=1   paramiko.transport: kex engine KexNistp256 specified hash_algo <built-in function openssl_sha256>
DEB [20180410-22:16:32.733] thr=1   paramiko.transport: Switch to new keys ...
DEB [20180410-22:16:32.776] thr=1   paramiko.transport: userauth is OK
INF [20180410-22:16:32.854] thr=1   paramiko.transport: Authentication (password) successful!
DEB [20180410-22:16:32.854] thr=2   paramiko.transport: [chan 0] Max packet in: 32768 bytes
DEB [20180410-22:16:33.003] thr=1   paramiko.transport: [chan 0] Max packet out: 32768 bytes
DEB [20180410-22:16:33.003] thr=1   paramiko.transport: Secsh channel 0 opened.
DEB [20180410-22:16:33.011] thr=1   paramiko.transport: [chan 0] Sesch channel 0 request ok
DEB [20180410-22:16:33.011] thr=1   paramiko.transport: [chan 0] Sesch channel 0 request ok
DEB [20180410-22:16:40.680] thr=2   paramiko.transport: [chan 0] EOF sent (0)
DEB [20180410-22:16:40.680] thr=1   paramiko.transport: EOF in transport thread
DEB [20180410-22:18:43.363] thr=1   paramiko.transport: starting thread (client mode): 0x287c2e48
DEB [20180410-22:18:43.363] thr=1   paramiko.transport: Local version/idstring: SSH-2.0-paramiko_2.4.0
DEB [20180410-22:18:43.379] thr=1   paramiko.transport: Remote version/idstring: SSH-2.0-OpenSSH_6.6.1
INF [20180410-22:18:43.379] thr=1   paramiko.transport: Connected (version 2.0, client OpenSSH_6.6.1)
DEB [20180410-22:18:43.379] thr=1   paramiko.transport: kex algos:['curve25519-sha256@libssh.org', 'ecdh-sha2-nistp256', 'ecdh-sha2-nistp384', 'ecdh-sha2-nistp521', 'diffie-hellman-group-exchange-sha256', 'diffie-hellman-group-exchange-sha1', 'diffie-hellman-group14-sha1', 'diffie-hellman-group1-sha1'] server key:['ssh-rsa', 'ecdsa-sha2-nistp256', 'ssh-ed25519'] client encrypt:['aes128-ctr', 'aes192-ctr', 'aes256-ctr', 'arcfour256', 'arcfour128', 'aes128-gcm@openssh.com', 'aes256-gcm@openssh.com', 'chacha20-poly1305@openssh.com', 'aes128-cbc', '3des-cbc', 'blowfish-cbc', 'cast128-cbc', 'aes192-cbc', 'aes256-cbc', 'arcfour', 'rijndael-cbc@lysator.liu.se'] server encrypt:['aes128-ctr', 'aes192-ctr', 'aes256-ctr', 'arcfour256', 'arcfour128', 'aes128-gcm@openssh.com', 'aes256-gcm@openssh.com', 'chacha20-poly1305@openssh.com', 'aes128-cbc', '3des-cbc', 'blowfish-cbc', 'cast128-cbc', 'aes192-cbc', 'aes256-cbc', 'arcfour', 'rijndael-cbc@lysator.liu.se'] client mac:['hmac-md5-etm@openssh.com', 'hmac-sha1-etm@openssh.com', 'umac-64-etm@openssh.com', 'umac-128-etm@openssh.com', 'hmac-sha2-256-etm@openssh.com', 'hmac-sha2-512-etm@openssh.com', 'hmac-ripemd160-etm@openssh.com', 'hmac-sha1-96-etm@openssh.com', 'hmac-md5-96-etm@openssh.com', 'hmac-md5', 'hmac-sha1', 'umac-64@openssh.com', 'umac-128@openssh.com', 'hmac-sha2-256', 'hmac-sha2-512', 'hmac-ripemd160', 'hmac-ripemd160@openssh.com', 'hmac-sha1-96', 'hmac-md5-96'] server mac:['hmac-md5-etm@openssh.com', 'hmac-sha1-etm@openssh.com', 'umac-64-etm@openssh.com', 'umac-128-etm@openssh.com', 'hmac-sha2-256-etm@openssh.com', 'hmac-sha2-512-etm@openssh.com', 'hmac-ripemd160-etm@openssh.com', 'hmac-sha1-96-etm@openssh.com', 'hmac-md5-96-etm@openssh.com', 'hmac-md5', 'hmac-sha1', 'umac-64@openssh.com', 'umac-128@openssh.com', 'hmac-sha2-256', 'hmac-sha2-512', 'hmac-ripemd160', 'hmac-ripemd160@openssh.com', 'hmac-sha1-96', 'hmac-md5-96'] client compress:['none', 'zlib@openssh.com'] server compress:['none', 'zlib@openssh.com'] client lang:[''] server lang:[''] kex follows?False
DEB [20180410-22:18:43.379] thr=1   paramiko.transport: Kex agreed: ecdh-sha2-nistp256
DEB [20180410-22:18:43.379] thr=1   paramiko.transport: HostKey agreed: ssh-ed25519
DEB [20180410-22:18:43.379] thr=1   paramiko.transport: Cipher agreed: aes128-ctr
DEB [20180410-22:18:43.379] thr=1   paramiko.transport: MAC agreed: hmac-sha2-256
DEB [20180410-22:18:43.379] thr=1   paramiko.transport: Compression agreed: none
DEB [20180410-22:18:43.442] thr=1   paramiko.transport: kex engine KexNistp256 specified hash_algo <built-in function openssl_sha256>
DEB [20180410-22:18:43.442] thr=1   paramiko.transport: Switch to new keys ...
DEB [20180410-22:18:43.504] thr=1   paramiko.transport: userauth is OK
INF [20180410-22:18:43.660] thr=1   paramiko.transport: Authentication (password) successful!
DEB [20180410-22:18:43.660] thr=2   paramiko.transport: [chan 0] Max packet in: 32768 bytes
DEB [20180410-22:18:43.824] thr=1   paramiko.transport: [chan 0] Max packet out: 32768 bytes
DEB [20180410-22:18:43.824] thr=1   paramiko.transport: Secsh channel 0 opened.
DEB [20180410-22:18:43.824] thr=1   paramiko.transport: [chan 0] Sesch channel 0 request ok
DEB [20180410-22:18:43.840] thr=1   paramiko.transport: [chan 0] Sesch channel 0 request ok
DEB [20180410-22:18:51.418] thr=2   paramiko.transport: [chan 0] EOF sent (0)
DEB [20180410-22:18:51.418] thr=1   paramiko.transport: EOF in transport thread
DEB [20180410-22:20:54.112] thr=1   paramiko.transport: starting thread (client mode): 0xdc583d68
DEB [20180410-22:20:54.112] thr=1   paramiko.transport: Local version/idstring: SSH-2.0-paramiko_2.4.0
DEB [20180410-22:20:54.143] thr=1   paramiko.transport: Remote version/idstring: SSH-2.0-OpenSSH_6.6.1
INF [20180410-22:20:54.143] thr=1   paramiko.transport: Connected (version 2.0, client OpenSSH_6.6.1)
DEB [20180410-22:20:54.143] thr=1   paramiko.transport: kex algos:['curve25519-sha256@libssh.org', 'ecdh-sha2-nistp256', 'ecdh-sha2-nistp384', 'ecdh-sha2-nistp521', 'diffie-hellman-group-exchange-sha256', 'diffie-hellman-group-exchange-sha1', 'diffie-hellman-group14-sha1', 'diffie-hellman-group1-sha1'] server key:['ssh-rsa', 'ecdsa-sha2-nistp256', 'ssh-ed25519'] client encrypt:['aes128-ctr', 'aes192-ctr', 'aes256-ctr', 'arcfour256', 'arcfour128', 'aes128-gcm@openssh.com', 'aes256-gcm@openssh.com', 'chacha20-poly1305@openssh.com', 'aes128-cbc', '3des-cbc', 'blowfish-cbc', 'cast128-cbc', 'aes192-cbc', 'aes256-cbc', 'arcfour', 'rijndael-cbc@lysator.liu.se'] server encrypt:['aes128-ctr', 'aes192-ctr', 'aes256-ctr', 'arcfour256', 'arcfour128', 'aes128-gcm@openssh.com', 'aes256-gcm@openssh.com', 'chacha20-poly1305@openssh.com', 'aes128-cbc', '3des-cbc', 'blowfish-cbc', 'cast128-cbc', 'aes192-cbc', 'aes256-cbc', 'arcfour', 'rijndael-cbc@lysator.liu.se'] client mac:['hmac-md5-etm@openssh.com', 'hmac-sha1-etm@openssh.com', 'umac-64-etm@openssh.com', 'umac-128-etm@openssh.com', 'hmac-sha2-256-etm@openssh.com', 'hmac-sha2-512-etm@openssh.com', 'hmac-ripemd160-etm@openssh.com', 'hmac-sha1-96-etm@openssh.com', 'hmac-md5-96-etm@openssh.com', 'hmac-md5', 'hmac-sha1', 'umac-64@openssh.com', 'umac-128@openssh.com', 'hmac-sha2-256', 'hmac-sha2-512', 'hmac-ripemd160', 'hmac-ripemd160@openssh.com', 'hmac-sha1-96', 'hmac-md5-96'] server mac:['hmac-md5-etm@openssh.com', 'hmac-sha1-etm@openssh.com', 'umac-64-etm@openssh.com', 'umac-128-etm@openssh.com', 'hmac-sha2-256-etm@openssh.com', 'hmac-sha2-512-etm@openssh.com', 'hmac-ripemd160-etm@openssh.com', 'hmac-sha1-96-etm@openssh.com', 'hmac-md5-96-etm@openssh.com', 'hmac-md5', 'hmac-sha1', 'umac-64@openssh.com', 'umac-128@openssh.com', 'hmac-sha2-256', 'hmac-sha2-512', 'hmac-ripemd160', 'hmac-ripemd160@openssh.com', 'hmac-sha1-96', 'hmac-md5-96'] client compress:['none', 'zlib@openssh.com'] server compress:['none', 'zlib@openssh.com'] client lang:[''] server lang:[''] kex follows?False
DEB [20180410-22:20:54.143] thr=1   paramiko.transport: Kex agreed: ecdh-sha2-nistp256
DEB [20180410-22:20:54.143] thr=1   paramiko.transport: HostKey agreed: ssh-ed25519
DEB [20180410-22:20:54.143] thr=1   paramiko.transport: Cipher agreed: aes128-ctr
DEB [20180410-22:20:54.143] thr=1   paramiko.transport: MAC agreed: hmac-sha2-256
DEB [20180410-22:20:54.143] thr=1   paramiko.transport: Compression agreed: none
DEB [20180410-22:20:54.206] thr=1   paramiko.transport: kex engine KexNistp256 specified hash_algo <built-in function openssl_sha256>
DEB [20180410-22:20:54.206] thr=1   paramiko.transport: Switch to new keys ...
DEB [20180410-22:20:54.253] thr=1   paramiko.transport: userauth is OK
INF [20180410-22:20:54.299] thr=1   paramiko.transport: Authentication (password) successful!
DEB [20180410-22:20:54.299] thr=2   paramiko.transport: [chan 0] Max packet in: 32768 bytes
DEB [20180410-22:20:54.456] thr=1   paramiko.transport: [chan 0] Max packet out: 32768 bytes
DEB [20180410-22:20:54.456] thr=1   paramiko.transport: Secsh channel 0 opened.
DEB [20180410-22:20:54.456] thr=1   paramiko.transport: [chan 0] Sesch channel 0 request ok
DEB [20180410-22:20:54.471] thr=1   paramiko.transport: [chan 0] Sesch channel 0 request ok
DEB [20180410-22:21:07.647] thr=2   paramiko.transport: [chan 0] EOF sent (0)
DEB [20180410-22:21:07.651] thr=1   paramiko.transport: EOF in transport thread
DEB [20180410-22:22:02.679] thr=1   paramiko.transport: starting thread (client mode): 0x3f360e10
DEB [20180410-22:22:02.679] thr=1   paramiko.transport: Local version/idstring: SSH-2.0-paramiko_2.4.0
DEB [20180410-22:22:02.695] thr=1   paramiko.transport: Remote version/idstring: SSH-2.0-OpenSSH_6.6.1
INF [20180410-22:22:02.695] thr=1   paramiko.transport: Connected (version 2.0, client OpenSSH_6.6.1)
DEB [20180410-22:22:02.695] thr=1   paramiko.transport: kex algos:['curve25519-sha256@libssh.org', 'ecdh-sha2-nistp256', 'ecdh-sha2-nistp384', 'ecdh-sha2-nistp521', 'diffie-hellman-group-exchange-sha256', 'diffie-hellman-group-exchange-sha1', 'diffie-hellman-group14-sha1', 'diffie-hellman-group1-sha1'] server key:['ssh-rsa', 'ecdsa-sha2-nistp256', 'ssh-ed25519'] client encrypt:['aes128-ctr', 'aes192-ctr', 'aes256-ctr', 'arcfour256', 'arcfour128', 'aes128-gcm@openssh.com', 'aes256-gcm@openssh.com', 'chacha20-poly1305@openssh.com', 'aes128-cbc', '3des-cbc', 'blowfish-cbc', 'cast128-cbc', 'aes192-cbc', 'aes256-cbc', 'arcfour', 'rijndael-cbc@lysator.liu.se'] server encrypt:['aes128-ctr', 'aes192-ctr', 'aes256-ctr', 'arcfour256', 'arcfour128', 'aes128-gcm@openssh.com', 'aes256-gcm@openssh.com', 'chacha20-poly1305@openssh.com', 'aes128-cbc', '3des-cbc', 'blowfish-cbc', 'cast128-cbc', 'aes192-cbc', 'aes256-cbc', 'arcfour', 'rijndael-cbc@lysator.liu.se'] client mac:['hmac-md5-etm@openssh.com', 'hmac-sha1-etm@openssh.com', 'umac-64-etm@openssh.com', 'umac-128-etm@openssh.com', 'hmac-sha2-256-etm@openssh.com', 'hmac-sha2-512-etm@openssh.com', 'hmac-ripemd160-etm@openssh.com', 'hmac-sha1-96-etm@openssh.com', 'hmac-md5-96-etm@openssh.com', 'hmac-md5', 'hmac-sha1', 'umac-64@openssh.com', 'umac-128@openssh.com', 'hmac-sha2-256', 'hmac-sha2-512', 'hmac-ripemd160', 'hmac-ripemd160@openssh.com', 'hmac-sha1-96', 'hmac-md5-96'] server mac:['hmac-md5-etm@openssh.com', 'hmac-sha1-etm@openssh.com', 'umac-64-etm@openssh.com', 'umac-128-etm@openssh.com', 'hmac-sha2-256-etm@openssh.com', 'hmac-sha2-512-etm@openssh.com', 'hmac-ripemd160-etm@openssh.com', 'hmac-sha1-96-etm@openssh.com', 'hmac-md5-96-etm@openssh.com', 'hmac-md5', 'hmac-sha1', 'umac-64@openssh.com', 'umac-128@openssh.com', 'hmac-sha2-256', 'hmac-sha2-512', 'hmac-ripemd160', 'hmac-ripemd160@openssh.com', 'hmac-sha1-96', 'hmac-md5-96'] client compress:['none', 'zlib@openssh.com'] server compress:['none', 'zlib@openssh.com'] client lang:[''] server lang:[''] kex follows?False
DEB [20180410-22:22:02.695] thr=1   paramiko.transport: Kex agreed: ecdh-sha2-nistp256
DEB [20180410-22:22:02.695] thr=1   paramiko.transport: HostKey agreed: ssh-ed25519
DEB [20180410-22:22:02.695] thr=1   paramiko.transport: Cipher agreed: aes128-ctr
DEB [20180410-22:22:02.695] thr=1   paramiko.transport: MAC agreed: hmac-sha2-256
DEB [20180410-22:22:02.695] thr=1   paramiko.transport: Compression agreed: none
DEB [20180410-22:22:02.757] thr=1   paramiko.transport: kex engine KexNistp256 specified hash_algo <built-in function openssl_sha256>
DEB [20180410-22:22:02.757] thr=1   paramiko.transport: Switch to new keys ...
DEB [20180410-22:22:02.820] thr=1   paramiko.transport: userauth is OK
INF [20180410-22:22:02.867] thr=1   paramiko.transport: Authentication (password) successful!
DEB [20180410-22:22:02.867] thr=2   paramiko.transport: [chan 0] Max packet in: 32768 bytes
DEB [20180410-22:22:03.023] thr=1   paramiko.transport: [chan 0] Max packet out: 32768 bytes
DEB [20180410-22:22:03.023] thr=1   paramiko.transport: Secsh channel 0 opened.
DEB [20180410-22:22:03.038] thr=1   paramiko.transport: [chan 0] Sesch channel 0 request ok
DEB [20180410-22:22:03.038] thr=1   paramiko.transport: [chan 0] Sesch channel 0 request ok
DEB [20180410-22:22:18.138] thr=2   paramiko.transport: [chan 0] EOF sent (0)
DEB [20180410-22:22:18.138] thr=1   paramiko.transport: EOF in transport thread
DEB [20180410-22:23:37.621] thr=1   paramiko.transport: starting thread (client mode): 0x4d683e48
DEB [20180410-22:23:37.621] thr=1   paramiko.transport: Local version/idstring: SSH-2.0-paramiko_2.4.0
DEB [20180410-22:23:37.668] thr=1   paramiko.transport: Remote version/idstring: SSH-2.0-OpenSSH_6.6.1
INF [20180410-22:23:37.668] thr=1   paramiko.transport: Connected (version 2.0, client OpenSSH_6.6.1)
DEB [20180410-22:23:37.668] thr=1   paramiko.transport: kex algos:['curve25519-sha256@libssh.org', 'ecdh-sha2-nistp256', 'ecdh-sha2-nistp384', 'ecdh-sha2-nistp521', 'diffie-hellman-group-exchange-sha256', 'diffie-hellman-group-exchange-sha1', 'diffie-hellman-group14-sha1', 'diffie-hellman-group1-sha1'] server key:['ssh-rsa', 'ecdsa-sha2-nistp256', 'ssh-ed25519'] client encrypt:['aes128-ctr', 'aes192-ctr', 'aes256-ctr', 'arcfour256', 'arcfour128', 'aes128-gcm@openssh.com', 'aes256-gcm@openssh.com', 'chacha20-poly1305@openssh.com', 'aes128-cbc', '3des-cbc', 'blowfish-cbc', 'cast128-cbc', 'aes192-cbc', 'aes256-cbc', 'arcfour', 'rijndael-cbc@lysator.liu.se'] server encrypt:['aes128-ctr', 'aes192-ctr', 'aes256-ctr', 'arcfour256', 'arcfour128', 'aes128-gcm@openssh.com', 'aes256-gcm@openssh.com', 'chacha20-poly1305@openssh.com', 'aes128-cbc', '3des-cbc', 'blowfish-cbc', 'cast128-cbc', 'aes192-cbc', 'aes256-cbc', 'arcfour', 'rijndael-cbc@lysator.liu.se'] client mac:['hmac-md5-etm@openssh.com', 'hmac-sha1-etm@openssh.com', 'umac-64-etm@openssh.com', 'umac-128-etm@openssh.com', 'hmac-sha2-256-etm@openssh.com', 'hmac-sha2-512-etm@openssh.com', 'hmac-ripemd160-etm@openssh.com', 'hmac-sha1-96-etm@openssh.com', 'hmac-md5-96-etm@openssh.com', 'hmac-md5', 'hmac-sha1', 'umac-64@openssh.com', 'umac-128@openssh.com', 'hmac-sha2-256', 'hmac-sha2-512', 'hmac-ripemd160', 'hmac-ripemd160@openssh.com', 'hmac-sha1-96', 'hmac-md5-96'] server mac:['hmac-md5-etm@openssh.com', 'hmac-sha1-etm@openssh.com', 'umac-64-etm@openssh.com', 'umac-128-etm@openssh.com', 'hmac-sha2-256-etm@openssh.com', 'hmac-sha2-512-etm@openssh.com', 'hmac-ripemd160-etm@openssh.com', 'hmac-sha1-96-etm@openssh.com', 'hmac-md5-96-etm@openssh.com', 'hmac-md5', 'hmac-sha1', 'umac-64@openssh.com', 'umac-128@openssh.com', 'hmac-sha2-256', 'hmac-sha2-512', 'hmac-ripemd160', 'hmac-ripemd160@openssh.com', 'hmac-sha1-96', 'hmac-md5-96'] client compress:['none', 'zlib@openssh.com'] server compress:['none', 'zlib@openssh.com'] client lang:[''] server lang:[''] kex follows?False
DEB [20180410-22:23:37.668] thr=1   paramiko.transport: Kex agreed: ecdh-sha2-nistp256
DEB [20180410-22:23:37.668] thr=1   paramiko.transport: HostKey agreed: ssh-ed25519
DEB [20180410-22:23:37.668] thr=1   paramiko.transport: Cipher agreed: aes128-ctr
DEB [20180410-22:23:37.668] thr=1   paramiko.transport: MAC agreed: hmac-sha2-256
DEB [20180410-22:23:37.668] thr=1   paramiko.transport: Compression agreed: none
DEB [20180410-22:23:37.715] thr=1   paramiko.transport: kex engine KexNistp256 specified hash_algo <built-in function openssl_sha256>
DEB [20180410-22:23:37.715] thr=1   paramiko.transport: Switch to new keys ...
DEB [20180410-22:23:37.767] thr=1   paramiko.transport: userauth is OK
INF [20180410-22:23:37.814] thr=1   paramiko.transport: Authentication (password) successful!
DEB [20180410-22:23:37.814] thr=2   paramiko.transport: [chan 0] Max packet in: 32768 bytes
DEB [20180410-22:23:37.955] thr=1   paramiko.transport: [chan 0] Max packet out: 32768 bytes
DEB [20180410-22:23:37.955] thr=1   paramiko.transport: Secsh channel 0 opened.
DEB [20180410-22:23:37.971] thr=1   paramiko.transport: [chan 0] Sesch channel 0 request ok
DEB [20180410-22:23:37.971] thr=1   paramiko.transport: [chan 0] Sesch channel 0 request ok
DEB [20180410-22:24:43.460] thr=1   paramiko.transport: starting thread (client mode): 0x95ff2e10
DEB [20180410-22:24:43.460] thr=1   paramiko.transport: Local version/idstring: SSH-2.0-paramiko_2.4.0
DEB [20180410-22:24:43.476] thr=1   paramiko.transport: Remote version/idstring: SSH-2.0-OpenSSH_6.6.1
INF [20180410-22:24:43.476] thr=1   paramiko.transport: Connected (version 2.0, client OpenSSH_6.6.1)
DEB [20180410-22:24:43.476] thr=1   paramiko.transport: kex algos:['curve25519-sha256@libssh.org', 'ecdh-sha2-nistp256', 'ecdh-sha2-nistp384', 'ecdh-sha2-nistp521', 'diffie-hellman-group-exchange-sha256', 'diffie-hellman-group-exchange-sha1', 'diffie-hellman-group14-sha1', 'diffie-hellman-group1-sha1'] server key:['ssh-rsa', 'ecdsa-sha2-nistp256', 'ssh-ed25519'] client encrypt:['aes128-ctr', 'aes192-ctr', 'aes256-ctr', 'arcfour256', 'arcfour128', 'aes128-gcm@openssh.com', 'aes256-gcm@openssh.com', 'chacha20-poly1305@openssh.com', 'aes128-cbc', '3des-cbc', 'blowfish-cbc', 'cast128-cbc', 'aes192-cbc', 'aes256-cbc', 'arcfour', 'rijndael-cbc@lysator.liu.se'] server encrypt:['aes128-ctr', 'aes192-ctr', 'aes256-ctr', 'arcfour256', 'arcfour128', 'aes128-gcm@openssh.com', 'aes256-gcm@openssh.com', 'chacha20-poly1305@openssh.com', 'aes128-cbc', '3des-cbc', 'blowfish-cbc', 'cast128-cbc', 'aes192-cbc', 'aes256-cbc', 'arcfour', 'rijndael-cbc@lysator.liu.se'] client mac:['hmac-md5-etm@openssh.com', 'hmac-sha1-etm@openssh.com', 'umac-64-etm@openssh.com', 'umac-128-etm@openssh.com', 'hmac-sha2-256-etm@openssh.com', 'hmac-sha2-512-etm@openssh.com', 'hmac-ripemd160-etm@openssh.com', 'hmac-sha1-96-etm@openssh.com', 'hmac-md5-96-etm@openssh.com', 'hmac-md5', 'hmac-sha1', 'umac-64@openssh.com', 'umac-128@openssh.com', 'hmac-sha2-256', 'hmac-sha2-512', 'hmac-ripemd160', 'hmac-ripemd160@openssh.com', 'hmac-sha1-96', 'hmac-md5-96'] server mac:['hmac-md5-etm@openssh.com', 'hmac-sha1-etm@openssh.com', 'umac-64-etm@openssh.com', 'umac-128-etm@openssh.com', 'hmac-sha2-256-etm@openssh.com', 'hmac-sha2-512-etm@openssh.com', 'hmac-ripemd160-etm@openssh.com', 'hmac-sha1-96-etm@openssh.com', 'hmac-md5-96-etm@openssh.com', 'hmac-md5', 'hmac-sha1', 'umac-64@openssh.com', 'umac-128@openssh.com', 'hmac-sha2-256', 'hmac-sha2-512', 'hmac-ripemd160', 'hmac-ripemd160@openssh.com', 'hmac-sha1-96', 'hmac-md5-96'] client compress:['none', 'zlib@openssh.com'] server compress:['none', 'zlib@openssh.com'] client lang:[''] server lang:[''] kex follows?False
DEB [20180410-22:24:43.476] thr=1   paramiko.transport: Kex agreed: ecdh-sha2-nistp256
DEB [20180410-22:24:43.476] thr=1   paramiko.transport: HostKey agreed: ssh-ed25519
DEB [20180410-22:24:43.476] thr=1   paramiko.transport: Cipher agreed: aes128-ctr
DEB [20180410-22:24:43.476] thr=1   paramiko.transport: MAC agreed: hmac-sha2-256
DEB [20180410-22:24:43.476] thr=1   paramiko.transport: Compression agreed: none
DEB [20180410-22:24:43.522] thr=1   paramiko.transport: kex engine KexNistp256 specified hash_algo <built-in function openssl_sha256>
DEB [20180410-22:24:43.522] thr=1   paramiko.transport: Switch to new keys ...
DEB [20180410-22:24:43.585] thr=1   paramiko.transport: userauth is OK
INF [20180410-22:24:43.632] thr=1   paramiko.transport: Authentication (password) successful!
DEB [20180410-22:24:43.632] thr=2   paramiko.transport: [chan 0] Max packet in: 32768 bytes
DEB [20180410-22:24:43.775] thr=1   paramiko.transport: [chan 0] Max packet out: 32768 bytes
DEB [20180410-22:24:43.775] thr=1   paramiko.transport: Secsh channel 0 opened.
DEB [20180410-22:24:43.775] thr=1   paramiko.transport: [chan 0] Sesch channel 0 request ok
DEB [20180410-22:24:43.790] thr=1   paramiko.transport: [chan 0] Sesch channel 0 request ok
DEB [20180410-22:24:55.706] thr=2   paramiko.transport: [chan 0] EOF sent (0)
DEB [20180410-22:24:55.706] thr=1   paramiko.transport: EOF in transport thread
DEB [20180410-22:27:47.997] thr=1   paramiko.transport: starting thread (client mode): 0xa2b90dd8
DEB [20180410-22:27:47.997] thr=1   paramiko.transport: Local version/idstring: SSH-2.0-paramiko_2.4.0
DEB [20180410-22:27:48.029] thr=1   paramiko.transport: Remote version/idstring: SSH-2.0-OpenSSH_6.6.1
INF [20180410-22:27:48.029] thr=1   paramiko.transport: Connected (version 2.0, client OpenSSH_6.6.1)
DEB [20180410-22:27:48.044] thr=1   paramiko.transport: kex algos:['curve25519-sha256@libssh.org', 'ecdh-sha2-nistp256', 'ecdh-sha2-nistp384', 'ecdh-sha2-nistp521', 'diffie-hellman-group-exchange-sha256', 'diffie-hellman-group-exchange-sha1', 'diffie-hellman-group14-sha1', 'diffie-hellman-group1-sha1'] server key:['ssh-rsa', 'ecdsa-sha2-nistp256', 'ssh-ed25519'] client encrypt:['aes128-ctr', 'aes192-ctr', 'aes256-ctr', 'arcfour256', 'arcfour128', 'aes128-gcm@openssh.com', 'aes256-gcm@openssh.com', 'chacha20-poly1305@openssh.com', 'aes128-cbc', '3des-cbc', 'blowfish-cbc', 'cast128-cbc', 'aes192-cbc', 'aes256-cbc', 'arcfour', 'rijndael-cbc@lysator.liu.se'] server encrypt:['aes128-ctr', 'aes192-ctr', 'aes256-ctr', 'arcfour256', 'arcfour128', 'aes128-gcm@openssh.com', 'aes256-gcm@openssh.com', 'chacha20-poly1305@openssh.com', 'aes128-cbc', '3des-cbc', 'blowfish-cbc', 'cast128-cbc', 'aes192-cbc', 'aes256-cbc', 'arcfour', 'rijndael-cbc@lysator.liu.se'] client mac:['hmac-md5-etm@openssh.com', 'hmac-sha1-etm@openssh.com', 'umac-64-etm@openssh.com', 'umac-128-etm@openssh.com', 'hmac-sha2-256-etm@openssh.com', 'hmac-sha2-512-etm@openssh.com', 'hmac-ripemd160-etm@openssh.com', 'hmac-sha1-96-etm@openssh.com', 'hmac-md5-96-etm@openssh.com', 'hmac-md5', 'hmac-sha1', 'umac-64@openssh.com', 'umac-128@openssh.com', 'hmac-sha2-256', 'hmac-sha2-512', 'hmac-ripemd160', 'hmac-ripemd160@openssh.com', 'hmac-sha1-96', 'hmac-md5-96'] server mac:['hmac-md5-etm@openssh.com', 'hmac-sha1-etm@openssh.com', 'umac-64-etm@openssh.com', 'umac-128-etm@openssh.com', 'hmac-sha2-256-etm@openssh.com', 'hmac-sha2-512-etm@openssh.com', 'hmac-ripemd160-etm@openssh.com', 'hmac-sha1-96-etm@openssh.com', 'hmac-md5-96-etm@openssh.com', 'hmac-md5', 'hmac-sha1', 'umac-64@openssh.com', 'umac-128@openssh.com', 'hmac-sha2-256', 'hmac-sha2-512', 'hmac-ripemd160', 'hmac-ripemd160@openssh.com', 'hmac-sha1-96', 'hmac-md5-96'] client compress:['none', 'zlib@openssh.com'] server compress:['none', 'zlib@openssh.com'] client lang:[''] server lang:[''] kex follows?False
DEB [20180410-22:27:48.044] thr=1   paramiko.transport: Kex agreed: ecdh-sha2-nistp256
DEB [20180410-22:27:48.044] thr=1   paramiko.transport: HostKey agreed: ssh-ed25519
DEB [20180410-22:27:48.044] thr=1   paramiko.transport: Cipher agreed: aes128-ctr
DEB [20180410-22:27:48.044] thr=1   paramiko.transport: MAC agreed: hmac-sha2-256
DEB [20180410-22:27:48.044] thr=1   paramiko.transport: Compression agreed: none
DEB [20180410-22:27:48.091] thr=1   paramiko.transport: kex engine KexNistp256 specified hash_algo <built-in function openssl_sha256>
DEB [20180410-22:27:48.091] thr=1   paramiko.transport: Switch to new keys ...
DEB [20180410-22:27:48.144] thr=1   paramiko.transport: userauth is OK
INF [20180410-22:27:48.200] thr=1   paramiko.transport: Authentication (password) successful!
DEB [20180410-22:27:48.200] thr=2   paramiko.transport: [chan 0] Max packet in: 32768 bytes
DEB [20180410-22:27:48.341] thr=1   paramiko.transport: [chan 0] Max packet out: 32768 bytes
DEB [20180410-22:27:48.341] thr=1   paramiko.transport: Secsh channel 0 opened.
DEB [20180410-22:27:48.341] thr=1   paramiko.transport: [chan 0] Sesch channel 0 request ok
DEB [20180410-22:27:48.341] thr=1   paramiko.transport: [chan 0] Sesch channel 0 request ok
DEB [20180410-22:28:48.289] thr=2   paramiko.transport: [chan 0] EOF sent (0)
DEB [20180410-22:28:48.289] thr=1   paramiko.transport: EOF in transport thread
