35031 17:18:49 select(7, [3 4], [], NULL, NULL) = 1 (in [4])
35031 17:18:53 clock_gettime(CLOCK_BOOTTIME, {13763, 956615049}) = 0
35031 17:18:53 read(4, "s", 16384)      = 1
35031 17:18:53 clock_gettime(CLOCK_BOOTTIME, {13763, 956876410}) = 0
35031 17:18:53 clock_gettime(CLOCK_BOOTTIME, {13763, 956913744}) = 0
35031 17:18:53 select(7, [3 4], [3], NULL, NULL) = 1 (out [3])
35031 17:18:53 clock_gettime(CLOCK_BOOTTIME, {13763, 956991971}) = 0
35031 17:18:53 write(3, "\0\0\0\20\326\3\274\344\356G\267\374\207\337\212Z\353\256\360Qv\262\23\220\177r\241\367\361\275\211V"..., 36) = 36
35031 17:18:53 clock_gettime(CLOCK_BOOTTIME, {13763, 957204467}) = 0
35031 17:18:53 clock_gettime(CLOCK_BOOTTIME, {13763, 957239162}) = 0
35031 17:18:53 select(7, [3 4], [], NULL, NULL) = 1 (in [3])
35031 17:18:53 clock_gettime(CLOCK_BOOTTIME, {13763, 957893231}) = 0
35031 17:18:53 read(3, "\0\0\0\20\245\20drl\245\234\2W\234\267\231)\334\201M\202\34\274c!U'Y\17\222\205\357"..., 8192) = 36
35031 17:18:53 clock_gettime(CLOCK_BOOTTIME, {13763, 957990126}) = 0
35031 17:18:53 clock_gettime(CLOCK_BOOTTIME, {13763, 958025492}) = 0
35031 17:18:53 select(7, [3 4], [5], NULL, NULL) = 1 (out [5])
35031 17:18:53 clock_gettime(CLOCK_BOOTTIME, {13763, 958101952}) = 0
35031 17:18:53 write(5, "s", 1)         = 1
35031 17:18:53 clock_gettime(CLOCK_BOOTTIME, {13763, 958473273}) = 0
35031 17:18:53 clock_gettime(CLOCK_BOOTTIME, {13763, 958509051}) = 0
35031 17:18:53 select(7, [3 4], [], NULL, NULL) = 1 (in [4])
35031 17:18:53 clock_gettime(CLOCK_BOOTTIME, {13764, 118300336}) = 0
35031 17:18:53 read(4, "l", 16384)      = 1
35031 17:18:53 clock_gettime(CLOCK_BOOTTIME, {13764, 118471436}) = 0
35031 17:18:53 clock_gettime(CLOCK_BOOTTIME, {13764, 118523850}) = 0
35031 17:18:53 select(7, [3 4], [3], NULL, NULL) = 1 (out [3])
35031 17:18:53 clock_gettime(CLOCK_BOOTTIME, {13764, 118647602}) = 0
35031 17:18:53 write(3, "\0\0\0\20GB\313\231\2219t\2116m\256\240\250\324\20\351\35\r61\"\203\270\257\35\2034\f"..., 36) = 36
35031 17:18:53 clock_gettime(CLOCK_BOOTTIME, {13764, 118995956}) = 0
35031 17:18:53 clock_gettime(CLOCK_BOOTTIME, {13764, 119052500}) = 0
35031 17:18:53 select(7, [3 4], [], NULL, NULL) = 1 (in [3])
35031 17:18:53 clock_gettime(CLOCK_BOOTTIME, {13764, 119808694}) = 0
35031 17:18:53 read(3, "\0\0\0\20\200p++\264\366\342T\211\27D\260At9\343\203\333,\30\263\204\243Z[\357X\236"..., 8192) = 36
35031 17:18:53 clock_gettime(CLOCK_BOOTTIME, {13764, 119963988}) = 0
35031 17:18:53 clock_gettime(CLOCK_BOOTTIME, {13764, 120015495}) = 0
35031 17:18:53 select(7, [3 4], [5], NULL, NULL) = 1 (out [5])
35031 17:18:53 clock_gettime(CLOCK_BOOTTIME, {13764, 120154888}) = 0
35031 17:18:53 write(5, "l", 1)         = 1
35031 17:18:53 clock_gettime(CLOCK_BOOTTIME, {13764, 120752680}) = 0
35031 17:18:53 clock_gettime(CLOCK_BOOTTIME, {13764, 120811399}) = 0
35031 17:18:53 select(7, [3 4], [], NULL, NULL) = 1 (in [4])
35031 17:18:53 clock_gettime(CLOCK_BOOTTIME, {13764, 274571773}) = 0
35031 17:18:53 read(4, "i", 16384)      = 1
35031 17:18:53 clock_gettime(CLOCK_BOOTTIME, {13764, 274738964}) = 0
35031 17:18:53 clock_gettime(CLOCK_BOOTTIME, {13764, 274791629}) = 0
35031 17:18:53 select(7, [3 4], [3], NULL, NULL) = 1 (out [3])
35031 17:18:53 clock_gettime(CLOCK_BOOTTIME, {13764, 274913101}) = 0
35031 17:18:53 write(3, "\0\0\0\20H\316\207x(\220<W\2600\2613Hf7\274\36(S)\317S\v1\363\300\212S"..., 36) = 36
35031 17:18:53 clock_gettime(CLOCK_BOOTTIME, {13764, 275262683}) = 0
35031 17:18:53 clock_gettime(CLOCK_BOOTTIME, {13764, 275317658}) = 0
35031 17:18:53 select(7, [3 4], [], NULL, NULL) = 1 (in [3])
35031 17:18:53 clock_gettime(CLOCK_BOOTTIME, {13764, 276069894}) = 0
35031 17:18:53 read(3, "\0\0\0\20t-\327&\16\1\214\3335\315\275\343\350#yV\6\231J\356\252\213r\273\377#\252\324"..., 8192) = 36
35031 17:18:53 clock_gettime(CLOCK_BOOTTIME, {13764, 276223699}) = 0
35031 17:18:53 clock_gettime(CLOCK_BOOTTIME, {13764, 276275793}) = 0
35031 17:18:53 select(7, [3 4], [5], NULL, NULL) = 1 (out [5])
35031 17:18:53 clock_gettime(CLOCK_BOOTTIME, {13764, 276398714}) = 0
35031 17:18:53 write(5, "i", 1)         = 1
35031 17:18:53 clock_gettime(CLOCK_BOOTTIME, {13764, 277010874}) = 0
35031 17:18:53 clock_gettime(CLOCK_BOOTTIME, {13764, 277069407}) = 0
35031 17:18:53 select(7, [3 4], [], NULL, NULL) = 1 (in [4])
35031 17:18:54 clock_gettime(CLOCK_BOOTTIME, {13764, 405552615}) = 0
35031 17:18:54 read(4, "l", 16384)      = 1
35031 17:18:54 clock_gettime(CLOCK_BOOTTIME, {13764, 405717626}) = 0
35031 17:18:54 clock_gettime(CLOCK_BOOTTIME, {13764, 405770757}) = 0
35031 17:18:54 select(7, [3 4], [3], NULL, NULL) = 1 (out [3])
35031 17:18:54 clock_gettime(CLOCK_BOOTTIME, {13764, 405894094}) = 0
35031 17:18:54 write(3, "\0\0\0\20/ed\261z\210\337jSU|\2\276\nz!t^\241\r\274\200\350\6\305=\36\200"..., 36) = 36
35031 17:18:54 clock_gettime(CLOCK_BOOTTIME, {13764, 406274886}) = 0
35031 17:18:54 clock_gettime(CLOCK_BOOTTIME, {13764, 406331816}) = 0
35031 17:18:54 select(7, [3 4], [], NULL, NULL) = 1 (in [3])
35031 17:18:54 clock_gettime(CLOCK_BOOTTIME, {13764, 409128838}) = 0
35031 17:18:54 read(3, "\0\0\0\20\372\317f\326 \261\204\t\301\347 \206\\%\3746\343\2759H\352\27\310\277\361\326\r;"..., 8192) = 36
35031 17:18:54 clock_gettime(CLOCK_BOOTTIME, {13764, 409283515}) = 0
35031 17:18:54 clock_gettime(CLOCK_BOOTTIME, {13764, 409334968}) = 0
35031 17:18:54 select(7, [3 4], [5], NULL, NULL) = 1 (out [5])
35031 17:18:54 clock_gettime(CLOCK_BOOTTIME, {13764, 409457532}) = 0
35031 17:18:54 write(5, "l", 1)         = 1
35031 17:18:54 clock_gettime(CLOCK_BOOTTIME, {13764, 410036517}) = 0
35031 17:18:54 clock_gettime(CLOCK_BOOTTIME, {13764, 410094700}) = 0
35031 17:18:54 select(7, [3 4], [], NULL, NULL) = 1 (in [4])
35031 17:18:54 clock_gettime(CLOCK_BOOTTIME, {13764, 506269671}) = 0
35031 17:18:54 read(4, "c", 16384)      = 1
35031 17:18:54 clock_gettime(CLOCK_BOOTTIME, {13764, 506435920}) = 0
35031 17:18:54 clock_gettime(CLOCK_BOOTTIME, {13764, 506487698}) = 0
35031 17:18:54 select(7, [3 4], [3], NULL, NULL) = 1 (out [3])
35031 17:18:54 clock_gettime(CLOCK_BOOTTIME, {13764, 506609852}) = 0
35031 17:18:54 write(3, "\0\0\0\20n\346|nWi\24\357\377kk\360\271\274O`\253}?R\212\236H\23/eZJ"..., 36) = 36
35031 17:18:54 clock_gettime(CLOCK_BOOTTIME, {13764, 506954643}) = 0
35031 17:18:54 clock_gettime(CLOCK_BOOTTIME, {13764, 507011021}) = 0
35031 17:18:54 select(7, [3 4], [], NULL, NULL) = 1 (in [3])
35031 17:18:54 clock_gettime(CLOCK_BOOTTIME, {13764, 507752272}) = 0
35031 17:18:54 read(3, "\0\0\0\20\\p[6\2_\352\310;\210\363\314V\0059\340\5x\327a\16z0J/\354g\347"..., 8192) = 36
35031 17:18:54 clock_gettime(CLOCK_BOOTTIME, {13764, 507909560}) = 0
35031 17:18:54 clock_gettime(CLOCK_BOOTTIME, {13764, 507961925}) = 0
35031 17:18:54 select(7, [3 4], [5], NULL, NULL) = 1 (out [5])
35031 17:18:54 clock_gettime(CLOCK_BOOTTIME, {13764, 508088182}) = 0
35031 17:18:54 write(5, "c", 1)         = 1
35031 17:18:54 clock_gettime(CLOCK_BOOTTIME, {13764, 508794548}) = 0
35031 17:18:54 clock_gettime(CLOCK_BOOTTIME, {13764, 508854915}) = 0
35031 17:18:54 select(7, [3 4], [], NULL, NULL) = 1 (in [4])
35031 17:18:54 clock_gettime(CLOCK_BOOTTIME, {13765, 31029154}) = 0
35031 17:18:54 read(4, "e", 16384)      = 1
35031 17:18:54 clock_gettime(CLOCK_BOOTTIME, {13765, 31204884}) = 0
35031 17:18:54 clock_gettime(CLOCK_BOOTTIME, {13765, 31415484}) = 0
35031 17:18:54 select(7, [3 4], [3], NULL, NULL) = 1 (out [3])
35031 17:18:54 clock_gettime(CLOCK_BOOTTIME, {13765, 31556355}) = 0
35031 17:18:54 write(3, "\0\0\0\20P\224\305l\323\347\246\340\345R\n\361\264\24\273\242\375\276\262Z\1773\235\17f\276Q\332"..., 36) = 36
35031 17:18:54 clock_gettime(CLOCK_BOOTTIME, {13765, 31857582}) = 0
35031 17:18:54 clock_gettime(CLOCK_BOOTTIME, {13765, 31913118}) = 0
35031 17:18:54 select(7, [3 4], [], NULL, NULL) = 1 (in [3])
35031 17:18:54 clock_gettime(CLOCK_BOOTTIME, {13765, 32796271}) = 0
35031 17:18:54 read(3, "\0\0\0\20\17\267yc\241\370\200\32=m\220\25\367D}N\225\212\16\266\33/\207V\225>\230G"..., 8192) = 36
35031 17:18:54 clock_gettime(CLOCK_BOOTTIME, {13765, 32951410}) = 0
35031 17:18:54 clock_gettime(CLOCK_BOOTTIME, {13765, 33004496}) = 0
35031 17:18:54 select(7, [3 4], [5], NULL, NULL) = 1 (out [5])
35031 17:18:54 clock_gettime(CLOCK_BOOTTIME, {13765, 33162305}) = 0
35031 17:18:54 write(5, "e", 1)         = 1
35031 17:18:54 clock_gettime(CLOCK_BOOTTIME, {13765, 33743405}) = 0
35031 17:18:54 clock_gettime(CLOCK_BOOTTIME, {13765, 33802099}) = 0
35031 17:18:54 select(7, [3 4], [], NULL, NULL) = 1 (in [4])
35031 17:18:55 clock_gettime(CLOCK_BOOTTIME, {13765, 377918231}) = 0
35031 17:18:55 read(4, "\r", 16384)     = 1
35031 17:18:55 clock_gettime(CLOCK_BOOTTIME, {13765, 377976851}) = 0
35031 17:18:55 clock_gettime(CLOCK_BOOTTIME, {13765, 377993570}) = 0
35031 17:18:55 select(7, [3 4], [3], NULL, NULL) = 1 (out [3])
35031 17:18:55 clock_gettime(CLOCK_BOOTTIME, {13765, 378033024}) = 0
35031 17:18:55 write(3, "\0\0\0\20\372\223\37\376\247\321\2712\30\266u)/2\1\337\f\336\365\177\314\234\217(}\314\245\364"..., 36) = 36
35031 17:18:55 clock_gettime(CLOCK_BOOTTIME, {13765, 378150064}) = 0
35031 17:18:55 clock_gettime(CLOCK_BOOTTIME, {13765, 378167760}) = 0
35031 17:18:55 select(7, [3 4], [], NULL, NULL) = 1 (in [3])
35031 17:18:55 clock_gettime(CLOCK_BOOTTIME, {13765, 431259865}) = 0
35031 17:18:55 read(3, "\0\0\0\20\305\376\350\fx\300)\260I!\f-ts\234\21\333\344\372\325\233 l\252\0\33\377*"..., 8192) = 36
35031 17:18:55 clock_gettime(CLOCK_BOOTTIME, {13765, 431440441}) = 0
35031 17:18:55 clock_gettime(CLOCK_BOOTTIME, {13765, 431495391}) = 0
35031 17:18:55 select(7, [3 4], [5], NULL, NULL) = 1 (out [5])
35031 17:18:55 clock_gettime(CLOCK_BOOTTIME, {13765, 431624476}) = 0
35031 17:18:55 write(5, "\r\n", 2)      = 2
35031 17:18:55 clock_gettime(CLOCK_BOOTTIME, {13765, 432355772}) = 0
35031 17:18:55 clock_gettime(CLOCK_BOOTTIME, {13765, 432446449}) = 0
35031 17:18:55 select(7, [3 4], [], NULL, NULL) = 1 (in [3])
35031 17:18:55 clock_gettime(CLOCK_BOOTTIME, {13765, 436804758}) = 0
35031 17:18:55 read(3, "\0\0\0`g\360R\20F\250o\342.\345||H 8\332z\322k\222D\232\34^V!\360\312"..., 8192) = 116
35031 17:18:55 clock_gettime(CLOCK_BOOTTIME, {13765, 436973864}) = 0
35031 17:18:55 clock_gettime(CLOCK_BOOTTIME, {13765, 437026810}) = 0
35031 17:18:55 select(7, [3 4], [5], NULL, NULL) = 1 (out [5])
35031 17:18:55 clock_gettime(CLOCK_BOOTTIME, {13765, 437154571}) = 0
35031 17:18:55 write(5, "-bash: slilce: \346\234\252\346\211\276\345\210\260\345\221\275\344\273\244\r\n"..., 73) = 73
35031 17:18:55 clock_gettime(CLOCK_BOOTTIME, {13765, 438207766}) = 0
35031 17:18:55 clock_gettime(CLOCK_BOOTTIME, {13765, 438268845}) = 0
35031 17:18:55 select(7, [3 4], [], NULL, NULL) = 1 (in [4])
35031 17:18:59 clock_gettime(CLOCK_BOOTTIME, {13770, 186538674}) = 0
35031 17:18:59 read(4, "e", 16384)      = 1
35031 17:18:59 clock_gettime(CLOCK_BOOTTIME, {13770, 186705925}) = 0
35031 17:18:59 clock_gettime(CLOCK_BOOTTIME, {13770, 186757919}) = 0
35031 17:18:59 select(7, [3 4], [3], NULL, NULL) = 1 (out [3])
35031 17:18:59 clock_gettime(CLOCK_BOOTTIME, {13770, 186882092}) = 0
35031 17:18:59 write(3, "\0\0\0\20c\317\20\234\367\241#9S\n\311\266\20\3740fxE?\377\235\226M@\2775\33\303"..., 36) = 36
35031 17:18:59 clock_gettime(CLOCK_BOOTTIME, {13770, 187283156}) = 0
35031 17:18:59 clock_gettime(CLOCK_BOOTTIME, {13770, 187342506}) = 0
35031 17:18:59 select(7, [3 4], [], NULL, NULL) = 1 (in [3])
35031 17:18:59 clock_gettime(CLOCK_BOOTTIME, {13770, 188093514}) = 0
35031 17:18:59 read(3, "\0\0\0\20QC\31\0344_D\\\241\331\253\217\262\227\326y\274\277&\366\32x\310\271*QG\10"..., 8192) = 36
35031 17:18:59 clock_gettime(CLOCK_BOOTTIME, {13770, 188246818}) = 0
35031 17:18:59 clock_gettime(CLOCK_BOOTTIME, {13770, 188298967}) = 0
35031 17:18:59 select(7, [3 4], [5], NULL, NULL) = 1 (out [5])
35031 17:18:59 clock_gettime(CLOCK_BOOTTIME, {13770, 188421977}) = 0
35031 17:18:59 write(5, "e", 1)         = 1
35031 17:18:59 clock_gettime(CLOCK_BOOTTIME, {13770, 189007953}) = 0
35031 17:18:59 clock_gettime(CLOCK_BOOTTIME, {13770, 189065815}) = 0
35031 17:18:59 select(7, [3 4], [], NULL, NULL) = 1 (in [4])
35031 17:19:00 clock_gettime(CLOCK_BOOTTIME, {13770, 463417383}) = 0
35031 17:19:00 read(4, "x", 16384)      = 1
35031 17:19:00 clock_gettime(CLOCK_BOOTTIME, {13770, 463585526}) = 0
35031 17:19:00 clock_gettime(CLOCK_BOOTTIME, {13770, 463664696}) = 0
35031 17:19:00 select(7, [3 4], [3], NULL, NULL) = 1 (out [3])
35031 17:19:00 clock_gettime(CLOCK_BOOTTIME, {13770, 463795605}) = 0
35031 17:19:00 write(3, "\0\0\0\20\236\305\256\331dS\266\21\312}\346b\305\233P\226\235/\336\273\343>\252\256\245\213\31\375"..., 36) = 36
35031 17:19:00 clock_gettime(CLOCK_BOOTTIME, {13770, 464102509}) = 0
35031 17:19:00 clock_gettime(CLOCK_BOOTTIME, {13770, 464157535}) = 0
35031 17:19:00 select(7, [3 4], [], NULL, NULL) = 1 (in [3])
35031 17:19:00 clock_gettime(CLOCK_BOOTTIME, {13770, 465164541}) = 0
35031 17:19:00 read(3, "\0\0\0\20%\242\373\226\341vS\217`nr\v\306\305\252\361\224\313\27\337\\\264\322T1MB)"..., 8192) = 36
35031 17:19:00 clock_gettime(CLOCK_BOOTTIME, {13770, 465318407}) = 0
35031 17:19:00 clock_gettime(CLOCK_BOOTTIME, {13770, 465370300}) = 0
35031 17:19:00 select(7, [3 4], [5], NULL, NULL) = 1 (out [5])
35031 17:19:00 clock_gettime(CLOCK_BOOTTIME, {13770, 465493631}) = 0
35031 17:19:00 write(5, "x", 1)         = 1
35031 17:19:00 clock_gettime(CLOCK_BOOTTIME, {13770, 466074936}) = 0
35031 17:19:00 clock_gettime(CLOCK_BOOTTIME, {13770, 466132548}) = 0
35031 17:19:00 select(7, [3 4], [], NULL, NULL) = 1 (in [4])
35031 17:19:00 clock_gettime(CLOCK_BOOTTIME, {13770, 680336967}) = 0
35031 17:19:00 read(4, "i", 16384)      = 1
35031 17:19:00 clock_gettime(CLOCK_BOOTTIME, {13770, 680505391}) = 0
35031 17:19:00 clock_gettime(CLOCK_BOOTTIME, {13770, 680558222}) = 0
35031 17:19:00 select(7, [3 4], [3], NULL, NULL) = 1 (out [3])
35031 17:19:00 clock_gettime(CLOCK_BOOTTIME, {13770, 680680039}) = 0
35031 17:19:00 write(3, "\0\0\0\20\301\341,\343\344\225R[\212\237|w(xdB2\205J}H\204\316\321\377\245\254\212"..., 36) = 36
35031 17:19:00 clock_gettime(CLOCK_BOOTTIME, {13770, 681033415}) = 0
35031 17:19:00 clock_gettime(CLOCK_BOOTTIME, {13770, 681170322}) = 0
35031 17:19:00 select(7, [3 4], [], NULL, NULL) = 1 (in [3])
35031 17:19:00 clock_gettime(CLOCK_BOOTTIME, {13770, 681970928}) = 0
35031 17:19:00 read(3, "\0\0\0\20\354\254M\tQKj\326B\264gT\3428\206\256\336\305\344\334\v9\232\202Q\326:\316"..., 8192) = 36
35031 17:19:00 clock_gettime(CLOCK_BOOTTIME, {13770, 682124232}) = 0
35031 17:19:00 clock_gettime(CLOCK_BOOTTIME, {13770, 682176321}) = 0
35031 17:19:00 select(7, [3 4], [5], NULL, NULL) = 1 (out [5])
35031 17:19:00 clock_gettime(CLOCK_BOOTTIME, {13770, 682299812}) = 0
35031 17:19:00 write(5, "i", 1)         = 1
35031 17:19:00 clock_gettime(CLOCK_BOOTTIME, {13770, 682878060}) = 0
35031 17:19:00 clock_gettime(CLOCK_BOOTTIME, {13770, 682935977}) = 0
35031 17:19:00 select(7, [3 4], [], NULL, NULL) = 1 (in [4])
35031 17:19:00 clock_gettime(CLOCK_BOOTTIME, {13770, 872028980}) = 0
35031 17:19:00 read(4, "t", 16384)      = 1
35031 17:19:00 clock_gettime(CLOCK_BOOTTIME, {13770, 872223959}) = 0
35031 17:19:00 clock_gettime(CLOCK_BOOTTIME, {13770, 872277727}) = 0
35031 17:19:00 select(7, [3 4], [3], NULL, NULL) = 1 (out [3])
35031 17:19:00 clock_gettime(CLOCK_BOOTTIME, {13770, 872404997}) = 0
35031 17:19:00 write(3, "\0\0\0\20\334}%J\367\346k3Y\335\340IK4_\356A\3402\r\237\236\thR&\361\265"..., 36) = 36
35031 17:19:00 clock_gettime(CLOCK_BOOTTIME, {13770, 872775822}) = 0
35031 17:19:00 clock_gettime(CLOCK_BOOTTIME, {13770, 872832461}) = 0
35031 17:19:00 select(7, [3 4], [], NULL, NULL) = 1 (in [3])
35031 17:19:00 clock_gettime(CLOCK_BOOTTIME, {13770, 873551606}) = 0
35031 17:19:00 read(3, "\0\0\0\20{\343\v2\371v]\3162\266\366\311(\\\241F\352dF\257D\360'pC\322\373r"..., 8192) = 36
35031 17:19:00 clock_gettime(CLOCK_BOOTTIME, {13770, 873706393}) = 0
35031 17:19:00 clock_gettime(CLOCK_BOOTTIME, {13770, 873759334}) = 0
35031 17:19:00 select(7, [3 4], [5], NULL, NULL) = 1 (out [5])
35031 17:19:00 clock_gettime(CLOCK_BOOTTIME, {13770, 873883467}) = 0
35031 17:19:00 write(5, "t", 1)         = 1
35031 17:19:00 clock_gettime(CLOCK_BOOTTIME, {13770, 874460562}) = 0
35031 17:19:00 clock_gettime(CLOCK_BOOTTIME, {13770, 874518775}) = 0
35031 17:19:00 select(7, [3 4], [], NULL, NULL) = 1 (in [4])
35031 17:19:00 clock_gettime(CLOCK_BOOTTIME, {13771, 42441028}) = 0
35031 17:19:00 read(4, "\r", 16384)     = 1
35031 17:19:00 clock_gettime(CLOCK_BOOTTIME, {13771, 42531713}) = 0
35031 17:19:00 clock_gettime(CLOCK_BOOTTIME, {13771, 42565030}) = 0
35031 17:19:00 select(7, [3 4], [3], NULL, NULL) = 1 (out [3])
35031 17:19:00 clock_gettime(CLOCK_BOOTTIME, {13771, 42677135}) = 0
35031 17:19:00 write(3, "\0\0\0\20\32\26\22\226b6d\222DL\3\21\317c\245\312^\354\t^\22606\327\3\263\332\5"..., 36) = 36
35031 17:19:00 clock_gettime(CLOCK_BOOTTIME, {13771, 42821108}) = 0
35031 17:19:00 clock_gettime(CLOCK_BOOTTIME, {13771, 42842408}) = 0
35031 17:19:00 select(7, [3 4], [], NULL, NULL) = 1 (in [3])
35031 17:19:00 clock_gettime(CLOCK_BOOTTIME, {13771, 44564962}) = 0
35031 17:19:00 read(3, "\0\0\0 \262fo\372\3453\247\260\245\244\273\271]\312\323\264w\360,\10\270V\36\27\343\256\254\226"..., 8192) = 228
35031 17:19:00 close(4)                 = 0
35031 17:19:00 clock_gettime(CLOCK_BOOTTIME, {13771, 44652175}) = 0
35031 17:19:00 clock_gettime(CLOCK_BOOTTIME, {13771, 44669155}) = 0
35031 17:19:00 select(7, [3], [5], NULL, NULL) = 1 (out [5])
35031 17:19:00 clock_gettime(CLOCK_BOOTTIME, {13771, 44708650}) = 0
35031 17:19:00 write(5, "\r\n\347\231\273\345\207\272\r\n", 10) = 10
35031 17:19:00 clock_gettime(CLOCK_BOOTTIME, {13771, 44932481}) = 0
35031 17:19:00 clock_gettime(CLOCK_BOOTTIME, {13771, 44950923}) = 0
35031 17:19:00 close(5)                 = 0
35031 17:19:00 ioctl(0, SNDCTL_TMR_STOP or TCSETSW, {B38400 opost isig icanon echo ...}) = 0
35031 17:19:00 close(6)                 = 0
35031 17:19:00 select(7, [3], [3], NULL, NULL) = 1 (out [3])
35031 17:19:00 clock_gettime(CLOCK_BOOTTIME, {13771, 45233811}) = 0
35031 17:19:00 write(3, "\0\0\0\20\217\321+\246\243\303\305\3102\245Y\223o\212y\325\257\\Da\225\371@}\213w\314\377"..., 36) = 36
35031 17:19:00 rt_sigaction(SIGWINCH, NULL, {0x7f336d7c2500, [], SA_RESTORER, 0x7f336af1f270}, 8) = 0
35031 17:19:00 rt_sigaction(SIGWINCH, {SIG_DFL, [], SA_RESTORER, 0x7f336af1f270}, NULL, 8) = 0
35031 17:19:00 write(3, "\0\0\0000p\263\254\":\2664\6^X\220.\23\313\370\32\263\0108cd\272pH\372\223\246\216"..., 68) = 68
35031 17:19:00 ioctl(0, TCGETS, {B38400 opost isig icanon echo ...}) = 0
35031 17:19:00 ioctl(1, TCGETS, {B38400 opost isig icanon echo ...}) = 0
35031 17:19:00 ioctl(2, TCGETS, {B38400 opost isig icanon echo ...}) = 0
35031 17:19:00 write(2, "Connection to 192.168.1.104 clos"..., 37) = 37
35031 17:19:00 shutdown(3, SHUT_RDWR)   = 0
35031 17:19:00 close(3)                 = 0
35031 17:19:00 exit_group(127)          = ?
35031 17:19:00 +++ exited with 127 +++
