2751  21:06:25 select(7, [3 4], [], NULL, NULL) = 1 (in [4])
2751  21:06:29 clock_gettime(CLOCK_BOOTTIME, {6077, 695904587}) = 0
2751  21:06:29 read(4, "i", 16384)      = 1
2751  21:06:29 clock_gettime(CLOCK_BOOTTIME, {6077, 696111602}) = 0
2751  21:06:29 clock_gettime(CLOCK_BOOTTIME, {6077, 696144852}) = 0
2751  21:06:29 select(7, [3 4], [3], NULL, NULL) = 1 (out [3])
2751  21:06:29 clock_gettime(CLOCK_BOOTTIME, {6077, 696219923}) = 0
2751  21:06:29 write(3, "\212E\r\214\347C\340\31V\321\303\270o\325\31+\317c\16\237\310\356$\230\37t\333\271\203\225i\347"..., 36) = 36
2751  21:06:29 clock_gettime(CLOCK_BOOTTIME, {6077, 696477616}) = 0
2751  21:06:29 clock_gettime(CLOCK_BOOTTIME, {6077, 696534351}) = 0
2751  21:06:29 select(7, [3 4], [], NULL, NULL) = 1 (in [3])
2751  21:06:29 clock_gettime(CLOCK_BOOTTIME, {6077, 697231196}) = 0
2751  21:06:29 read(3, "\362\200\272\242(\252\323\342B(T\215\3764\301{\205t\364\220\256\0257.\346\274\320,@\266X["..., 8192) = 36
2751  21:06:29 clock_gettime(CLOCK_BOOTTIME, {6077, 697310183}) = 0
2751  21:06:29 clock_gettime(CLOCK_BOOTTIME, {6077, 697329767}) = 0
2751  21:06:29 select(7, [3 4], [5], NULL, NULL) = 1 (out [5])
2751  21:06:29 clock_gettime(CLOCK_BOOTTIME, {6077, 697371887}) = 0
2751  21:06:29 write(5, "i", 1)         = 1
2751  21:06:29 clock_gettime(CLOCK_BOOTTIME, {6077, 697465875}) = 0
2751  21:06:29 clock_gettime(CLOCK_BOOTTIME, {6077, 697483964}) = 0
2751  21:06:29 select(7, [3 4], [], NULL, NULL) = 1 (in [4])
2751  21:06:29 clock_gettime(CLOCK_BOOTTIME, {6077, 765298466}) = 0
2751  21:06:29 read(4, "f", 16384)      = 1
2751  21:06:29 clock_gettime(CLOCK_BOOTTIME, {6077, 765391168}) = 0
2751  21:06:29 clock_gettime(CLOCK_BOOTTIME, {6077, 765420784}) = 0
2751  21:06:29 select(7, [3 4], [3], NULL, NULL) = 1 (out [3])
2751  21:06:29 clock_gettime(CLOCK_BOOTTIME, {6077, 765490021}) = 0
2751  21:06:29 write(3, "/<\323\0320\22\274\25\0v\265\200\244+\261\343v|M\273\f>\3$\373\334=\n\312&\344\26"..., 36) = 36
2751  21:06:29 clock_gettime(CLOCK_BOOTTIME, {6077, 765651613}) = 0
2751  21:06:29 clock_gettime(CLOCK_BOOTTIME, {6077, 765680949}) = 0
2751  21:06:29 select(7, [3 4], [], NULL, NULL) = 1 (in [3])
2751  21:06:29 clock_gettime(CLOCK_BOOTTIME, {6077, 765987339}) = 0
2751  21:06:29 read(3, "\204\241F\20\4jtz\340\371_\215=\252E\330o\3318`\4\266q\307rN\306m9\202\322\337"..., 8192) = 36
2751  21:06:29 clock_gettime(CLOCK_BOOTTIME, {6077, 766038827}) = 0
2751  21:06:29 clock_gettime(CLOCK_BOOTTIME, {6077, 766055896}) = 0
2751  21:06:29 select(7, [3 4], [5], NULL, NULL) = 1 (out [5])
2751  21:06:29 clock_gettime(CLOCK_BOOTTIME, {6077, 766097234}) = 0
2751  21:06:29 write(5, "f", 1)         = 1
2751  21:06:29 clock_gettime(CLOCK_BOOTTIME, {6077, 766136220}) = 0
2751  21:06:29 clock_gettime(CLOCK_BOOTTIME, {6077, 766161619}) = 0
2751  21:06:29 select(7, [3 4], [], NULL, NULL) = 1 (in [4])
2751  21:06:29 clock_gettime(CLOCK_BOOTTIME, {6078, 109122115}) = 0
2751  21:06:29 read(4, "c", 16384)      = 1
2751  21:06:29 clock_gettime(CLOCK_BOOTTIME, {6078, 109547896}) = 0
2751  21:06:29 clock_gettime(CLOCK_BOOTTIME, {6078, 109651502}) = 0
2751  21:06:29 select(7, [3 4], [3], NULL, NULL) = 1 (out [3])
2751  21:06:29 clock_gettime(CLOCK_BOOTTIME, {6078, 109979504}) = 0
2751  21:06:29 write(3, "\326\321^G \350h\"\17\31\305\34\32B\321\10\331\205\250\341\246\264\3\340\277\336\311YV\225\377\266"..., 36) = 36
2751  21:06:29 clock_gettime(CLOCK_BOOTTIME, {6078, 110511061}) = 0
2751  21:06:29 clock_gettime(CLOCK_BOOTTIME, {6078, 110612302}) = 0
2751  21:06:29 select(7, [3 4], [], NULL, NULL) = 1 (in [3])
2751  21:06:29 clock_gettime(CLOCK_BOOTTIME, {6078, 111185498}) = 0
2751  21:06:29 read(3, "m[\311\370\37\7G\23\245\377\177\262c\332\214F9~\23\313\343\302J\271F]P\5\350\33H\307"..., 8192) = 36
2751  21:06:29 clock_gettime(CLOCK_BOOTTIME, {6078, 111337455}) = 0
2751  21:06:29 clock_gettime(CLOCK_BOOTTIME, {6078, 111392204}) = 0
2751  21:06:29 select(7, [3 4], [5], NULL, NULL) = 1 (out [5])
2751  21:06:29 clock_gettime(CLOCK_BOOTTIME, {6078, 111518492}) = 0
2751  21:06:29 write(5, "c", 1)         = 1
2751  21:06:29 clock_gettime(CLOCK_BOOTTIME, {6078, 112189817}) = 0
2751  21:06:29 clock_gettime(CLOCK_BOOTTIME, {6078, 112259431}) = 0
2751  21:06:29 select(7, [3 4], [], NULL, NULL) = 1 (in [4])
2751  21:06:29 clock_gettime(CLOCK_BOOTTIME, {6078, 227179780}) = 0
2751  21:06:29 read(4, "o", 16384)      = 1
2751  21:06:29 clock_gettime(CLOCK_BOOTTIME, {6078, 227348920}) = 0
2751  21:06:29 clock_gettime(CLOCK_BOOTTIME, {6078, 227403184}) = 0
2751  21:06:29 select(7, [3 4], [3], NULL, NULL) = 1 (out [3])
2751  21:06:29 clock_gettime(CLOCK_BOOTTIME, {6078, 227531607}) = 0
2751  21:06:29 write(3, "\0256\16\31\213\376\340-U|\300\361\2418O)\271m\3460;e\2034\224\215\267?O\324\302\33"..., 36) = 36
2751  21:06:29 clock_gettime(CLOCK_BOOTTIME, {6078, 227975513}) = 0
2751  21:06:29 clock_gettime(CLOCK_BOOTTIME, {6078, 228080488}) = 0
2751  21:06:29 select(7, [3 4], [], NULL, NULL) = 1 (in [3])
2751  21:06:29 clock_gettime(CLOCK_BOOTTIME, {6078, 228809230}) = 0
2751  21:06:29 read(3, "\377\235\316\262I\214Z%,\37\317\270_\210\276\333\363I\331\24\331\233\16\343~\364\331\206d\331.\236"..., 8192) = 36
2751  21:06:29 clock_gettime(CLOCK_BOOTTIME, {6078, 228972828}) = 0
2751  21:06:29 clock_gettime(CLOCK_BOOTTIME, {6078, 229028089}) = 0
2751  21:06:29 select(7, [3 4], [5], NULL, NULL) = 1 (out [5])
2751  21:06:29 clock_gettime(CLOCK_BOOTTIME, {6078, 229158506}) = 0
2751  21:06:29 write(5, "o", 1)         = 1
2751  21:06:29 clock_gettime(CLOCK_BOOTTIME, {6078, 229776971}) = 0
2751  21:06:29 clock_gettime(CLOCK_BOOTTIME, {6078, 229839303}) = 0
2751  21:06:29 select(7, [3 4], [], NULL, NULL) = 1 (in [4])
2751  21:06:30 clock_gettime(CLOCK_BOOTTIME, {6078, 365929402}) = 0
2751  21:06:30 read(4, "n", 16384)      = 1
2751  21:06:30 clock_gettime(CLOCK_BOOTTIME, {6078, 366099800}) = 0
2751  21:06:30 clock_gettime(CLOCK_BOOTTIME, {6078, 366154285}) = 0
2751  21:06:30 select(7, [3 4], [3], NULL, NULL) = 1 (out [3])
2751  21:06:30 clock_gettime(CLOCK_BOOTTIME, {6078, 366283945}) = 0
2751  21:06:30 write(3, "\227\357W\245\262~9\26\30\203\223\217\241-{\265\324\274\352U\377\305\34\323\251N}5\3716\3271"..., 36) = 36
2751  21:06:30 clock_gettime(CLOCK_BOOTTIME, {6078, 366637336}) = 0
2751  21:06:30 clock_gettime(CLOCK_BOOTTIME, {6078, 366695558}) = 0
2751  21:06:30 select(7, [3 4], [], NULL, NULL) = 1 (in [3])
2751  21:06:30 clock_gettime(CLOCK_BOOTTIME, {6078, 367493136}) = 0
2751  21:06:30 read(3, "C\223\233\365\22`\320?\300\26\277\6\361\217\312\356\2332\330\353O\300\3d#\341\346` \273\274c"..., 8192) = 36
2751  21:06:30 clock_gettime(CLOCK_BOOTTIME, {6078, 367649969}) = 0
2751  21:06:30 clock_gettime(CLOCK_BOOTTIME, {6078, 367704408}) = 0
2751  21:06:30 select(7, [3 4], [5], NULL, NULL) = 1 (out [5])
2751  21:06:30 clock_gettime(CLOCK_BOOTTIME, {6078, 367897117}) = 0
2751  21:06:30 write(5, "n", 1)         = 1
2751  21:06:30 clock_gettime(CLOCK_BOOTTIME, {6078, 368489352}) = 0
2751  21:06:30 clock_gettime(CLOCK_BOOTTIME, {6078, 368551584}) = 0
2751  21:06:30 select(7, [3 4], [], NULL, NULL) = 1 (in [4])
2751  21:06:31 clock_gettime(CLOCK_BOOTTIME, {6079, 303563045}) = 0
2751  21:06:31 read(4, "f", 16384)      = 1
2751  21:06:31 clock_gettime(CLOCK_BOOTTIME, {6079, 303732036}) = 0
2751  21:06:31 clock_gettime(CLOCK_BOOTTIME, {6079, 303788590}) = 0
2751  21:06:31 select(7, [3 4], [3], NULL, NULL) = 1 (out [3])
2751  21:06:31 clock_gettime(CLOCK_BOOTTIME, {6079, 303917970}) = 0
2751  21:06:31 write(3, "\360\253I\24\2616\250\220\201\256\357]\262@\242\220\37\213\326\271\377j\330}\370\272V\233\23\2418:"..., 36) = 36
2751  21:06:31 clock_gettime(CLOCK_BOOTTIME, {6079, 304358804}) = 0
2751  21:06:31 clock_gettime(CLOCK_BOOTTIME, {6079, 304463934}) = 0
2751  21:06:31 select(7, [3 4], [], NULL, NULL) = 1 (in [3])
2751  21:06:31 clock_gettime(CLOCK_BOOTTIME, {6079, 305261036}) = 0
2751  21:06:31 read(3, "\213\311\353N\0100\177\6\205\301\261\363\311F\205 id\r\213\247\227s\335\255b\373\200\250\230{}"..., 8192) = 36
2751  21:06:31 clock_gettime(CLOCK_BOOTTIME, {6079, 305533647}) = 0
2751  21:06:31 clock_gettime(CLOCK_BOOTTIME, {6079, 305635996}) = 0
2751  21:06:31 select(7, [3 4], [5], NULL, NULL) = 1 (out [5])
2751  21:06:31 clock_gettime(CLOCK_BOOTTIME, {6079, 305942810}) = 0
2751  21:06:31 write(5, "f", 1)         = 1
2751  21:06:31 clock_gettime(CLOCK_BOOTTIME, {6079, 306764648}) = 0
2751  21:06:31 clock_gettime(CLOCK_BOOTTIME, {6079, 306829276}) = 0
2751  21:06:31 select(7, [3 4], [], NULL, NULL) = 1 (in [4])
2751  21:06:31 clock_gettime(CLOCK_BOOTTIME, {6079, 560232931}) = 0
2751  21:06:31 read(4, "g", 16384)      = 1
2751  21:06:31 clock_gettime(CLOCK_BOOTTIME, {6079, 560400352}) = 0
2751  21:06:31 clock_gettime(CLOCK_BOOTTIME, {6079, 560455573}) = 0
2751  21:06:31 select(7, [3 4], [3], NULL, NULL) = 1 (out [3])
2751  21:06:31 clock_gettime(CLOCK_BOOTTIME, {6079, 560584727}) = 0
2751  21:06:31 write(3, "\tL\240 !p\214\230G\336\305yT\3\333\vh\240\342Sl\242\276\317n7\307aVJ)\330"..., 36) = 36
2751  21:06:31 clock_gettime(CLOCK_BOOTTIME, {6079, 561133162}) = 0
2751  21:06:31 clock_gettime(CLOCK_BOOTTIME, {6079, 561218051}) = 0
2751  21:06:31 select(7, [3 4], [], NULL, NULL) = 1 (in [3])
2751  21:06:31 clock_gettime(CLOCK_BOOTTIME, {6079, 561970004}) = 0
2751  21:06:31 read(3, "\346RlK\210\\\36\300P{\362\202eS\264\2223\355\364t\246\6?\t\306n555\355\330I"..., 8192) = 36
2751  21:06:31 clock_gettime(CLOCK_BOOTTIME, {6079, 562172220}) = 0
2751  21:06:31 clock_gettime(CLOCK_BOOTTIME, {6079, 562228228}) = 0
2751  21:06:31 select(7, [3 4], [5], NULL, NULL) = 1 (out [5])
2751  21:06:31 clock_gettime(CLOCK_BOOTTIME, {6079, 562359392}) = 0
2751  21:06:31 write(5, "g", 1)         = 1
2751  21:06:31 clock_gettime(CLOCK_BOOTTIME, {6079, 562979705}) = 0
2751  21:06:31 clock_gettime(CLOCK_BOOTTIME, {6079, 563043481}) = 0
2751  21:06:31 select(7, [3 4], [], NULL, NULL) = 1 (in [4])
2751  21:06:31 clock_gettime(CLOCK_BOOTTIME, {6079, 801528503}) = 0
2751  21:06:31 read(4, "\r", 16384)     = 1
2751  21:06:31 clock_gettime(CLOCK_BOOTTIME, {6079, 801588228}) = 0
2751  21:06:31 clock_gettime(CLOCK_BOOTTIME, {6079, 801605778}) = 0
2751  21:06:31 select(7, [3 4], [3], NULL, NULL) = 1 (out [3])
2751  21:06:31 clock_gettime(CLOCK_BOOTTIME, {6079, 801647725}) = 0
2751  21:06:31 write(3, "\205\311\3\22=gG\2535\22FS\226\35@\f3\352\273J\343y.\221\2059\327\6\233\370\352S"..., 36) = 36
2751  21:06:31 clock_gettime(CLOCK_BOOTTIME, {6079, 801755130}) = 0
2751  21:06:31 clock_gettime(CLOCK_BOOTTIME, {6079, 801773820}) = 0
2751  21:06:31 select(7, [3 4], [], NULL, NULL) = 1 (in [3])
2751  21:06:31 clock_gettime(CLOCK_BOOTTIME, {6079, 802515563}) = 0
2751  21:06:31 read(3, "1\234F\245<O)O=%\223\361\345Y\237\v2\212\30\270?\372\215,fz\360\247\353[\232\245"..., 8192) = 36
2751  21:06:31 clock_gettime(CLOCK_BOOTTIME, {6079, 802567611}) = 0
2751  21:06:31 clock_gettime(CLOCK_BOOTTIME, {6079, 802585124}) = 0
2751  21:06:31 select(7, [3 4], [5], NULL, NULL) = 1 (out [5])
2751  21:06:31 clock_gettime(CLOCK_BOOTTIME, {6079, 802626766}) = 0
2751  21:06:31 write(5, "\r\n", 2)      = 2
2751  21:06:31 clock_gettime(CLOCK_BOOTTIME, {6079, 802845842}) = 0
2751  21:06:31 clock_gettime(CLOCK_BOOTTIME, {6079, 802865722}) = 0
2751  21:06:31 select(7, [3 4], [], NULL, NULL) = 1 (in [3])
2751  21:06:31 clock_gettime(CLOCK_BOOTTIME, {6079, 823675992}) = 0
2751  21:06:31 read(3, "\17\212\305\274\34\344c\3500\365\253\330\35B\0326F\2467Zz\343\313+\304p\213\314\v\345&D"..., 8192) = 108
2751  21:06:31 clock_gettime(CLOCK_BOOTTIME, {6079, 823737097}) = 0
2751  21:06:31 clock_gettime(CLOCK_BOOTTIME, {6079, 823754768}) = 0
2751  21:06:31 select(7, [3 4], [5], NULL, NULL) = 1 (out [5])
2751  21:06:31 clock_gettime(CLOCK_BOOTTIME, {6079, 823798126}) = 0
2751  21:06:31 write(5, "-bash: ifconfg: \346\234\252\346\211\276\345\210\260\345\221\275\344\273\244\r"..., 74) = 74
2751  21:06:31 clock_gettime(CLOCK_BOOTTIME, {6079, 824130597}) = 0
2751  21:06:31 clock_gettime(CLOCK_BOOTTIME, {6079, 824150257}) = 0
2751  21:06:31 select(7, [3 4], [], NULL, NULL) = 1 (in [4])
2751  21:06:36 clock_gettime(CLOCK_BOOTTIME, {6084, 659197106}) = 0
2751  21:06:36 read(4, "i", 16384)      = 1
2751  21:06:36 clock_gettime(CLOCK_BOOTTIME, {6084, 659360889}) = 0
2751  21:06:36 clock_gettime(CLOCK_BOOTTIME, {6084, 659443653}) = 0
2751  21:06:36 select(7, [3 4], [3], NULL, NULL) = 1 (out [3])
2751  21:06:36 clock_gettime(CLOCK_BOOTTIME, {6084, 659580199}) = 0
2751  21:06:36 write(3, "@/*\3154\34E\350\256I\34\256\377\336~f:y\2146\223\344x\351L\224o]\201\v\24\204"..., 36) = 36
2751  21:06:36 clock_gettime(CLOCK_BOOTTIME, {6084, 660147928}) = 0
2751  21:06:36 clock_gettime(CLOCK_BOOTTIME, {6084, 660290603}) = 0
2751  21:06:36 select(7, [3 4], [], NULL, NULL) = 1 (in [3])
2751  21:06:36 clock_gettime(CLOCK_BOOTTIME, {6084, 661005564}) = 0
2751  21:06:36 read(3, "\33\342\22\345\213\241Bx\262\"\v\0031\340\363\rT\327\203\377]H\37;#\251\2\306\306\210i\233"..., 8192) = 36
2751  21:06:36 clock_gettime(CLOCK_BOOTTIME, {6084, 661164246}) = 0
2751  21:06:36 clock_gettime(CLOCK_BOOTTIME, {6084, 661218464}) = 0
2751  21:06:36 select(7, [3 4], [5], NULL, NULL) = 1 (out [5])
2751  21:06:36 clock_gettime(CLOCK_BOOTTIME, {6084, 661347002}) = 0
2751  21:06:36 write(5, "i", 1)         = 1
2751  21:06:36 clock_gettime(CLOCK_BOOTTIME, {6084, 661936381}) = 0
2751  21:06:36 clock_gettime(CLOCK_BOOTTIME, {6084, 661998412}) = 0
2751  21:06:36 select(7, [3 4], [], NULL, NULL) = 1 (in [4])
2751  21:06:36 clock_gettime(CLOCK_BOOTTIME, {6084, 835703745}) = 0
2751  21:06:36 read(4, "f", 16384)      = 1
2751  21:06:36 clock_gettime(CLOCK_BOOTTIME, {6084, 835888401}) = 0
2751  21:06:36 clock_gettime(CLOCK_BOOTTIME, {6084, 835943271}) = 0
2751  21:06:36 select(7, [3 4], [3], NULL, NULL) = 1 (out [3])
2751  21:06:36 clock_gettime(CLOCK_BOOTTIME, {6084, 836252020}) = 0
2751  21:06:36 write(3, "\32=G\202\203\216\24qH\30\355T\207\373\362\2348\5\326\367Q\207\230\307\273\363\264Z4\337\351c"..., 36) = 36
2751  21:06:36 clock_gettime(CLOCK_BOOTTIME, {6084, 836778379}) = 0
2751  21:06:36 clock_gettime(CLOCK_BOOTTIME, {6084, 836896779}) = 0
2751  21:06:36 select(7, [3 4], [], NULL, NULL) = 1 (in [3])
2751  21:06:36 clock_gettime(CLOCK_BOOTTIME, {6084, 837764985}) = 0
2751  21:06:36 read(3, "9T+\245O?X\232T\314\361:2\2217\207 \363f\350\255\315\240\277YJ\254v\17,#S"..., 8192) = 36
2751  21:06:36 clock_gettime(CLOCK_BOOTTIME, {6084, 837923711}) = 0
2751  21:06:36 clock_gettime(CLOCK_BOOTTIME, {6084, 837978150}) = 0
2751  21:06:36 select(7, [3 4], [5], NULL, NULL) = 1 (out [5])
2751  21:06:36 clock_gettime(CLOCK_BOOTTIME, {6084, 838110823}) = 0
2751  21:06:36 write(5, "f", 1)         = 1
2751  21:06:36 clock_gettime(CLOCK_BOOTTIME, {6084, 839479763}) = 0
2751  21:06:36 clock_gettime(CLOCK_BOOTTIME, {6084, 839542466}) = 0
2751  21:06:36 select(7, [3 4], [], NULL, NULL) = 1 (in [4])
2751  21:06:36 clock_gettime(CLOCK_BOOTTIME, {6085, 289289823}) = 0
2751  21:06:36 read(4, "c", 16384)      = 1
2751  21:06:36 clock_gettime(CLOCK_BOOTTIME, {6085, 289458732}) = 0
2751  21:06:36 clock_gettime(CLOCK_BOOTTIME, {6085, 289513507}) = 0
2751  21:06:36 select(7, [3 4], [3], NULL, NULL) = 1 (out [3])
2751  21:06:36 clock_gettime(CLOCK_BOOTTIME, {6085, 289643684}) = 0
2751  21:06:36 write(3, "\0108Z\354\351\347\vt\255\231E\327\323\213\214O\216\35;\204\351\334\245T\343X\357\241\201\36\325\211"..., 36) = 36
2751  21:06:36 clock_gettime(CLOCK_BOOTTIME, {6085, 289999260}) = 0
2751  21:06:36 clock_gettime(CLOCK_BOOTTIME, {6085, 290059878}) = 0
2751  21:06:36 select(7, [3 4], [], NULL, NULL) = 1 (in [3])
2751  21:06:36 clock_gettime(CLOCK_BOOTTIME, {6085, 290830975}) = 0
2751  21:06:36 read(3, "\231\334?\v\244\376\237\366uAZ\t\340\220\330\311\274\214\264\306o\32\256\241\367^\336H\24\251\323\263"..., 8192) = 36
2751  21:06:36 clock_gettime(CLOCK_BOOTTIME, {6085, 290988314}) = 0
2751  21:06:37 clock_gettime(CLOCK_BOOTTIME, {6085, 291043409}) = 0
2751  21:06:37 select(7, [3 4], [5], NULL, NULL) = 1 (out [5])
2751  21:06:37 clock_gettime(CLOCK_BOOTTIME, {6085, 291173380}) = 0
2751  21:06:37 write(5, "c", 1)         = 1
2751  21:06:37 clock_gettime(CLOCK_BOOTTIME, {6085, 291294035}) = 0
2751  21:06:37 clock_gettime(CLOCK_BOOTTIME, {6085, 291346024}) = 0
2751  21:06:37 select(7, [3 4], [], NULL, NULL) = 1 (in [4])
2751  21:06:37 clock_gettime(CLOCK_BOOTTIME, {6085, 425465729}) = 0
2751  21:06:37 read(4, "o", 16384)      = 1
2751  21:06:37 clock_gettime(CLOCK_BOOTTIME, {6085, 425683135}) = 0
2751  21:06:37 clock_gettime(CLOCK_BOOTTIME, {6085, 425739624}) = 0
2751  21:06:37 select(7, [3 4], [3], NULL, NULL) = 1 (out [3])
2751  21:06:37 clock_gettime(CLOCK_BOOTTIME, {6085, 425872587}) = 0
2751  21:06:37 write(3, "\33392\\\217\354u%\214\233<j\3608C\326\25\242}X6\246?jdi\330QL\33\200g"..., 36) = 36
2751  21:06:37 clock_gettime(CLOCK_BOOTTIME, {6085, 426399788}) = 0
2751  21:06:37 clock_gettime(CLOCK_BOOTTIME, {6085, 426514354}) = 0
2751  21:06:37 select(7, [3 4], [], NULL, NULL) = 1 (in [3])
2751  21:06:37 clock_gettime(CLOCK_BOOTTIME, {6085, 427296949}) = 0
2751  21:06:37 read(3, "\35\23\331\315\301M\234\235\205j\324\245n\"\20\372\5\211\305\267\371\357_ a\2TE\374\376~v"..., 8192) = 36
2751  21:06:37 clock_gettime(CLOCK_BOOTTIME, {6085, 427461263}) = 0
2751  21:06:37 clock_gettime(CLOCK_BOOTTIME, {6085, 427516269}) = 0
2751  21:06:37 select(7, [3 4], [5], NULL, NULL) = 1 (out [5])
2751  21:06:37 clock_gettime(CLOCK_BOOTTIME, {6085, 427649097}) = 0
2751  21:06:37 write(5, "o", 1)         = 1
2751  21:06:37 clock_gettime(CLOCK_BOOTTIME, {6085, 428276507}) = 0
2751  21:06:37 clock_gettime(CLOCK_BOOTTIME, {6085, 428339560}) = 0
2751  21:06:37 select(7, [3 4], [], NULL, NULL) = 1 (in [4])
2751  21:06:37 clock_gettime(CLOCK_BOOTTIME, {6085, 556191999}) = 0
2751  21:06:37 read(4, "n", 16384)      = 1
2751  21:06:37 clock_gettime(CLOCK_BOOTTIME, {6085, 556371218}) = 0
2751  21:06:37 clock_gettime(CLOCK_BOOTTIME, {6085, 556428498}) = 0
2751  21:06:37 select(7, [3 4], [3], NULL, NULL) = 1 (out [3])
2751  21:06:37 clock_gettime(CLOCK_BOOTTIME, {6085, 556558981}) = 0
2751  21:06:37 write(3, "E\v\367\260\2J8t\323\331\3206r\332Tb\242\211fVC\272_\276p\271C\5\16\321\270\336"..., 36) = 36
2751  21:06:37 clock_gettime(CLOCK_BOOTTIME, {6085, 557097673}) = 0
2751  21:06:37 clock_gettime(CLOCK_BOOTTIME, {6085, 557158066}) = 0
2751  21:06:37 select(7, [3 4], [], NULL, NULL) = 1 (in [3])
2751  21:06:37 clock_gettime(CLOCK_BOOTTIME, {6085, 596393753}) = 0
2751  21:06:37 read(3, "(\351L(A\207\317\224\237\27\236\276\271\316z\277A\276\25V\342\177{Japk\1\376\25\203\360"..., 8192) = 36
2751  21:06:37 clock_gettime(CLOCK_BOOTTIME, {6085, 596451572}) = 0
2751  21:06:37 clock_gettime(CLOCK_BOOTTIME, {6085, 596467802}) = 0
2751  21:06:37 select(7, [3 4], [5], NULL, NULL) = 1 (out [5])
2751  21:06:37 clock_gettime(CLOCK_BOOTTIME, {6085, 596507443}) = 0
2751  21:06:37 write(5, "n", 1)         = 1
2751  21:06:37 clock_gettime(CLOCK_BOOTTIME, {6085, 596748643}) = 0
2751  21:06:37 clock_gettime(CLOCK_BOOTTIME, {6085, 596767368}) = 0
2751  21:06:37 select(7, [3 4], [], NULL, NULL) = 1 (in [4])
2751  21:06:37 clock_gettime(CLOCK_BOOTTIME, {6086, 171225778}) = 0
2751  21:06:37 read(4, "f", 16384)      = 1
2751  21:06:37 clock_gettime(CLOCK_BOOTTIME, {6086, 171389927}) = 0
2751  21:06:37 clock_gettime(CLOCK_BOOTTIME, {6086, 171445088}) = 0
2751  21:06:37 select(7, [3 4], [3], NULL, NULL) = 1 (out [3])
2751  21:06:37 clock_gettime(CLOCK_BOOTTIME, {6086, 171575560}) = 0
2751  21:06:37 write(3, "\36\224L\263\f\334g\277p8na\3026\35\1\275[\204\232\342\306*\321\374\32\37\343\261\361O?"..., 36) = 36
2751  21:06:37 clock_gettime(CLOCK_BOOTTIME, {6086, 171968315}) = 0
2751  21:06:37 clock_gettime(CLOCK_BOOTTIME, {6086, 172144562}) = 0
2751  21:06:37 select(7, [3 4], [], NULL, NULL) = 1 (in [3])
2751  21:06:37 clock_gettime(CLOCK_BOOTTIME, {6086, 172859411}) = 0
2751  21:06:37 read(3, "\245\322\21\260.`yc\317\265\211\241\302\366q.\0]\323\356\374\257N\6\206\255\337\26g=\f\25"..., 8192) = 36
2751  21:06:37 clock_gettime(CLOCK_BOOTTIME, {6086, 173085476}) = 0
2751  21:06:37 clock_gettime(CLOCK_BOOTTIME, {6086, 173140742}) = 0
2751  21:06:37 select(7, [3 4], [5], NULL, NULL) = 1 (out [5])
2751  21:06:37 clock_gettime(CLOCK_BOOTTIME, {6086, 173272142}) = 0
2751  21:06:37 write(5, "f", 1)         = 1
2751  21:06:37 clock_gettime(CLOCK_BOOTTIME, {6086, 173893072}) = 0
2751  21:06:37 clock_gettime(CLOCK_BOOTTIME, {6086, 173956642}) = 0
2751  21:06:37 select(7, [3 4], [], NULL, NULL) = 1 (in [4])
2751  21:06:38 clock_gettime(CLOCK_BOOTTIME, {6086, 373463459}) = 0
2751  21:06:38 read(4, "i", 16384)      = 1
2751  21:06:38 clock_gettime(CLOCK_BOOTTIME, {6086, 373632053}) = 0
2751  21:06:38 clock_gettime(CLOCK_BOOTTIME, {6086, 373687886}) = 0
2751  21:06:38 select(7, [3 4], [3], NULL, NULL) = 1 (out [3])
2751  21:06:38 clock_gettime(CLOCK_BOOTTIME, {6086, 373818849}) = 0
2751  21:06:38 write(3, "\261z-\236\304\335\0b\207\217Lu\366N\376\276}\1\316\340\360\337\26\3261\330\350g=L\214e"..., 36) = 36
2751  21:06:38 clock_gettime(CLOCK_BOOTTIME, {6086, 374137054}) = 0
2751  21:06:38 clock_gettime(CLOCK_BOOTTIME, {6086, 374196455}) = 0
2751  21:06:38 select(7, [3 4], [], NULL, NULL) = 1 (in [3])
2751  21:06:38 clock_gettime(CLOCK_BOOTTIME, {6086, 375489622}) = 0
2751  21:06:38 read(3, "}\16\4\346\3179\272\374\201\27\231\341t\324?\260\rK\342\331\355\2648\253\23w\337/\333\250nV"..., 8192) = 36
2751  21:06:38 clock_gettime(CLOCK_BOOTTIME, {6086, 375660211}) = 0
2751  21:06:38 clock_gettime(CLOCK_BOOTTIME, {6086, 375721044}) = 0
2751  21:06:38 select(7, [3 4], [5], NULL, NULL) = 1 (out [5])
2751  21:06:38 clock_gettime(CLOCK_BOOTTIME, {6086, 375855807}) = 0
2751  21:06:38 write(5, "i", 1)         = 1
2751  21:06:38 clock_gettime(CLOCK_BOOTTIME, {6086, 376477484}) = 0
2751  21:06:38 clock_gettime(CLOCK_BOOTTIME, {6086, 376540763}) = 0
2751  21:06:38 select(7, [3 4], [], NULL, NULL) = 1 (in [4])
2751  21:06:38 clock_gettime(CLOCK_BOOTTIME, {6086, 580823175}) = 0
2751  21:06:38 read(4, "g", 16384)      = 1
2751  21:06:38 clock_gettime(CLOCK_BOOTTIME, {6086, 580990972}) = 0
2751  21:06:38 clock_gettime(CLOCK_BOOTTIME, {6086, 581047130}) = 0
2751  21:06:38 select(7, [3 4], [3], NULL, NULL) = 1 (out [3])
2751  21:06:38 clock_gettime(CLOCK_BOOTTIME, {6086, 581175849}) = 0
2751  21:06:38 write(3, "\340\332\240*\350\211S3\301\27\246\352\371&\374\10\342(\6\353\255b\326\310\212\310\274\240\364\263\251\276"..., 36) = 36
2751  21:06:38 clock_gettime(CLOCK_BOOTTIME, {6086, 581529289}) = 0
2751  21:06:38 clock_gettime(CLOCK_BOOTTIME, {6086, 581588574}) = 0
2751  21:06:38 select(7, [3 4], [], NULL, NULL) = 1 (in [3])
2751  21:06:38 clock_gettime(CLOCK_BOOTTIME, {6086, 582480173}) = 0
2751  21:06:38 read(3, "dK\v\270\255\17\271\32\2\256t\f&i\" \343\350FFT\7:\375\342\354\226N\3637\35V"..., 8192) = 36
2751  21:06:38 clock_gettime(CLOCK_BOOTTIME, {6086, 582640498}) = 0
2751  21:06:38 clock_gettime(CLOCK_BOOTTIME, {6086, 582695699}) = 0
2751  21:06:38 select(7, [3 4], [5], NULL, NULL) = 1 (out [5])
2751  21:06:38 clock_gettime(CLOCK_BOOTTIME, {6086, 582825826}) = 0
2751  21:06:38 write(5, "g", 1)         = 1
2751  21:06:38 clock_gettime(CLOCK_BOOTTIME, {6086, 583443408}) = 0
2751  21:06:38 clock_gettime(CLOCK_BOOTTIME, {6086, 583505560}) = 0
2751  21:06:38 select(7, [3 4], [], NULL, NULL) = 1 (in [4])
2751  21:06:38 clock_gettime(CLOCK_BOOTTIME, {6086, 830738693}) = 0
2751  21:06:38 read(4, "\r", 16384)     = 1
2751  21:06:38 clock_gettime(CLOCK_BOOTTIME, {6086, 830798359}) = 0
2751  21:06:38 clock_gettime(CLOCK_BOOTTIME, {6086, 830816097}) = 0
2751  21:06:38 select(7, [3 4], [3], NULL, NULL) = 1 (out [3])
2751  21:06:38 clock_gettime(CLOCK_BOOTTIME, {6086, 830858776}) = 0
2751  21:06:38 write(3, "H\2536\266\220\375*1\306\3644?o\7\234\20F\316\300q\321\361\273x;\334et)\302x\227"..., 36) = 36
2751  21:06:38 clock_gettime(CLOCK_BOOTTIME, {6086, 830999794}) = 0
2751  21:06:38 clock_gettime(CLOCK_BOOTTIME, {6086, 831031111}) = 0
2751  21:06:38 select(7, [3 4], [], NULL, NULL) = 1 (in [3])
2751  21:06:38 clock_gettime(CLOCK_BOOTTIME, {6086, 831640299}) = 0
2751  21:06:38 read(3, "\16\326\232|\323\235=\230@\303\321w};\211U\362\257\225\332\177hL\360\312\354\344M\3218.\17"..., 8192) = 36
2751  21:06:38 clock_gettime(CLOCK_BOOTTIME, {6086, 831695646}) = 0
2751  21:06:38 clock_gettime(CLOCK_BOOTTIME, {6086, 831713279}) = 0
2751  21:06:38 select(7, [3 4], [5], NULL, NULL) = 1 (out [5])
2751  21:06:38 clock_gettime(CLOCK_BOOTTIME, {6086, 831754952}) = 0
2751  21:06:38 write(5, "\r\n", 2)      = 2
2751  21:06:38 clock_gettime(CLOCK_BOOTTIME, {6086, 832012833}) = 0
2751  21:06:38 clock_gettime(CLOCK_BOOTTIME, {6086, 832036411}) = 0
2751  21:06:38 select(7, [3 4], [], NULL, NULL) = 1 (in [3])
2751  21:06:38 clock_gettime(CLOCK_BOOTTIME, {6086, 891058964}) = 0
2751  21:06:38 read(3, "\331D\363R\271LB\251\16M\315\2070\341\375\0\241r\317\344\304\333\333f\242\307`Nrc\246B"..., 8192) = 972
2751  21:06:38 clock_gettime(CLOCK_BOOTTIME, {6086, 891452897}) = 0
2751  21:06:38 clock_gettime(CLOCK_BOOTTIME, {6086, 891510809}) = 0
2751  21:06:38 select(7, [3 4], [5], NULL, NULL) = 1 (out [5])
2751  21:06:38 clock_gettime(CLOCK_BOOTTIME, {6086, 891648002}) = 0
2751  21:06:38 write(5, "ens33: flags=4163<UP,BROADCAST,R"..., 936) = 936
2751  21:06:38 clock_gettime(CLOCK_BOOTTIME, {6086, 892549817}) = 0
2751  21:06:38 clock_gettime(CLOCK_BOOTTIME, {6086, 892613452}) = 0
2751  21:06:38 select(7, [3 4], [], NULL, NULL) = 1 (in [4])
2751  21:06:43 clock_gettime(CLOCK_BOOTTIME, {6091, 593047886}) = 0
2751  21:06:43 read(4, "e", 16384)      = 1
2751  21:06:43 clock_gettime(CLOCK_BOOTTIME, {6091, 593226794}) = 0
2751  21:06:43 clock_gettime(CLOCK_BOOTTIME, {6091, 593281514}) = 0
2751  21:06:43 select(7, [3 4], [3], NULL, NULL) = 1 (out [3])
2751  21:06:43 clock_gettime(CLOCK_BOOTTIME, {6091, 593409861}) = 0
2751  21:06:43 write(3, "\322\230\274\212\360\220\34\343\203\10\351\215< \242B\334\210\315\225\221\330y\231\330\354\215\32\214\336\232["..., 36) = 36
2751  21:06:43 clock_gettime(CLOCK_BOOTTIME, {6091, 593800126}) = 0
2751  21:06:43 clock_gettime(CLOCK_BOOTTIME, {6091, 593860278}) = 0
2751  21:06:43 select(7, [3 4], [], NULL, NULL) = 1 (in [3])
2751  21:06:43 clock_gettime(CLOCK_BOOTTIME, {6091, 594551478}) = 0
2751  21:06:43 read(3, "\252H\242\304\374\"\371\360\"6C\377\354U\355\366\230\232t\304 2\202\220\226a\10\306:\363\203\307"..., 8192) = 36
2751  21:06:43 clock_gettime(CLOCK_BOOTTIME, {6091, 594715818}) = 0
2751  21:06:43 clock_gettime(CLOCK_BOOTTIME, {6091, 594771023}) = 0
2751  21:06:43 select(7, [3 4], [5], NULL, NULL) = 1 (out [5])
2751  21:06:43 clock_gettime(CLOCK_BOOTTIME, {6091, 594900784}) = 0
2751  21:06:43 write(5, "e", 1)         = 1
2751  21:06:43 clock_gettime(CLOCK_BOOTTIME, {6091, 595255543}) = 0
2751  21:06:43 clock_gettime(CLOCK_BOOTTIME, {6091, 595330424}) = 0
2751  21:06:43 select(7, [3 4], [], NULL, NULL) = 1 (in [4])
2751  21:06:43 clock_gettime(CLOCK_BOOTTIME, {6091, 848833208}) = 0
2751  21:06:43 read(4, "x", 16384)      = 1
2751  21:06:43 clock_gettime(CLOCK_BOOTTIME, {6091, 848893879}) = 0
2751  21:06:43 clock_gettime(CLOCK_BOOTTIME, {6091, 848912219}) = 0
2751  21:06:43 select(7, [3 4], [3], NULL, NULL) = 1 (out [3])
2751  21:06:43 clock_gettime(CLOCK_BOOTTIME, {6091, 848954486}) = 0
2751  21:06:43 write(3, "V~\355\372\216\336gKU\331\336\247$\274\371B\276\10\372\204\356c\252{J\250\22\351g?\260\t"..., 36) = 36
2751  21:06:43 clock_gettime(CLOCK_BOOTTIME, {6091, 849070089}) = 0
2751  21:06:43 clock_gettime(CLOCK_BOOTTIME, {6091, 849089039}) = 0
2751  21:06:43 select(7, [3 4], [], NULL, NULL) = 1 (in [3])
2751  21:06:43 clock_gettime(CLOCK_BOOTTIME, {6091, 849364820}) = 0
2751  21:06:43 read(3, "\257m$\234{\370R\346\310\220\355\327\30r\370\247\251#\264\3K\362\225\317]\250\361\201\330\6\341\266"..., 8192) = 36
2751  21:06:43 clock_gettime(CLOCK_BOOTTIME, {6091, 849411719}) = 0
2751  21:06:43 clock_gettime(CLOCK_BOOTTIME, {6091, 849428947}) = 0
2751  21:06:43 select(7, [3 4], [5], NULL, NULL) = 1 (out [5])
2751  21:06:43 clock_gettime(CLOCK_BOOTTIME, {6091, 849468368}) = 0
2751  21:06:43 write(5, "x", 1)         = 1
2751  21:06:43 clock_gettime(CLOCK_BOOTTIME, {6091, 849506806}) = 0
2751  21:06:43 clock_gettime(CLOCK_BOOTTIME, {6091, 849523587}) = 0
2751  21:06:43 select(7, [3 4], [], NULL, NULL) = 1 (in [4])
2751  21:06:43 clock_gettime(CLOCK_BOOTTIME, {6092, 242886207}) = 0
2751  21:06:43 read(4, "i", 16384)      = 1
2751  21:06:43 clock_gettime(CLOCK_BOOTTIME, {6092, 243053093}) = 0
2751  21:06:43 clock_gettime(CLOCK_BOOTTIME, {6092, 243108499}) = 0
2751  21:06:43 select(7, [3 4], [3], NULL, NULL) = 1 (out [3])
2751  21:06:43 clock_gettime(CLOCK_BOOTTIME, {6092, 243266800}) = 0
2751  21:06:43 write(3, "\266\31\0340\3066F\307nX\200\2232\227\243}\331/g'T.)\302\207\235\252\203\310\306\260\37"..., 36) = 36
2751  21:06:43 clock_gettime(CLOCK_BOOTTIME, {6092, 243634463}) = 0
2751  21:06:43 clock_gettime(CLOCK_BOOTTIME, {6092, 243694099}) = 0
2751  21:06:43 select(7, [3 4], [], NULL, NULL) = 1 (in [3])
2751  21:06:43 clock_gettime(CLOCK_BOOTTIME, {6092, 244421226}) = 0
2751  21:06:43 read(3, "\1\343\367\234\2632=\214%\342\345=r\r\307\203\274Q\231\211*\317? \327pb\275\334Z\214\203"..., 8192) = 36
2751  21:06:43 clock_gettime(CLOCK_BOOTTIME, {6092, 244580680}) = 0
2751  21:06:43 clock_gettime(CLOCK_BOOTTIME, {6092, 244697466}) = 0
2751  21:06:43 select(7, [3 4], [5], NULL, NULL) = 1 (out [5])
2751  21:06:43 clock_gettime(CLOCK_BOOTTIME, {6092, 244833516}) = 0
2751  21:06:43 write(5, "i", 1)         = 1
2751  21:06:43 clock_gettime(CLOCK_BOOTTIME, {6092, 245507918}) = 0
2751  21:06:43 clock_gettime(CLOCK_BOOTTIME, {6092, 245570536}) = 0
2751  21:06:43 select(7, [3 4], [], NULL, NULL) = 1 (in [4])
2751  21:06:44 clock_gettime(CLOCK_BOOTTIME, {6092, 439420550}) = 0
2751  21:06:44 read(4, "t", 16384)      = 1
2751  21:06:44 clock_gettime(CLOCK_BOOTTIME, {6092, 439587059}) = 0
2751  21:06:44 clock_gettime(CLOCK_BOOTTIME, {6092, 439641764}) = 0
2751  21:06:44 select(7, [3 4], [3], NULL, NULL) = 1 (out [3])
2751  21:06:44 clock_gettime(CLOCK_BOOTTIME, {6092, 439770131}) = 0
2751  21:06:44 write(3, "\243/tO\177t\274=\350-R9\0\3254w\7\5\273\\59\312Z\322\226Y'\17\224t\367"..., 36) = 36
2751  21:06:44 clock_gettime(CLOCK_BOOTTIME, {6092, 440086102}) = 0
2751  21:06:44 clock_gettime(CLOCK_BOOTTIME, {6092, 440145427}) = 0
2751  21:06:44 select(7, [3 4], [], NULL, NULL) = 1 (in [3])
2751  21:06:44 clock_gettime(CLOCK_BOOTTIME, {6092, 441014077}) = 0
2751  21:06:44 read(3, "\342)\237\231\231~\4\4\26f\23\272\203\356o\361\375\302 <\3614\326\342\236>\31\245G\366X\376"..., 8192) = 36
2751  21:06:44 clock_gettime(CLOCK_BOOTTIME, {6092, 441271940}) = 0
2751  21:06:44 clock_gettime(CLOCK_BOOTTIME, {6092, 441387808}) = 0
2751  21:06:44 select(7, [3 4], [5], NULL, NULL) = 1 (out [5])
2751  21:06:44 clock_gettime(CLOCK_BOOTTIME, {6092, 441572760}) = 0
2751  21:06:44 write(5, "t", 1)         = 1
2751  21:06:44 clock_gettime(CLOCK_BOOTTIME, {6092, 442132927}) = 0
2751  21:06:44 clock_gettime(CLOCK_BOOTTIME, {6092, 442193314}) = 0
2751  21:06:44 select(7, [3 4], [], NULL, NULL) = 1 (in [4])
2751  21:06:44 clock_gettime(CLOCK_BOOTTIME, {6092, 615110494}) = 0
2751  21:06:44 read(4, "\r", 16384)     = 1
2751  21:06:44 clock_gettime(CLOCK_BOOTTIME, {6092, 615167979}) = 0
2751  21:06:44 clock_gettime(CLOCK_BOOTTIME, {6092, 615185778}) = 0
2751  21:06:44 select(7, [3 4], [3], NULL, NULL) = 1 (out [3])
2751  21:06:44 clock_gettime(CLOCK_BOOTTIME, {6092, 615227902}) = 0
2751  21:06:44 write(3, "Q_\361/Yc\356Us\26N\376F\251\221V\236\0022\200\362QX2\347\262\236\222\363\2k#"..., 36) = 36
2751  21:06:44 clock_gettime(CLOCK_BOOTTIME, {6092, 615379663}) = 0
2751  21:06:44 clock_gettime(CLOCK_BOOTTIME, {6092, 615412021}) = 0
2751  21:06:44 select(7, [3 4], [], NULL, NULL) = 1 (in [3])
2751  21:06:44 clock_gettime(CLOCK_BOOTTIME, {6092, 685997430}) = 0
2751  21:06:44 read(3, "}\242\247(\346\214\356\314\314\276S\274\nn\323mN\314\330\320\370y_9~\241|L\205\225\177\223"..., 8192) = 36
2751  21:06:44 clock_gettime(CLOCK_BOOTTIME, {6092, 686169302}) = 0
2751  21:06:44 clock_gettime(CLOCK_BOOTTIME, {6092, 686340267}) = 0
2751  21:06:44 select(7, [3 4], [5], NULL, NULL) = 1 (out [5])
2751  21:06:44 clock_gettime(CLOCK_BOOTTIME, {6092, 686477895}) = 0
2751  21:06:44 write(5, "\r\n", 2)      = 2
2751  21:06:44 clock_gettime(CLOCK_BOOTTIME, {6092, 687101772}) = 0
2751  21:06:44 clock_gettime(CLOCK_BOOTTIME, {6092, 687163297}) = 0
2751  21:06:44 select(7, [3 4], [], NULL, NULL) = 1 (in [3])
2751  21:06:44 clock_gettime(CLOCK_BOOTTIME, {6092, 688156577}) = 0
2751  21:06:44 read(3, "\307*\353v\343\304%N\231\23\6\245\353\234\267\312F\323E:v\0:q}u\326D\17\277Q["..., 8192) = 44
2751  21:06:44 clock_gettime(CLOCK_BOOTTIME, {6092, 688345156}) = 0
2751  21:06:44 clock_gettime(CLOCK_BOOTTIME, {6092, 688407398}) = 0
2751  21:06:44 select(7, [3 4], [5], NULL, NULL) = 1 (out [5])
2751  21:06:44 clock_gettime(CLOCK_BOOTTIME, {6092, 688537906}) = 0
2751  21:06:44 write(5, "\347\231\273\345\207\272\r\n", 8) = 8
2751  21:06:44 clock_gettime(CLOCK_BOOTTIME, {6092, 689321927}) = 0
2751  21:06:44 clock_gettime(CLOCK_BOOTTIME, {6092, 689383798}) = 0
2751  21:06:44 select(7, [3 4], [], NULL, NULL) = 1 (in [3])
2751  21:06:44 clock_gettime(CLOCK_BOOTTIME, {6092, 849292663}) = 0
2751  21:06:44 read(3, ".\320B\251\202\352OP\234\203\317\271'\272\233\264\37\376\234\221QSw\225\321z\0\340\vz\375\33"..., 8192) = 176
2751  21:06:44 close(4)                 = 0
2751  21:06:44 close(5)                 = 0
2751  21:06:44 clock_gettime(CLOCK_BOOTTIME, {6092, 866510326}) = 0
2751  21:06:44 clock_gettime(CLOCK_BOOTTIME, {6092, 866582400}) = 0
2751  21:06:44 ioctl(0, SNDCTL_TMR_STOP or TCSETSW, {B38400 opost isig icanon echo ...}) = 0
2751  21:06:44 close(6)                 = 0
2751  21:06:44 select(7, [3], [3], NULL, NULL) = 1 (out [3])
2751  21:06:44 clock_gettime(CLOCK_BOOTTIME, {6092, 867237238}) = 0
2751  21:06:44 write(3, "\337\2504\236\363F\267\375mUI\270\16X\260\301\22\253\330L\253\3\357Y\363\27\247\307\t?0\231"..., 36) = 36
2751  21:06:44 rt_sigaction(SIGWINCH, NULL, {0x7f5bb137f6a0, [], SA_RESTORER, 0x7f5bafeeb270}, 8) = 0
2751  21:06:44 rt_sigaction(SIGWINCH, {SIG_DFL, [], SA_RESTORER, 0x7f5bafeeb270}, NULL, 8) = 0
2751  21:06:44 write(3, "\304\361!l\275\227H\10\326\25\230\360\327?\r\257\325V\217\4\23\227\24\2343d\337\233GC\306f"..., 60) = 60
2751  21:06:44 ioctl(0, TCGETS, {B38400 opost isig icanon echo ...}) = 0
2751  21:06:44 ioctl(1, TCGETS, {B38400 opost isig icanon echo ...}) = 0
2751  21:06:44 ioctl(2, TCGETS, {B38400 opost isig icanon echo ...}) = 0
2751  21:06:44 write(2, "Connection to 192.168.1.101 clos"..., 37) = 37
2751  21:06:44 close(3)                 = 0
2751  21:06:44 exit_group(0)            = ?
2751  21:06:44 +++ exited with 0 +++
