6217  10:12:24 select(4, [3], NULL, NULL, NULL <unfinished ...>
6213  10:12:24 wait4(-1,  <unfinished ...>
6217  10:12:24 <... select resumed> )   = 1 (in [3])
6217  10:12:24 read(3, "\0\0\1\4\n\37\0\0\0h\0\0\0\23ecdsa-sha2-nistp25"..., 8192) = 280
6217  10:12:24 open("/root/.ssh/known_hosts", O_RDONLY) = 4
6217  10:12:24 fstat(4, {st_mode=S_IFREG|0644, st_size=700, ...}) = 0
6217  10:12:24 mmap(NULL, 4096, PROT_READ|PROT_WRITE, MAP_PRIVATE|MAP_ANONYMOUS, -1, 0) = 0x7f987b1d0000
6217  10:12:24 read(4, "192.168.1.105 ecdsa-sha2-nistp25"..., 4096) = 700
6217  10:12:24 read(4, "", 4096)        = 0
6217  10:12:24 close(4)                 = 0
6217  10:12:24 munmap(0x7f987b1d0000, 4096) = 0
6217  10:12:24 open("/root/.ssh/known_hosts2", O_RDONLY) = -1 ENOENT (No such file or directory)
6217  10:12:24 open("/usr/local/openssh7/etc/ssh_known_hosts", O_RDONLY) = -1 ENOENT (No such file or directory)
6217  10:12:24 open("/usr/local/openssh7/etc/ssh_known_hosts2", O_RDONLY) = -1 ENOENT (No such file or directory)
6217  10:12:24 clock_gettime(CLOCK_BOOTTIME, {14008, 718977880}) = 0
6217  10:12:24 write(3, "\0\0\0\f\n\25\0\0\0\0\0\0\0\0\0\0", 16) = 16
6217  10:12:24 write(3, "\334\213.\216\204\366Y\264?\35=O\32\341u\351MS\207\311\212*e\234\204\351G\330\230\245\341\242"..., 44) = 44
6217  10:12:24 select(4, [3], NULL, NULL, NULL) = 1 (in [3])
6217  10:12:24 read(3, ";\360-!\206\302I5\252\2\210\334\337\25M\320/\313\375p\221\247Z\256G\10\357\1 \344\303\356"..., 8192) = 44
6217  10:12:24 write(3, "#\336\2iesE\335D\376\325\244\251\366Ot?-\311\32\336\373\213\275wP\256A&\30m\361"..., 60) = 60
6217  10:12:24 select(4, [3], NULL, NULL, NULL) = 1 (in [3])
6217  10:12:24 read(3, "\224c\21X\33707\302\334\v\177Y 5\244f\5\267\375\305\20x\351\32\22\276A\324\3149\336\257"..., 8192) = 84
6217  10:12:24 stat("/root/.ssh/id_rsa", 0x7fffab9c5e20) = -1 ENOENT (No such file or directory)
6217  10:12:24 stat("/root/.ssh/id_dsa", 0x7fffab9c5e20) = -1 ENOENT (No such file or directory)
6217  10:12:24 stat("/root/.ssh/id_ecdsa", 0x7fffab9c5e20) = -1 ENOENT (No such file or directory)
6217  10:12:24 stat("/root/.ssh/id_ed25519", 0x7fffab9c5e20) = -1 ENOENT (No such file or directory)
6217  10:12:24 open("/dev/tty", O_RDWR) = 4
6217  10:12:24 close(4)                 = 0
6217  10:12:24 open("/dev/tty", O_RDWR) = 4
6217  10:12:24 ioctl(4, TCGETS, {B38400 opost isig icanon echo ...}) = 0
6217  10:12:24 ioctl(4, SNDCTL_TMR_CONTINUE or TCSETSF, {B38400 opost isig icanon -echo ...}) = 0
6217  10:12:24 rt_sigaction(SIGALRM, {0x7f987b23f370, [], SA_RESTORER, 0x7f9879d55270}, {SIG_DFL, [], 0}, 8) = 0
6217  10:12:24 rt_sigaction(SIGHUP, {0x7f987b23f370, [], SA_RESTORER, 0x7f9879d55270}, {SIG_DFL, [], 0}, 8) = 0
6217  10:12:24 rt_sigaction(SIGINT, {0x7f987b23f370, [], SA_RESTORER, 0x7f9879d55270}, {SIG_DFL, [], 0}, 8) = 0
6217  10:12:24 rt_sigaction(SIGPIPE, {0x7f987b23f370, [], SA_RESTORER, 0x7f9879d55270}, {SIG_IGN, [], SA_RESTORER, 0x7f9879d55270}, 8) = 0
6217  10:12:24 rt_sigaction(SIGQUIT, {0x7f987b23f370, [], SA_RESTORER, 0x7f9879d55270}, {SIG_DFL, [], 0}, 8) = 0
6217  10:12:24 rt_sigaction(SIGTERM, {0x7f987b23f370, [], SA_RESTORER, 0x7f9879d55270}, {SIG_DFL, [], 0}, 8) = 0
6217  10:12:24 rt_sigaction(SIGTSTP, {0x7f987b23f370, [], SA_RESTORER, 0x7f9879d55270}, {SIG_DFL, [], 0}, 8) = 0
6217  10:12:24 rt_sigaction(SIGTTIN, {0x7f987b23f370, [], SA_RESTORER, 0x7f9879d55270}, {SIG_DFL, [], 0}, 8) = 0
6217  10:12:24 rt_sigaction(SIGTTOU, {0x7f987b23f370, [], SA_RESTORER, 0x7f9879d55270}, {SIG_DFL, [], 0}, 8) = 0
6217  10:12:24 write(4, "root@192.168.1.101's password: ", 31) = 31
6217  10:12:24 read(4, "1", 1)          = 1
6217  10:12:24 read(4, "\n", 1)         = 1
6217  10:12:24 write(4, "\n", 1)        = 1
6217  10:12:24 ioctl(4, SNDCTL_TMR_CONTINUE or TCSETSF, {B38400 opost isig icanon echo ...}) = 0
6217  10:12:24 rt_sigaction(SIGALRM, {SIG_DFL, [], SA_RESTORER, 0x7f9879d55270}, NULL, 8) = 0
6217  10:12:24 rt_sigaction(SIGHUP, {SIG_DFL, [], SA_RESTORER, 0x7f9879d55270}, NULL, 8) = 0
6217  10:12:24 rt_sigaction(SIGINT, {SIG_DFL, [], SA_RESTORER, 0x7f9879d55270}, NULL, 8) = 0
6217  10:12:24 rt_sigaction(SIGQUIT, {SIG_DFL, [], SA_RESTORER, 0x7f9879d55270}, NULL, 8) = 0
6217  10:12:24 rt_sigaction(SIGPIPE, {SIG_IGN, [], SA_RESTORER, 0x7f9879d55270}, NULL, 8) = 0
6217  10:12:24 rt_sigaction(SIGTERM, {SIG_DFL, [], SA_RESTORER, 0x7f9879d55270}, NULL, 8) = 0
6217  10:12:24 rt_sigaction(SIGTSTP, {SIG_DFL, [], SA_RESTORER, 0x7f9879d55270}, NULL, 8) = 0
6217  10:12:24 rt_sigaction(SIGTTIN, {SIG_DFL, [], SA_RESTORER, 0x7f9879d55270}, NULL, 8) = 0
6217  10:12:24 rt_sigaction(SIGTTOU, {SIG_DFL, [], SA_RESTORER, 0x7f9879d55270}, NULL, 8) = 0
6217  10:12:24 close(4)                 = 0
6217  10:12:24 write(3, "\337+S}n\231\211\2625\276\30\317t\364a~\365'J0dUu\223\375\17\222\20\356\1\365!"..., 84) = 84
6217  10:12:24 select(4, [3], NULL, NULL, NULL) = 1 (in [3])
6217  10:12:24 read(3, "\343\303\10\242\216\rd\375\346\30\214q\317\331\326\377#f\316\251lLQ0\245S\210,", 8192) = 28
6217  10:12:24 dup(0)                   = 4
6217  10:12:24 dup(1)                   = 5
6217  10:12:24 dup(2)                   = 6
6217  10:12:24 ioctl(4, TCGETS, {B38400 opost isig icanon echo ...}) = 0
6217  10:12:24 ioctl(5, TCGETS, {B38400 opost isig icanon echo ...}) = 0
6217  10:12:24 ioctl(6, TCGETS, {B38400 opost isig icanon echo ...}) = 0
6217  10:12:24 fcntl(4, F_SETFD, FD_CLOEXEC) = 0
6217  10:12:24 fcntl(5, F_SETFD, FD_CLOEXEC) = 0
6217  10:12:24 fcntl(6, F_SETFD, FD_CLOEXEC) = 0
6217  10:12:24 rt_sigaction(SIGHUP, NULL, {SIG_DFL, [], SA_RESTORER, 0x7f9879d55270}, 8) = 0
6217  10:12:24 rt_sigaction(SIGHUP, {SIG_IGN, [], SA_RESTORER, 0x7f9879d55270}, NULL, 8) = 0
6217  10:12:24 rt_sigaction(SIGHUP, NULL, {SIG_IGN, [], SA_RESTORER, 0x7f9879d55270}, 8) = 0
6217  10:12:24 rt_sigaction(SIGHUP, {0x7f987b1e9410, [], SA_RESTORER, 0x7f9879d55270}, NULL, 8) = 0
6217  10:12:24 rt_sigaction(SIGINT, NULL, {SIG_DFL, [], SA_RESTORER, 0x7f9879d55270}, 8) = 0
6217  10:12:24 rt_sigaction(SIGINT, {SIG_IGN, [], SA_RESTORER, 0x7f9879d55270}, NULL, 8) = 0
6217  10:12:24 rt_sigaction(SIGINT, NULL, {SIG_IGN, [], SA_RESTORER, 0x7f9879d55270}, 8) = 0
6217  10:12:24 rt_sigaction(SIGINT, {0x7f987b1e9410, [], SA_RESTORER, 0x7f9879d55270}, NULL, 8) = 0
6217  10:12:24 rt_sigaction(SIGQUIT, NULL, {SIG_DFL, [], SA_RESTORER, 0x7f9879d55270}, 8) = 0
6217  10:12:24 rt_sigaction(SIGQUIT, {SIG_IGN, [], SA_RESTORER, 0x7f9879d55270}, NULL, 8) = 0
6217  10:12:24 rt_sigaction(SIGQUIT, NULL, {SIG_IGN, [], SA_RESTORER, 0x7f9879d55270}, 8) = 0
6217  10:12:24 rt_sigaction(SIGQUIT, {0x7f987b1e9410, [], SA_RESTORER, 0x7f9879d55270}, NULL, 8) = 0
6217  10:12:24 rt_sigaction(SIGTERM, NULL, {SIG_DFL, [], SA_RESTORER, 0x7f9879d55270}, 8) = 0
6217  10:12:24 rt_sigaction(SIGTERM, {SIG_IGN, [], SA_RESTORER, 0x7f9879d55270}, NULL, 8) = 0
6217  10:12:24 rt_sigaction(SIGTERM, NULL, {SIG_IGN, [], SA_RESTORER, 0x7f9879d55270}, 8) = 0
6217  10:12:24 rt_sigaction(SIGTERM, {0x7f987b1e9410, [], SA_RESTORER, 0x7f9879d55270}, NULL, 8) = 0
6217  10:12:24 rt_sigaction(SIGWINCH, NULL, {SIG_DFL, [], 0}, 8) = 0
6217  10:12:24 rt_sigaction(SIGWINCH, {0x7f987b1e96a0, [], SA_RESTORER, 0x7f9879d55270}, NULL, 8) = 0
6217  10:12:24 ioctl(0, TCGETS, {B38400 opost isig icanon echo ...}) = 0
6217  10:12:24 ioctl(0, SNDCTL_TMR_STOP or TCSETSW, {B38400 -opost -isig -icanon -echo ...}) = 0
6217  10:12:24 clock_gettime(CLOCK_BOOTTIME, {14008, 786017089}) = 0
6217  10:12:24 clock_gettime(CLOCK_BOOTTIME, {14008, 786029515}) = 0
6217  10:12:24 select(7, [3], [3], NULL, NULL) = 1 (out [3])
6217  10:12:24 clock_gettime(CLOCK_BOOTTIME, {14008, 786054301}) = 0
6217  10:12:24 write(3, "\274b/p\232\v\223\341G\353=\345\261Y\266H\303|\326[\221\352\343?\222\323\3229C/\256'"..., 112) = 112
6217  10:12:24 clock_gettime(CLOCK_BOOTTIME, {14008, 786138924}) = 0
6217  10:12:24 clock_gettime(CLOCK_BOOTTIME, {14008, 786149755}) = 0
6217  10:12:24 select(7, [3], [], NULL, NULL) = 1 (in [3])
6217  10:12:24 clock_gettime(CLOCK_BOOTTIME, {14008, 944587456}) = 0
6217  10:12:24 read(3, "\16\323\21~j\334q\360sX\354\r\262\245nAH;W0-4\343\6\366\244\233R{oT\200"..., 8192) = 44
6217  10:12:24 getsockopt(3, SOL_TCP, TCP_NODELAY, [0], [4]) = 0
6217  10:12:24 setsockopt(3, SOL_TCP, TCP_NODELAY, [1], 4) = 0
6217  10:12:24 getsockname(3, {sa_family=AF_INET, sin_port=htons(49766), sin_addr=inet_addr("192.168.1.102")}, [16]) = 0
6217  10:12:24 setsockopt(3, SOL_IP, IP_TOS, [16], 4) = 0
6217  10:12:24 ioctl(0, TIOCGWINSZ, {ws_row=27, ws_col=135, ws_xpixel=0, ws_ypixel=0}) = 0
6217  10:12:24 clock_gettime(CLOCK_BOOTTIME, {14008, 944739107}) = 0
6217  10:12:24 clock_gettime(CLOCK_BOOTTIME, {14008, 944749757}) = 0
6217  10:12:24 select(7, [3], [3], NULL, NULL) = 1 (out [3])
6217  10:12:24 clock_gettime(CLOCK_BOOTTIME, {14008, 944774468}) = 0
6217  10:12:24 write(3, " \350OR\221\2576\2278|\327~\307\303\333Rl\3452I\342\231\231u\345\227\304\362\320\214{("..., 376) = 376
6217  10:12:24 clock_gettime(CLOCK_BOOTTIME, {14008, 944852350}) = 0
6217  10:12:24 clock_gettime(CLOCK_BOOTTIME, {14008, 944863117}) = 0
6217  10:12:24 select(7, [3], [], NULL, NULL) = 1 (in [3])
6217  10:12:24 clock_gettime(CLOCK_BOOTTIME, {14008, 952994091}) = 0
6217  10:12:24 read(3, "\n3\346\370\333\356do\373 \32\216\320#\257`\251\230k\17Z\343R1b\206\26\321\250\301\244c"..., 8192) = 108
6217  10:12:24 clock_gettime(CLOCK_BOOTTIME, {14008, 953036495}) = 0
6217  10:12:24 clock_gettime(CLOCK_BOOTTIME, {14008, 953046769}) = 0
6217  10:12:24 select(7, [3 4], [], NULL, NULL) = 1 (in [3])
6217  10:12:24 clock_gettime(CLOCK_BOOTTIME, {14008, 959988054}) = 0
6217  10:12:24 read(3, "\253\v\313H~\207\301M\2\207\33\341A\222b~B\5\2\270\322\220\6\345\265\v\350\305>\307AW"..., 8192) = 92
6217  10:12:24 clock_gettime(CLOCK_BOOTTIME, {14008, 960070712}) = 0
6217  10:12:24 clock_gettime(CLOCK_BOOTTIME, {14008, 960080933}) = 0
6217  10:12:24 select(7, [3 4], [5], NULL, NULL) = 1 (out [5])
6217  10:12:24 clock_gettime(CLOCK_BOOTTIME, {14008, 960107152}) = 0
6217  10:12:24 write(5, "Last login: Tue Apr 10 17:36:51 "..., 58) = 58
6217  10:12:24 clock_gettime(CLOCK_BOOTTIME, {14008, 960306108}) = 0
6217  10:12:24 clock_gettime(CLOCK_BOOTTIME, {14008, 960317785}) = 0
6217  10:12:24 select(7, [3 4], [], NULL, NULL) = 1 (in [3])
6217  10:12:24 clock_gettime(CLOCK_BOOTTIME, {14008, 977545948}) = 0
6217  10:12:24 read(3, "\367\337\201!36\333\321(\177:\231\202\3403~`-i\355A\234\2451W\272\2628\216\317\232\213"..., 8192) = 84
6217  10:12:24 clock_gettime(CLOCK_BOOTTIME, {14008, 977593056}) = 0
6217  10:12:24 clock_gettime(CLOCK_BOOTTIME, {14008, 977604649}) = 0
6217  10:12:24 select(7, [3 4], [5], NULL, NULL) = 1 (out [5])
6217  10:12:24 clock_gettime(CLOCK_BOOTTIME, {14008, 977633071}) = 0
6217  10:12:24 write(5, "\33]0;root@localhost:~\7\33[?1034h[ro"..., 49) = 49
6217  10:12:24 clock_gettime(CLOCK_BOOTTIME, {14008, 978004233}) = 0
6217  10:12:24 clock_gettime(CLOCK_BOOTTIME, {14008, 978017298}) = 0
6217  10:12:24 select(7, [3 4], [], NULL, NULL) = 1 (in [4])
6217  10:12:26 clock_gettime(CLOCK_BOOTTIME, {14010, 348464178}) = 0
6217  10:12:26 read(4, "i", 16384)      = 1
6217  10:12:26 clock_gettime(CLOCK_BOOTTIME, {14010, 348519949}) = 0
6217  10:12:26 clock_gettime(CLOCK_BOOTTIME, {14010, 348535424}) = 0
6217  10:12:26 select(7, [3 4], [3], NULL, NULL) = 1 (out [3])
6217  10:12:26 clock_gettime(CLOCK_BOOTTIME, {14010, 348572343}) = 0
6217  10:12:26 write(3, "$\227\200&\22,\201\3577\3\3256\36wq\321\320\241\333\271\304d\260\361L6\374yq\337\364\362"..., 36) = 36
6217  10:12:26 clock_gettime(CLOCK_BOOTTIME, {14010, 348673430}) = 0
6217  10:12:26 clock_gettime(CLOCK_BOOTTIME, {14010, 348689264}) = 0
6217  10:12:26 select(7, [3 4], [], NULL, NULL) = 1 (in [3])
6217  10:12:26 clock_gettime(CLOCK_BOOTTIME, {14010, 349033676}) = 0
6217  10:12:26 read(3, "\350\243\234I\365~\262@bB\305PfH:(\4\237\230\25\241w\247\336\6VS\256t\336B["..., 8192) = 36
6217  10:12:26 clock_gettime(CLOCK_BOOTTIME, {14010, 349077232}) = 0
6217  10:12:26 clock_gettime(CLOCK_BOOTTIME, {14010, 349092024}) = 0
6217  10:12:26 select(7, [3 4], [5], NULL, NULL) = 1 (out [5])
6217  10:12:26 clock_gettime(CLOCK_BOOTTIME, {14010, 349128483}) = 0
6217  10:12:26 write(5, "i", 1)         = 1
6217  10:12:26 clock_gettime(CLOCK_BOOTTIME, {14010, 349347216}) = 0
6217  10:12:26 clock_gettime(CLOCK_BOOTTIME, {14010, 349375970}) = 0
6217  10:12:26 select(7, [3 4], [], NULL, NULL) = 1 (in [4])
6217  10:12:26 clock_gettime(CLOCK_BOOTTIME, {14010, 453445910}) = 0
6217  10:12:26 read(4, "f", 16384)      = 1
6217  10:12:26 clock_gettime(CLOCK_BOOTTIME, {14010, 453496008}) = 0
6217  10:12:26 clock_gettime(CLOCK_BOOTTIME, {14010, 453510933}) = 0
6217  10:12:26 select(7, [3 4], [3], NULL, NULL) = 1 (out [3])
6217  10:12:26 clock_gettime(CLOCK_BOOTTIME, {14010, 453547359}) = 0
6217  10:12:26 write(3, "\222\5_8\344\376\227:uq\3309\22\6\244\t\231\203O\4\303xM\37:\5a\227\1774\350~"..., 36) = 36
6217  10:12:26 clock_gettime(CLOCK_BOOTTIME, {14010, 453649956}) = 0
6217  10:12:26 clock_gettime(CLOCK_BOOTTIME, {14010, 453665785}) = 0
6217  10:12:26 select(7, [3 4], [], NULL, NULL) = 1 (in [3])
6217  10:12:26 clock_gettime(CLOCK_BOOTTIME, {14010, 454017794}) = 0
6217  10:12:26 read(3, "J\325{P5b7`\vC\221\365W\366\33\21\240_\260#\345d\307\251[r5\223\342S\250\211"..., 8192) = 36
6217  10:12:26 clock_gettime(CLOCK_BOOTTIME, {14010, 454061068}) = 0
6217  10:12:26 clock_gettime(CLOCK_BOOTTIME, {14010, 454075900}) = 0
6217  10:12:26 select(7, [3 4], [5], NULL, NULL) = 1 (out [5])
6217  10:12:26 clock_gettime(CLOCK_BOOTTIME, {14010, 454112351}) = 0
6217  10:12:26 write(5, "f", 1)         = 1
6217  10:12:26 clock_gettime(CLOCK_BOOTTIME, {14010, 454388767}) = 0
6217  10:12:26 clock_gettime(CLOCK_BOOTTIME, {14010, 454405729}) = 0
6217  10:12:26 select(7, [3 4], [], NULL, NULL) = 1 (in [4])
6217  10:12:26 clock_gettime(CLOCK_BOOTTIME, {14010, 766142936}) = 0
6217  10:12:26 read(4, "\t", 16384)     = 1
6217  10:12:26 clock_gettime(CLOCK_BOOTTIME, {14010, 766194264}) = 0
6217  10:12:26 clock_gettime(CLOCK_BOOTTIME, {14010, 766209175}) = 0
6217  10:12:26 select(7, [3 4], [3], NULL, NULL) = 1 (out [3])
6217  10:12:26 clock_gettime(CLOCK_BOOTTIME, {14010, 766246285}) = 0
6217  10:12:26 write(3, "\253\272T\16Jy\n\351\253\325\302\2232|\233WN\274k\33\2700\210\367\36L\367\2453\333\32\322"..., 36) = 36
6217  10:12:26 clock_gettime(CLOCK_BOOTTIME, {14010, 766344541}) = 0
6217  10:12:26 clock_gettime(CLOCK_BOOTTIME, {14010, 766360334}) = 0
6217  10:12:26 select(7, [3 4], [], NULL, NULL) = 1 (in [3])
6217  10:12:26 clock_gettime(CLOCK_BOOTTIME, {14010, 767418586}) = 0
6217  10:12:26 read(3, "\2651R\263+j\nO\255}d\236\261\241\363t\222\260\324\3473\276\314>\240\221\315\356r;/*"..., 8192) = 36
6217  10:12:26 clock_gettime(CLOCK_BOOTTIME, {14010, 767463035}) = 0
6217  10:12:26 clock_gettime(CLOCK_BOOTTIME, {14010, 767478019}) = 0
6217  10:12:26 select(7, [3 4], [5], NULL, NULL) = 1 (out [5])
6217  10:12:26 clock_gettime(CLOCK_BOOTTIME, {14010, 767514886}) = 0
6217  10:12:26 write(5, "\7", 1)        = 1
6217  10:12:26 clock_gettime(CLOCK_BOOTTIME, {14010, 767716540}) = 0
6217  10:12:26 clock_gettime(CLOCK_BOOTTIME, {14010, 767733148}) = 0
6217  10:12:26 select(7, [3 4], [], NULL, NULL) = 1 (in [4])
6217  10:12:27 clock_gettime(CLOCK_BOOTTIME, {14011, 492302997}) = 0
6217  10:12:27 read(4, "c", 16384)      = 1
6217  10:12:27 clock_gettime(CLOCK_BOOTTIME, {14011, 492385455}) = 0
6217  10:12:27 clock_gettime(CLOCK_BOOTTIME, {14011, 492411561}) = 0
6217  10:12:27 select(7, [3 4], [3], NULL, NULL) = 1 (out [3])
6217  10:12:27 clock_gettime(CLOCK_BOOTTIME, {14011, 492475701}) = 0
6217  10:12:27 write(3, "\335vM\32\365\205X\16}\276S\357\351\316:\1\t\324yES>C\356\20g2\352\3216\307\v"..., 36) = 36
6217  10:12:27 clock_gettime(CLOCK_BOOTTIME, {14011, 492663271}) = 0
6217  10:12:27 clock_gettime(CLOCK_BOOTTIME, {14011, 492691937}) = 0
6217  10:12:27 select(7, [3 4], [], NULL, NULL) = 1 (in [3])
6217  10:12:27 clock_gettime(CLOCK_BOOTTIME, {14011, 493197652}) = 0
6217  10:12:27 read(3, "\17Pb\312\307\244|\\\246I\233\343\207\302\27\nms\300\270\276\232\245\241q\352\363z\350\3356\263"..., 8192) = 36
6217  10:12:27 clock_gettime(CLOCK_BOOTTIME, {14011, 493273676}) = 0
6217  10:12:27 clock_gettime(CLOCK_BOOTTIME, {14011, 493299968}) = 0
6217  10:12:27 select(7, [3 4], [5], NULL, NULL) = 1 (out [5])
6217  10:12:27 clock_gettime(CLOCK_BOOTTIME, {14011, 493364492}) = 0
6217  10:12:27 write(5, "c", 1)         = 1
6217  10:12:27 clock_gettime(CLOCK_BOOTTIME, {14011, 493755580}) = 0
6217  10:12:27 clock_gettime(CLOCK_BOOTTIME, {14011, 493785471}) = 0
6217  10:12:27 select(7, [3 4], [], NULL, NULL) = 1 (in [4])
6217  10:12:27 clock_gettime(CLOCK_BOOTTIME, {14011, 804539000}) = 0
6217  10:12:27 read(4, "\t", 16384)     = 1
6217  10:12:27 clock_gettime(CLOCK_BOOTTIME, {14011, 804585247}) = 0
6217  10:12:27 clock_gettime(CLOCK_BOOTTIME, {14011, 804599103}) = 0
6217  10:12:27 select(7, [3 4], [3], NULL, NULL) = 1 (out [3])
6217  10:12:27 clock_gettime(CLOCK_BOOTTIME, {14011, 804632561}) = 0
6217  10:12:27 write(3, "\263@\225\2455\366#~2xR\343\235\316\3577\nUp\376\25I\241\206~\254\365\304;\2\254\336"..., 36) = 36
6217  10:12:27 clock_gettime(CLOCK_BOOTTIME, {14011, 804727708}) = 0
6217  10:12:27 clock_gettime(CLOCK_BOOTTIME, {14011, 804742494}) = 0
6217  10:12:27 select(7, [3 4], [], NULL, NULL) = 1 (in [3])
6217  10:12:27 clock_gettime(CLOCK_BOOTTIME, {14011, 805336696}) = 0
6217  10:12:27 read(3, "2a\345\250\343\375\22\303\32V?X\321\256y\372\371/\303b1\366\244\6G\373\201'\237\371\0\177"..., 8192) = 36
6217  10:12:27 clock_gettime(CLOCK_BOOTTIME, {14011, 805377315}) = 0
6217  10:12:27 clock_gettime(CLOCK_BOOTTIME, {14011, 805390984}) = 0
6217  10:12:27 select(7, [3 4], [5], NULL, NULL) = 1 (out [5])
6217  10:12:27 clock_gettime(CLOCK_BOOTTIME, {14011, 805443491}) = 0
6217  10:12:27 write(5, "\7", 1)        = 1
6217  10:12:27 clock_gettime(CLOCK_BOOTTIME, {14011, 805641958}) = 0
6217  10:12:27 clock_gettime(CLOCK_BOOTTIME, {14011, 805656236}) = 0
6217  10:12:27 select(7, [3 4], [], NULL, NULL) = 1 (in [4])
6217  10:12:28 clock_gettime(CLOCK_BOOTTIME, {14012, 590978459}) = 0
6217  10:12:28 read(4, "\t", 16384)     = 1
6217  10:12:28 clock_gettime(CLOCK_BOOTTIME, {14012, 591027882}) = 0
6217  10:12:28 clock_gettime(CLOCK_BOOTTIME, {14012, 591041497}) = 0
6217  10:12:28 select(7, [3 4], [3], NULL, NULL) = 1 (out [3])
6217  10:12:28 clock_gettime(CLOCK_BOOTTIME, {14012, 591074977}) = 0
6217  10:12:28 write(3, "\303\320\207\320\177\25\221\315'\33wDR\344X\250\273\32\37\203\250\221\16\313\247Z2c\36X\321\233"..., 36) = 36
6217  10:12:28 clock_gettime(CLOCK_BOOTTIME, {14012, 591188943}) = 0
6217  10:12:28 clock_gettime(CLOCK_BOOTTIME, {14012, 591204146}) = 0
6217  10:12:28 select(7, [3 4], [], NULL, NULL) = 1 (in [3])
6217  10:12:28 clock_gettime(CLOCK_BOOTTIME, {14012, 591809302}) = 0
6217  10:12:28 read(3, "XkM*\221z\22\376\rh\206\37161{W(}\20\346\271\310\307\205w\224\245\330@\v\255{"..., 8192) = 84
6217  10:12:28 clock_gettime(CLOCK_BOOTTIME, {14012, 591850580}) = 0
6217  10:12:28 clock_gettime(CLOCK_BOOTTIME, {14012, 591864383}) = 0
6217  10:12:28 select(7, [3 4], [5], NULL, NULL) = 1 (out [5])
6217  10:12:28 clock_gettime(CLOCK_BOOTTIME, {14012, 591898222}) = 0
6217  10:12:28 write(5, "\r\nifcfg     ifconfig  \r\n[root@lo"..., 47) = 47
6217  10:12:28 clock_gettime(CLOCK_BOOTTIME, {14012, 592115401}) = 0
6217  10:12:28 clock_gettime(CLOCK_BOOTTIME, {14012, 592130963}) = 0
6217  10:12:28 select(7, [3 4], [], NULL, NULL) = 1 (in [4])
6217  10:12:29 clock_gettime(CLOCK_BOOTTIME, {14014, 232375622}) = 0
6217  10:12:29 read(4, "o", 16384)      = 1
6217  10:12:29 clock_gettime(CLOCK_BOOTTIME, {14014, 232445646}) = 0
6217  10:12:29 clock_gettime(CLOCK_BOOTTIME, {14014, 232462035}) = 0
6217  10:12:29 select(7, [3 4], [3], NULL, NULL) = 1 (out [3])
6217  10:12:29 clock_gettime(CLOCK_BOOTTIME, {14014, 232499201}) = 0
6217  10:12:29 write(3, "B.{4\277\346\364n\365\10\317\0241)\247\v\371O\365q<\237\336\273K\346Sj\273\337\311>"..., 36) = 36
6217  10:12:29 clock_gettime(CLOCK_BOOTTIME, {14014, 232598770}) = 0
6217  10:12:29 clock_gettime(CLOCK_BOOTTIME, {14014, 232614539}) = 0
6217  10:12:29 select(7, [3 4], [], NULL, NULL) = 1 (in [3])
6217  10:12:29 clock_gettime(CLOCK_BOOTTIME, {14014, 232967784}) = 0
6217  10:12:29 read(3, "qP\"\311AD\264L\2751\21\302'\241\321\323\367O\3275\3627\320a\326-p\277\362;\17\3"..., 8192) = 36
6217  10:12:29 clock_gettime(CLOCK_BOOTTIME, {14014, 233011706}) = 0
6217  10:12:29 clock_gettime(CLOCK_BOOTTIME, {14014, 233038965}) = 0
6217  10:12:29 select(7, [3 4], [5], NULL, NULL) = 1 (out [5])
6217  10:12:29 clock_gettime(CLOCK_BOOTTIME, {14014, 233077671}) = 0
6217  10:12:29 write(5, "o", 1)         = 1
6217  10:12:29 clock_gettime(CLOCK_BOOTTIME, {14014, 233293128}) = 0
6217  10:12:29 clock_gettime(CLOCK_BOOTTIME, {14014, 233309790}) = 0
6217  10:12:29 select(7, [3 4], [], NULL, NULL) = 1 (in [4])
6217  10:12:30 clock_gettime(CLOCK_BOOTTIME, {14015, 155856435}) = 0
6217  10:12:30 read(4, "n", 16384)      = 1
6217  10:12:30 clock_gettime(CLOCK_BOOTTIME, {14015, 155902949}) = 0
6217  10:12:30 clock_gettime(CLOCK_BOOTTIME, {14015, 155916843}) = 0
6217  10:12:30 select(7, [3 4], [3], NULL, NULL) = 1 (out [3])
6217  10:12:30 clock_gettime(CLOCK_BOOTTIME, {14015, 155950587}) = 0
6217  10:12:30 write(3, "\351\336#\3738\202\211[\357\301BM\314\265\250\307\237\361\n\334#\344\374\2779\26\2l\35\230F\263"..., 36) = 36
6217  10:12:30 clock_gettime(CLOCK_BOOTTIME, {14015, 156059862}) = 0
6217  10:12:30 clock_gettime(CLOCK_BOOTTIME, {14015, 156074883}) = 0
6217  10:12:30 select(7, [3 4], [], NULL, NULL) = 1 (in [3])
6217  10:12:30 clock_gettime(CLOCK_BOOTTIME, {14015, 156388965}) = 0
6217  10:12:30 read(3, ":\227\275U\231C\220\232\35f%\321s\230\270\333\226\243\0350_J\243\205\215r\207\354T\265\332m"..., 8192) = 36
6217  10:12:30 clock_gettime(CLOCK_BOOTTIME, {14015, 156430297}) = 0
6217  10:12:30 clock_gettime(CLOCK_BOOTTIME, {14015, 156444111}) = 0
6217  10:12:30 select(7, [3 4], [5], NULL, NULL) = 1 (out [5])
6217  10:12:30 clock_gettime(CLOCK_BOOTTIME, {14015, 156478083}) = 0
6217  10:12:30 write(5, "n", 1)         = 1
6217  10:12:30 clock_gettime(CLOCK_BOOTTIME, {14015, 156669936}) = 0
6217  10:12:30 clock_gettime(CLOCK_BOOTTIME, {14015, 156685415}) = 0
6217  10:12:30 select(7, [3 4], [], NULL, NULL) = 1 (in [4])
6217  10:12:31 clock_gettime(CLOCK_BOOTTIME, {14015, 429187704}) = 0
6217  10:12:31 read(4, "\t", 16384)     = 1
6217  10:12:31 clock_gettime(CLOCK_BOOTTIME, {14015, 429260076}) = 0
6217  10:12:31 clock_gettime(CLOCK_BOOTTIME, {14015, 429277974}) = 0
6217  10:12:31 select(7, [3 4], [3], NULL, NULL) = 1 (out [3])
6217  10:12:31 clock_gettime(CLOCK_BOOTTIME, {14015, 429312121}) = 0
6217  10:12:31 write(3, "\25\354\3\363\4?\247J\317\3622Ph\201'\307\260\\4%\17Kt\302\341FTXS\354\241K"..., 36) = 36
6217  10:12:31 clock_gettime(CLOCK_BOOTTIME, {14015, 429422930}) = 0
6217  10:12:31 clock_gettime(CLOCK_BOOTTIME, {14015, 429446840}) = 0
6217  10:12:31 select(7, [3 4], [], NULL, NULL) = 1 (in [3])
6217  10:12:31 clock_gettime(CLOCK_BOOTTIME, {14015, 430006322}) = 0
6217  10:12:31 read(3, "\326\334\312\265\230\0\34\306\5\301\373kz\243No\354\357E!\361x\362\nG\332M\264v\2473\346"..., 8192) = 44
6217  10:12:31 clock_gettime(CLOCK_BOOTTIME, {14015, 430040420}) = 0
6217  10:12:31 clock_gettime(CLOCK_BOOTTIME, {14015, 430051683}) = 0
6217  10:12:31 select(7, [3 4], [5], NULL, NULL) = 1 (out [5])
6217  10:12:31 clock_gettime(CLOCK_BOOTTIME, {14015, 430079506}) = 0
6217  10:12:31 write(5, "fig ", 4)      = 4
6217  10:12:31 clock_gettime(CLOCK_BOOTTIME, {14015, 430246294}) = 0
6217  10:12:31 clock_gettime(CLOCK_BOOTTIME, {14015, 430258998}) = 0
6217  10:12:31 select(7, [3 4], [], NULL, NULL) = 1 (in [4])
6217  10:12:33 clock_gettime(CLOCK_BOOTTIME, {14017, 571804713}) = 0
6217  10:12:33 read(4, "\r", 16384)     = 1
6217  10:12:33 clock_gettime(CLOCK_BOOTTIME, {14017, 571850841}) = 0
6217  10:12:33 clock_gettime(CLOCK_BOOTTIME, {14017, 571864366}) = 0
6217  10:12:33 select(7, [3 4], [3], NULL, NULL) = 1 (out [3])
6217  10:12:33 clock_gettime(CLOCK_BOOTTIME, {14017, 571897289}) = 0
6217  10:12:33 write(3, "\370T\0313\255\313P\332\324b\346\353\343\342d\372\230\350\221n8\36\254\210g{\26's\6\254\311"..., 36) = 36
6217  10:12:33 clock_gettime(CLOCK_BOOTTIME, {14017, 571993558}) = 0
6217  10:12:33 clock_gettime(CLOCK_BOOTTIME, {14017, 572008227}) = 0
6217  10:12:33 select(7, [3 4], [], NULL, NULL) = 1 (in [3])
6217  10:12:33 clock_gettime(CLOCK_BOOTTIME, {14017, 572815563}) = 0
6217  10:12:33 read(3, "\250\10\362.Z\276\355\4l\25\336\32\241S\354\337\257F\322\5\270\352\\\327c\227\226\254N\36\300\361"..., 8192) = 36
6217  10:12:33 clock_gettime(CLOCK_BOOTTIME, {14017, 572870602}) = 0
6217  10:12:33 clock_gettime(CLOCK_BOOTTIME, {14017, 572884516}) = 0
6217  10:12:33 select(7, [3 4], [5], NULL, NULL) = 1 (out [5])
6217  10:12:33 clock_gettime(CLOCK_BOOTTIME, {14017, 572918518}) = 0
6217  10:12:33 write(5, "\r\n", 2)      = 2
6217  10:12:33 clock_gettime(CLOCK_BOOTTIME, {14017, 573137529}) = 0
6217  10:12:33 clock_gettime(CLOCK_BOOTTIME, {14017, 573153120}) = 0
6217  10:12:33 select(7, [3 4], [], NULL, NULL) = 1 (in [3])
6217  10:12:33 clock_gettime(CLOCK_BOOTTIME, {14017, 575358456}) = 0
6217  10:12:33 read(3, "J\270\352\344\251>\232\16\2746\374\4\30\232\347\5\256\373\223\375\235\216H\r\215\275\264\366\310\225{("..., 8192) = 1052
6217  10:12:33 clock_gettime(CLOCK_BOOTTIME, {14017, 575414246}) = 0
6217  10:12:33 clock_gettime(CLOCK_BOOTTIME, {14017, 575428162}) = 0
6217  10:12:33 select(7, [3 4], [5], NULL, NULL) = 1 (out [5])
6217  10:12:33 clock_gettime(CLOCK_BOOTTIME, {14017, 575462690}) = 0
6217  10:12:33 write(5, "ens33: flags=4163<UP,BROADCAST,R"..., 1015) = 1015
6217  10:12:33 clock_gettime(CLOCK_BOOTTIME, {14017, 575763703}) = 0
6217  10:12:33 clock_gettime(CLOCK_BOOTTIME, {14017, 575779638}) = 0
6217  10:12:33 select(7, [3 4], [], NULL, NULL) = 1 (in [4])
6217  10:12:37 clock_gettime(CLOCK_BOOTTIME, {14021, 493427746}) = 0
6217  10:12:37 read(4, "e", 16384)      = 1
6217  10:12:37 clock_gettime(CLOCK_BOOTTIME, {14021, 493474128}) = 0
6217  10:12:37 clock_gettime(CLOCK_BOOTTIME, {14021, 493487870}) = 0
6217  10:12:37 select(7, [3 4], [3], NULL, NULL) = 1 (out [3])
6217  10:12:37 clock_gettime(CLOCK_BOOTTIME, {14021, 493521352}) = 0
6217  10:12:37 write(3, "\353;F\240e\7\210\3572\305\3730\324\223\235\203\305Dw4\310_\207\217\203`Vx\305\321\222\342"..., 36) = 36
6217  10:12:37 clock_gettime(CLOCK_BOOTTIME, {14021, 495162691}) = 0
6217  10:12:37 clock_gettime(CLOCK_BOOTTIME, {14021, 495180713}) = 0
6217  10:12:37 select(7, [3 4], [], NULL, NULL) = 1 (in [3])
6217  10:12:37 clock_gettime(CLOCK_BOOTTIME, {14021, 495377762}) = 0
6217  10:12:37 read(3, "\266\377M\370A\277\30\17\266\310\273)i)\20\355A\306\236\200\240\365/\275o\32qO\377jvK"..., 8192) = 36
6217  10:12:37 clock_gettime(CLOCK_BOOTTIME, {14021, 495419558}) = 0
6217  10:12:37 clock_gettime(CLOCK_BOOTTIME, {14021, 495432939}) = 0
6217  10:12:37 select(7, [3 4], [5], NULL, NULL) = 1 (out [5])
6217  10:12:37 clock_gettime(CLOCK_BOOTTIME, {14021, 495465426}) = 0
6217  10:12:37 write(5, "e", 1)         = 1
6217  10:12:37 clock_gettime(CLOCK_BOOTTIME, {14021, 495676043}) = 0
6217  10:12:37 clock_gettime(CLOCK_BOOTTIME, {14021, 495692017}) = 0
6217  10:12:37 select(7, [3 4], [], NULL, NULL) = 1 (in [4])
6217  10:12:37 clock_gettime(CLOCK_BOOTTIME, {14022, 98389812}) = 0
6217  10:12:37 read(4, "x", 16384)      = 1
6217  10:12:37 clock_gettime(CLOCK_BOOTTIME, {14022, 98436607}) = 0
6217  10:12:37 clock_gettime(CLOCK_BOOTTIME, {14022, 98450623}) = 0
6217  10:12:37 select(7, [3 4], [3], NULL, NULL) = 1 (out [3])
6217  10:12:37 clock_gettime(CLOCK_BOOTTIME, {14022, 98484160}) = 0
6217  10:12:37 write(3, "\310\0207\334\215\254\4\t\350?\335\376m:Rc\244\231\254T\1L\334\225\336RX\31\262\33\333\204"..., 36) = 36
6217  10:12:37 clock_gettime(CLOCK_BOOTTIME, {14022, 98579614}) = 0
6217  10:12:37 clock_gettime(CLOCK_BOOTTIME, {14022, 98594256}) = 0
6217  10:12:37 select(7, [3 4], [], NULL, NULL) = 1 (in [3])
6217  10:12:37 clock_gettime(CLOCK_BOOTTIME, {14022, 98977480}) = 0
6217  10:12:37 read(3, "\vcw\203\246\r,iF\216\342\10R\310:Q+\36|U\362\351\203\233S4\222?*jU,"..., 8192) = 36
6217  10:12:37 clock_gettime(CLOCK_BOOTTIME, {14022, 99017772}) = 0
6217  10:12:37 clock_gettime(CLOCK_BOOTTIME, {14022, 99031401}) = 0
6217  10:12:37 select(7, [3 4], [5], NULL, NULL) = 1 (out [5])
6217  10:12:37 clock_gettime(CLOCK_BOOTTIME, {14022, 99064707}) = 0
6217  10:12:37 write(5, "x", 1)         = 1
6217  10:12:37 clock_gettime(CLOCK_BOOTTIME, {14022, 99252367}) = 0
6217  10:12:37 clock_gettime(CLOCK_BOOTTIME, {14022, 99280966}) = 0
6217  10:12:37 select(7, [3 4], [], NULL, NULL) = 1 (in [4])
6217  10:12:37 clock_gettime(CLOCK_BOOTTIME, {14022, 224807571}) = 0
6217  10:12:37 read(4, "i", 16384)      = 1
6217  10:12:37 clock_gettime(CLOCK_BOOTTIME, {14022, 224880755}) = 0
6217  10:12:37 clock_gettime(CLOCK_BOOTTIME, {14022, 224903741}) = 0
6217  10:12:37 select(7, [3 4], [3], NULL, NULL) = 1 (out [3])
6217  10:12:37 clock_gettime(CLOCK_BOOTTIME, {14022, 224959249}) = 0
6217  10:12:37 write(3, "+<\10\341C\205\312\303\306\"Ga\331lh\341_D\321|\340\17\6\225\344\31g\362\3v\26M"..., 36) = 36
6217  10:12:37 clock_gettime(CLOCK_BOOTTIME, {14022, 225133248}) = 0
6217  10:12:37 clock_gettime(CLOCK_BOOTTIME, {14022, 225157892}) = 0
6217  10:12:37 select(7, [3 4], [], NULL, NULL) = 1 (in [3])
6217  10:12:37 clock_gettime(CLOCK_BOOTTIME, {14022, 225587986}) = 0
6217  10:12:37 read(3, "w\210H}\331\t\24Q\255\274\365\371\27\315\336\2359!\303\220\301w\336T\344\2716]I\207\347\342"..., 8192) = 36
6217  10:12:37 clock_gettime(CLOCK_BOOTTIME, {14022, 225654824}) = 0
6217  10:12:37 clock_gettime(CLOCK_BOOTTIME, {14022, 225677548}) = 0
6217  10:12:37 select(7, [3 4], [5], NULL, NULL) = 1 (out [5])
6217  10:12:37 clock_gettime(CLOCK_BOOTTIME, {14022, 225733253}) = 0
6217  10:12:37 write(5, "i", 1)         = 1
6217  10:12:37 clock_gettime(CLOCK_BOOTTIME, {14022, 226009650}) = 0
6217  10:12:37 clock_gettime(CLOCK_BOOTTIME, {14022, 226036361}) = 0
6217  10:12:37 select(7, [3 4], [], NULL, NULL) = 1 (in [4])
6217  10:12:39 clock_gettime(CLOCK_BOOTTIME, {14023, 394026949}) = 0
6217  10:12:39 read(4, "\r", 16384)     = 1
6217  10:12:39 clock_gettime(CLOCK_BOOTTIME, {14023, 394073706}) = 0
6217  10:12:39 clock_gettime(CLOCK_BOOTTIME, {14023, 394087429}) = 0
6217  10:12:39 select(7, [3 4], [3], NULL, NULL) = 1 (out [3])
6217  10:12:39 clock_gettime(CLOCK_BOOTTIME, {14023, 394120990}) = 0
6217  10:12:39 write(3, "\367\257\237%[\1\246#\3-\201d~\220\266\4\210\372[w\315E\317\275\26\206\377\357: ?\266"..., 36) = 36
6217  10:12:39 clock_gettime(CLOCK_BOOTTIME, {14023, 394227441}) = 0
6217  10:12:39 clock_gettime(CLOCK_BOOTTIME, {14023, 394242420}) = 0
6217  10:12:39 select(7, [3 4], [], NULL, NULL) = 1 (in [3])
6217  10:12:39 clock_gettime(CLOCK_BOOTTIME, {14023, 395256992}) = 0
6217  10:12:39 read(3, "\352\34\367S9;o\n\331\253\270\353\r\30\21\250\260\265\311/\270s\215\356\377?,\227 ,\345B"..., 8192) = 36
6217  10:12:39 clock_gettime(CLOCK_BOOTTIME, {14023, 395297809}) = 0
6217  10:12:39 clock_gettime(CLOCK_BOOTTIME, {14023, 395311343}) = 0
6217  10:12:39 select(7, [3 4], [5], NULL, NULL) = 1 (out [5])
6217  10:12:39 clock_gettime(CLOCK_BOOTTIME, {14023, 395345064}) = 0
6217  10:12:39 write(5, "\r\n", 2)      = 2
6217  10:12:39 clock_gettime(CLOCK_BOOTTIME, {14023, 395540147}) = 0
6217  10:12:39 clock_gettime(CLOCK_BOOTTIME, {14023, 395556227}) = 0
6217  10:12:39 select(7, [3 4], [], NULL, NULL) = 1 (in [3])
6217  10:12:39 clock_gettime(CLOCK_BOOTTIME, {14023, 395878294}) = 0
6217  10:12:39 read(3, "\2v\23}\272\326`\2164g\301g\343\250\25\3157G\0\266\20\f\22uz\266w\35\314\6=\271"..., 8192) = 108
6217  10:12:39 clock_gettime(CLOCK_BOOTTIME, {14023, 395918566}) = 0
6217  10:12:39 clock_gettime(CLOCK_BOOTTIME, {14023, 395932233}) = 0
6217  10:12:39 select(7, [3 4], [5], NULL, NULL) = 1 (out [5])
6217  10:12:39 clock_gettime(CLOCK_BOOTTIME, {14023, 395965456}) = 0
6217  10:12:39 write(5, "-bash: exi: \346\234\252\346\211\276\345\210\260\345\221\275\344\273\244\r\n\33]0"..., 70) = 70
6217  10:12:39 clock_gettime(CLOCK_BOOTTIME, {14023, 396213905}) = 0
6217  10:12:39 clock_gettime(CLOCK_BOOTTIME, {14023, 396231013}) = 0
6217  10:12:39 select(7, [3 4], [], NULL, NULL) = 1 (in [4])
6217  10:12:39 clock_gettime(CLOCK_BOOTTIME, {14023, 827717047}) = 0
6217  10:12:39 read(4, "e", 16384)      = 1
6217  10:12:39 clock_gettime(CLOCK_BOOTTIME, {14023, 827762908}) = 0
6217  10:12:39 clock_gettime(CLOCK_BOOTTIME, {14023, 827776597}) = 0
6217  10:12:39 select(7, [3 4], [3], NULL, NULL) = 1 (out [3])
6217  10:12:39 clock_gettime(CLOCK_BOOTTIME, {14023, 827810130}) = 0
6217  10:12:39 write(3, "\302/\303\260\374\357&\371\361<\36W\301NG\357\234X2zZT=\300\5\222\367\327a\271$+"..., 36) = 36
6217  10:12:39 clock_gettime(CLOCK_BOOTTIME, {14023, 827916920}) = 0
6217  10:12:39 clock_gettime(CLOCK_BOOTTIME, {14023, 827931419}) = 0
6217  10:12:39 select(7, [3 4], [], NULL, NULL) = 1 (in [3])
6217  10:12:39 clock_gettime(CLOCK_BOOTTIME, {14023, 828247640}) = 0
6217  10:12:39 read(3, "L/\367\6D84\237\311\t\346\216.\224_\366@G\234>\1\370\37\246\375\367\334\"\244J\350u"..., 8192) = 36
6217  10:12:39 clock_gettime(CLOCK_BOOTTIME, {14023, 828287786}) = 0
6217  10:12:39 clock_gettime(CLOCK_BOOTTIME, {14023, 828301556}) = 0
6217  10:12:39 select(7, [3 4], [5], NULL, NULL) = 1 (out [5])
6217  10:12:39 clock_gettime(CLOCK_BOOTTIME, {14023, 828334715}) = 0
6217  10:12:39 write(5, "e", 1)         = 1
6217  10:12:39 clock_gettime(CLOCK_BOOTTIME, {14023, 828508493}) = 0
6217  10:12:39 clock_gettime(CLOCK_BOOTTIME, {14023, 828524551}) = 0
6217  10:12:39 select(7, [3 4], [], NULL, NULL) = 1 (in [4])
6217  10:12:39 clock_gettime(CLOCK_BOOTTIME, {14024, 95609231}) = 0
6217  10:12:39 read(4, "x", 16384)      = 1
6217  10:12:39 clock_gettime(CLOCK_BOOTTIME, {14024, 95658033}) = 0
6217  10:12:39 clock_gettime(CLOCK_BOOTTIME, {14024, 95670497}) = 0
6217  10:12:39 select(7, [3 4], [3], NULL, NULL) = 1 (out [3])
6217  10:12:39 clock_gettime(CLOCK_BOOTTIME, {14024, 95699495}) = 0
6217  10:12:39 write(3, "\375O\326\250\221\3552\0\277H\231\v`2k8\323h\202\266\21w\307\305\224\266\314\212\37\210\250\347"..., 36) = 36
6217  10:12:39 clock_gettime(CLOCK_BOOTTIME, {14024, 95803937}) = 0
6217  10:12:39 clock_gettime(CLOCK_BOOTTIME, {14024, 95818546}) = 0
6217  10:12:39 select(7, [3 4], [], NULL, NULL) = 1 (in [3])
6217  10:12:39 clock_gettime(CLOCK_BOOTTIME, {14024, 96270336}) = 0
6217  10:12:39 read(3, "\177\336\200u\326<\2438\240\234P\231k\2652\370^\315\rub\337\263w{\355K\326Y\375\307\256"..., 8192) = 36
6217  10:12:39 clock_gettime(CLOCK_BOOTTIME, {14024, 96304269}) = 0
6217  10:12:39 clock_gettime(CLOCK_BOOTTIME, {14024, 96314892}) = 0
6217  10:12:39 select(7, [3 4], [5], NULL, NULL) = 1 (out [5])
6217  10:12:39 clock_gettime(CLOCK_BOOTTIME, {14024, 96341303}) = 0
6217  10:12:39 write(5, "x", 1)         = 1
6217  10:12:39 clock_gettime(CLOCK_BOOTTIME, {14024, 96526630}) = 0
6217  10:12:39 clock_gettime(CLOCK_BOOTTIME, {14024, 96538447}) = 0
6217  10:12:39 select(7, [3 4], [], NULL, NULL) = 1 (in [4])
6217  10:12:40 clock_gettime(CLOCK_BOOTTIME, {14024, 362012123}) = 0
6217  10:12:40 read(4, "i", 16384)      = 1
6217  10:12:40 clock_gettime(CLOCK_BOOTTIME, {14024, 362058979}) = 0
6217  10:12:40 clock_gettime(CLOCK_BOOTTIME, {14024, 362072517}) = 0
6217  10:12:40 select(7, [3 4], [3], NULL, NULL) = 1 (out [3])
6217  10:12:40 clock_gettime(CLOCK_BOOTTIME, {14024, 362105945}) = 0
6217  10:12:40 write(3, "\25\270\321\364%\277\353\305\265W\341\261\263\25\232a\350H\310\26\2226*\36F\2068\7\f\334\326\23"..., 36) = 36
6217  10:12:40 clock_gettime(CLOCK_BOOTTIME, {14024, 362214118}) = 0
6217  10:12:40 clock_gettime(CLOCK_BOOTTIME, {14024, 362229037}) = 0
6217  10:12:40 select(7, [3 4], [], NULL, NULL) = 1 (in [3])
6217  10:12:40 clock_gettime(CLOCK_BOOTTIME, {14024, 362498184}) = 0
6217  10:12:40 read(3, "\374\361\274\362\210kPF\270,\10wRe\302\335p1 \26\263\355\261yf\2106>\34\205\241\361"..., 8192) = 36
6217  10:12:40 clock_gettime(CLOCK_BOOTTIME, {14024, 362535743}) = 0
6217  10:12:40 clock_gettime(CLOCK_BOOTTIME, {14024, 362548892}) = 0
6217  10:12:40 select(7, [3 4], [5], NULL, NULL) = 1 (out [5])
6217  10:12:40 clock_gettime(CLOCK_BOOTTIME, {14024, 362580660}) = 0
6217  10:12:40 write(5, "i", 1)         = 1
6217  10:12:40 clock_gettime(CLOCK_BOOTTIME, {14024, 362761648}) = 0
6217  10:12:40 clock_gettime(CLOCK_BOOTTIME, {14024, 362776856}) = 0
6217  10:12:40 select(7, [3 4], [], NULL, NULL) = 1 (in [4])
6217  10:12:40 clock_gettime(CLOCK_BOOTTIME, {14024, 533632138}) = 0
6217  10:12:40 read(4, "t", 16384)      = 1
6217  10:12:40 clock_gettime(CLOCK_BOOTTIME, {14024, 533679129}) = 0
6217  10:12:40 clock_gettime(CLOCK_BOOTTIME, {14024, 533693028}) = 0
6217  10:12:40 select(7, [3 4], [3], NULL, NULL) = 1 (out [3])
6217  10:12:40 clock_gettime(CLOCK_BOOTTIME, {14024, 533740972}) = 0
6217  10:12:40 write(3, "\36\367Z\246\25\224G?*\233\340=9\301'\214\213\2\240\251\347s\203\226N\221\226\322\305\232\324c"..., 36) = 36
6217  10:12:40 clock_gettime(CLOCK_BOOTTIME, {14024, 533839473}) = 0
6217  10:12:40 clock_gettime(CLOCK_BOOTTIME, {14024, 533854639}) = 0
6217  10:12:40 select(7, [3 4], [], NULL, NULL) = 1 (in [3])
6217  10:12:40 clock_gettime(CLOCK_BOOTTIME, {14024, 534175391}) = 0
6217  10:12:40 read(3, "\232V\344tLQ\273\365\272\337Q\254\vv\2\17\314\234\202\376*\244i\214=\215\n|\316\261\227\221"..., 8192) = 36
6217  10:12:40 clock_gettime(CLOCK_BOOTTIME, {14024, 534215549}) = 0
6217  10:12:40 clock_gettime(CLOCK_BOOTTIME, {14024, 534229160}) = 0
6217  10:12:40 select(7, [3 4], [5], NULL, NULL) = 1 (out [5])
6217  10:12:40 clock_gettime(CLOCK_BOOTTIME, {14024, 534262520}) = 0
6217  10:12:40 write(5, "t", 1)         = 1
6217  10:12:40 clock_gettime(CLOCK_BOOTTIME, {14024, 534436722}) = 0
6217  10:12:40 clock_gettime(CLOCK_BOOTTIME, {14024, 534452098}) = 0
6217  10:12:40 select(7, [3 4], [], NULL, NULL) = 1 (in [4])
6217  10:12:40 clock_gettime(CLOCK_BOOTTIME, {14024, 972203284}) = 0
6217  10:12:40 read(4, "\r", 16384)     = 1
6217  10:12:40 clock_gettime(CLOCK_BOOTTIME, {14024, 972249892}) = 0
6217  10:12:40 clock_gettime(CLOCK_BOOTTIME, {14024, 972263575}) = 0
6217  10:12:40 select(7, [3 4], [3], NULL, NULL) = 1 (out [3])
6217  10:12:40 clock_gettime(CLOCK_BOOTTIME, {14024, 972297290}) = 0
6217  10:12:40 write(3, "iGnqI\31\333PV\355\333\227\271*\217\312WM\233\255\225\310K\377\366\4X\202\315\214\206\206"..., 36) = 36
6217  10:12:40 clock_gettime(CLOCK_BOOTTIME, {14024, 972390374}) = 0
6217  10:12:40 clock_gettime(CLOCK_BOOTTIME, {14024, 972404948}) = 0
6217  10:12:40 select(7, [3 4], [], NULL, NULL) = 1 (in [3])
6217  10:12:40 clock_gettime(CLOCK_BOOTTIME, {14024, 973564358}) = 0
6217  10:12:40 read(3, "o|\230\254I\346gy~\325\262_KL\356\260|c\313\nkN\341\353\237F\230\254Q~k\367"..., 8192) = 220
6217  10:12:40 close(4)                 = 0
6217  10:12:40 clock_gettime(CLOCK_BOOTTIME, {14024, 973630108}) = 0
6217  10:12:40 clock_gettime(CLOCK_BOOTTIME, {14024, 973643862}) = 0
6217  10:12:40 select(7, [3], [5], NULL, NULL) = 1 (out [5])
6217  10:12:40 clock_gettime(CLOCK_BOOTTIME, {14024, 973677223}) = 0
6217  10:12:40 write(5, "\r\n\347\231\273\345\207\272\r\n", 10) = 10
6217  10:12:40 clock_gettime(CLOCK_BOOTTIME, {14024, 973709615}) = 0
6217  10:12:40 clock_gettime(CLOCK_BOOTTIME, {14024, 973722743}) = 0
6217  10:12:40 close(5)                 = 0
6217  10:12:40 ioctl(0, SNDCTL_TMR_STOP or TCSETSW, {B38400 opost isig icanon echo ...}) = 0
6217  10:12:40 close(6)                 = 0
6217  10:12:40 select(7, [3], [3], NULL, NULL) = 1 (out [3])
6217  10:12:40 clock_gettime(CLOCK_BOOTTIME, {14024, 973821151}) = 0
6217  10:12:40 write(3, "\231\1\311/\344\236C \211NH\360\333\254+\324U\30^G#\276m\373\367\353\344\35D\35\2663"..., 36) = 36
6217  10:12:40 rt_sigaction(SIGWINCH, NULL, {0x7f987b1e96a0, [], SA_RESTORER, 0x7f9879d55270}, 8) = 0
6217  10:12:40 rt_sigaction(SIGWINCH, {SIG_DFL, [], SA_RESTORER, 0x7f9879d55270}, NULL, 8) = 0
6217  10:12:40 write(3, "Y\220\245\234U\276\273\27{G/\323+/$\205\221\246!\257\233\256\337\251\26s}Qp\3l\244"..., 60) = 60
6217  10:12:40 ioctl(0, TCGETS, {B38400 opost isig icanon echo ...}) = 0
6217  10:12:40 ioctl(1, TCGETS, {B38400 opost isig icanon echo ...}) = 0
6217  10:12:40 ioctl(2, TCGETS, {B38400 opost isig icanon echo ...}) = 0
6217  10:12:40 write(2, "Connection to 192.168.1.101 clos"..., 37) = 37
6217  10:12:40 close(3)                 = 0
6217  10:12:40 exit_group(127)          = ?
6217  10:12:40 +++ exited with 127 +++
