7175  13:19:03 select(4, [3], NULL, NULL, NULL <unfinished ...>
7171  13:19:03 wait4(-1,  <unfinished ...>
7175  13:19:03 <... select resumed> )   = 1 (in [3])
7175  13:19:03 read(3, "\0\0\1\4\n\37\0\0\0h\0\0\0\23ecdsa-sha2-nistp25"..., 8192) = 280
7175  13:19:03 open("/root/.ssh/known_hosts", O_RDONLY) = 4
7175  13:19:03 fstat(4, {st_mode=S_IFREG|0644, st_size=525, ...}) = 0
7175  13:19:03 mmap(NULL, 4096, PROT_READ|PROT_WRITE, MAP_PRIVATE|MAP_ANONYMOUS, -1, 0) = 0x7f01636c5000
7175  13:19:03 read(4, "192.168.1.105 ecdsa-sha2-nistp25"..., 4096) = 525
7175  13:19:03 read(4, "", 4096)        = 0
7175  13:19:03 close(4)                 = 0
7175  13:19:03 munmap(0x7f01636c5000, 4096) = 0
7175  13:19:03 open("/root/.ssh/known_hosts2", O_RDONLY) = -1 ENOENT (No such file or directory)
7175  13:19:03 open("/usr/local/openssh7/etc/ssh_known_hosts", O_RDONLY) = -1 ENOENT (No such file or directory)
7175  13:19:03 open("/usr/local/openssh7/etc/ssh_known_hosts2", O_RDONLY) = -1 ENOENT (No such file or directory)
7175  13:19:03 clock_gettime(CLOCK_BOOTTIME, {6831, 535213474}) = 0
7175  13:19:03 write(3, "\0\0\0\f\n\25\0\0\0\0\0\0\0\0\0\0", 16) = 16
7175  13:19:03 write(3, "\243\335\"\260\5\211^_\352%\236q_\205W\4)J\0\2579\352\3Y3\350\231\345\326\6x\255"..., 44) = 44
7175  13:19:03 select(4, [3], NULL, NULL, NULL) = 1 (in [3])
7175  13:19:03 read(3, ":\372\235\372\356\207Xm\211\340g\35\20[+u\213E\356H\r['\r\20\277\23\216\200\31\213\7"..., 8192) = 44
7175  13:19:03 write(3, "\224p\325\270I\222\273\372w\205\271\307O%q\214-\n&\346\2305\325j\277\254WP\265\37\234;"..., 60) = 60
7175  13:19:03 select(4, [3], NULL, NULL, NULL) = 1 (in [3])
7175  13:19:03 read(3, "\24\327\16\333V\325j.^M\267\337\375\34\240\\\325\214\30\262o2\3358\230\305\264\370[c\204M"..., 8192) = 84
7175  13:19:03 stat("/root/.ssh/id_rsa", 0x7fff64a96fe0) = -1 ENOENT (No such file or directory)
7175  13:19:03 stat("/root/.ssh/id_dsa", 0x7fff64a96fe0) = -1 ENOENT (No such file or directory)
7175  13:19:03 stat("/root/.ssh/id_ecdsa", 0x7fff64a96fe0) = -1 ENOENT (No such file or directory)
7175  13:19:03 stat("/root/.ssh/id_ed25519", 0x7fff64a96fe0) = -1 ENOENT (No such file or directory)
7175  13:19:03 open("/dev/tty", O_RDWR) = 4
7175  13:19:03 close(4)                 = 0
7175  13:19:03 open("/dev/tty", O_RDWR) = 4
7175  13:19:03 ioctl(4, TCGETS, {B38400 opost isig icanon echo ...}) = 0
7175  13:19:03 ioctl(4, SNDCTL_TMR_CONTINUE or TCSETSF, {B38400 opost isig icanon -echo ...}) = 0
7175  13:19:03 rt_sigaction(SIGALRM, {0x7f0163734370, [], SA_RESTORER, 0x7f016224a270}, {SIG_DFL, [], 0}, 8) = 0
7175  13:19:03 rt_sigaction(SIGHUP, {0x7f0163734370, [], SA_RESTORER, 0x7f016224a270}, {SIG_DFL, [], 0}, 8) = 0
7175  13:19:03 rt_sigaction(SIGINT, {0x7f0163734370, [], SA_RESTORER, 0x7f016224a270}, {SIG_DFL, [], 0}, 8) = 0
7175  13:19:03 rt_sigaction(SIGPIPE, {0x7f0163734370, [], SA_RESTORER, 0x7f016224a270}, {SIG_IGN, [], SA_RESTORER, 0x7f016224a270}, 8) = 0
7175  13:19:03 rt_sigaction(SIGQUIT, {0x7f0163734370, [], SA_RESTORER, 0x7f016224a270}, {SIG_DFL, [], 0}, 8) = 0
7175  13:19:03 rt_sigaction(SIGTERM, {0x7f0163734370, [], SA_RESTORER, 0x7f016224a270}, {SIG_DFL, [], 0}, 8) = 0
7175  13:19:03 rt_sigaction(SIGTSTP, {0x7f0163734370, [], SA_RESTORER, 0x7f016224a270}, {SIG_DFL, [], 0}, 8) = 0
7175  13:19:03 rt_sigaction(SIGTTIN, {0x7f0163734370, [], SA_RESTORER, 0x7f016224a270}, {SIG_DFL, [], 0}, 8) = 0
7175  13:19:03 rt_sigaction(SIGTTOU, {0x7f0163734370, [], SA_RESTORER, 0x7f016224a270}, {SIG_DFL, [], 0}, 8) = 0
7175  13:19:03 write(4, "root@192.168.1.101's password: ", 31) = 31
7175  13:19:03 read(4, "1", 1)          = 1
7175  13:19:03 read(4, "\n", 1)         = 1
7175  13:19:03 write(4, "\n", 1)        = 1
7175  13:19:03 ioctl(4, SNDCTL_TMR_CONTINUE or TCSETSF, {B38400 opost isig icanon echo ...}) = 0
7175  13:19:03 rt_sigaction(SIGALRM, {SIG_DFL, [], SA_RESTORER, 0x7f016224a270}, NULL, 8) = 0
7175  13:19:03 rt_sigaction(SIGHUP, {SIG_DFL, [], SA_RESTORER, 0x7f016224a270}, NULL, 8) = 0
7175  13:19:03 rt_sigaction(SIGINT, {SIG_DFL, [], SA_RESTORER, 0x7f016224a270}, NULL, 8) = 0
7175  13:19:03 rt_sigaction(SIGQUIT, {SIG_DFL, [], SA_RESTORER, 0x7f016224a270}, NULL, 8) = 0
7175  13:19:03 rt_sigaction(SIGPIPE, {SIG_IGN, [], SA_RESTORER, 0x7f016224a270}, NULL, 8) = 0
7175  13:19:03 rt_sigaction(SIGTERM, {SIG_DFL, [], SA_RESTORER, 0x7f016224a270}, NULL, 8) = 0
7175  13:19:03 rt_sigaction(SIGTSTP, {SIG_DFL, [], SA_RESTORER, 0x7f016224a270}, NULL, 8) = 0
7175  13:19:03 rt_sigaction(SIGTTIN, {SIG_DFL, [], SA_RESTORER, 0x7f016224a270}, NULL, 8) = 0
7175  13:19:03 rt_sigaction(SIGTTOU, {SIG_DFL, [], SA_RESTORER, 0x7f016224a270}, NULL, 8) = 0
7175  13:19:03 close(4)                 = 0
7175  13:19:03 write(3, " &8\n5\253\244\340y\264&\226\300f\371\32\310\271\2435\301z[\251\223\355\2\34#\0302\305"..., 84) = 84
7175  13:19:03 select(4, [3], NULL, NULL, NULL) = 1 (in [3])
7175  13:19:03 read(3, "/\275\26Z\21\254\343\312\225Pf\243\3304/\207\352\4\177H\27(a/\36\233.\254", 8192) = 28
7175  13:19:03 dup(0)                   = 4
7175  13:19:03 dup(1)                   = 5
7175  13:19:03 dup(2)                   = 6
7175  13:19:03 ioctl(4, TCGETS, {B38400 opost isig icanon echo ...}) = 0
7175  13:19:03 ioctl(5, TCGETS, {B38400 opost isig icanon echo ...}) = 0
7175  13:19:03 ioctl(6, TCGETS, {B38400 opost isig icanon echo ...}) = 0
7175  13:19:03 fcntl(4, F_SETFD, FD_CLOEXEC) = 0
7175  13:19:03 fcntl(5, F_SETFD, FD_CLOEXEC) = 0
7175  13:19:03 fcntl(6, F_SETFD, FD_CLOEXEC) = 0
7175  13:19:03 rt_sigaction(SIGHUP, NULL, {SIG_DFL, [], SA_RESTORER, 0x7f016224a270}, 8) = 0
7175  13:19:03 rt_sigaction(SIGHUP, {SIG_IGN, [], SA_RESTORER, 0x7f016224a270}, NULL, 8) = 0
7175  13:19:03 rt_sigaction(SIGHUP, NULL, {SIG_IGN, [], SA_RESTORER, 0x7f016224a270}, 8) = 0
7175  13:19:03 rt_sigaction(SIGHUP, {0x7f01636de410, [], SA_RESTORER, 0x7f016224a270}, NULL, 8) = 0
7175  13:19:03 rt_sigaction(SIGINT, NULL, {SIG_DFL, [], SA_RESTORER, 0x7f016224a270}, 8) = 0
7175  13:19:03 rt_sigaction(SIGINT, {SIG_IGN, [], SA_RESTORER, 0x7f016224a270}, NULL, 8) = 0
7175  13:19:03 rt_sigaction(SIGINT, NULL, {SIG_IGN, [], SA_RESTORER, 0x7f016224a270}, 8) = 0
7175  13:19:03 rt_sigaction(SIGINT, {0x7f01636de410, [], SA_RESTORER, 0x7f016224a270}, NULL, 8) = 0
7175  13:19:03 rt_sigaction(SIGQUIT, NULL, {SIG_DFL, [], SA_RESTORER, 0x7f016224a270}, 8) = 0
7175  13:19:03 rt_sigaction(SIGQUIT, {SIG_IGN, [], SA_RESTORER, 0x7f016224a270}, NULL, 8) = 0
7175  13:19:03 rt_sigaction(SIGQUIT, NULL, {SIG_IGN, [], SA_RESTORER, 0x7f016224a270}, 8) = 0
7175  13:19:03 rt_sigaction(SIGQUIT, {0x7f01636de410, [], SA_RESTORER, 0x7f016224a270}, NULL, 8) = 0
7175  13:19:03 rt_sigaction(SIGTERM, NULL, {SIG_DFL, [], SA_RESTORER, 0x7f016224a270}, 8) = 0
7175  13:19:03 rt_sigaction(SIGTERM, {SIG_IGN, [], SA_RESTORER, 0x7f016224a270}, NULL, 8) = 0
7175  13:19:03 rt_sigaction(SIGTERM, NULL, {SIG_IGN, [], SA_RESTORER, 0x7f016224a270}, 8) = 0
7175  13:19:03 rt_sigaction(SIGTERM, {0x7f01636de410, [], SA_RESTORER, 0x7f016224a270}, NULL, 8) = 0
7175  13:19:03 rt_sigaction(SIGWINCH, NULL, {SIG_DFL, [], 0}, 8) = 0
7175  13:19:03 rt_sigaction(SIGWINCH, {0x7f01636de6a0, [], SA_RESTORER, 0x7f016224a270}, NULL, 8) = 0
7175  13:19:03 ioctl(0, TCGETS, {B38400 opost isig icanon echo ...}) = 0
7175  13:19:03 ioctl(0, SNDCTL_TMR_STOP or TCSETSW, {B38400 -opost -isig -icanon -echo ...}) = 0
7175  13:19:03 clock_gettime(CLOCK_BOOTTIME, {6831, 684881297}) = 0
7175  13:19:03 clock_gettime(CLOCK_BOOTTIME, {6831, 684894495}) = 0
7175  13:19:03 select(7, [3], [3], NULL, NULL) = 1 (out [3])
7175  13:19:03 clock_gettime(CLOCK_BOOTTIME, {6831, 684920879}) = 0
7175  13:19:03 write(3, "\313\n\5n\216\231\265\343\242\216\203RQ\326D\376\251\24\335d\212\315\363\327\223\17\270\224u\4\366{"..., 112) = 112
7175  13:19:03 clock_gettime(CLOCK_BOOTTIME, {6831, 684998092}) = 0
7175  13:19:03 clock_gettime(CLOCK_BOOTTIME, {6831, 685009593}) = 0
7175  13:19:03 select(7, [3], [], NULL, NULL) = 1 (in [3])
7175  13:19:03 clock_gettime(CLOCK_BOOTTIME, {6831, 890914898}) = 0
7175  13:19:03 read(3, "<\363FRa\343\17MC\251v\312@\f\271\210\260\226\4\v\3341|\336\364@\305\344\311\375\340X"..., 8192) = 44
7175  13:19:03 getsockopt(3, SOL_TCP, TCP_NODELAY, [0], [4]) = 0
7175  13:19:03 setsockopt(3, SOL_TCP, TCP_NODELAY, [1], 4) = 0
7175  13:19:03 getsockname(3, {sa_family=AF_INET, sin_port=htons(47062), sin_addr=inet_addr("192.168.1.102")}, [16]) = 0
7175  13:19:03 setsockopt(3, SOL_IP, IP_TOS, [16], 4) = 0
7175  13:19:03 ioctl(0, TIOCGWINSZ, {ws_row=27, ws_col=135, ws_xpixel=0, ws_ypixel=0}) = 0
7175  13:19:03 clock_gettime(CLOCK_BOOTTIME, {6831, 891371740}) = 0
7175  13:19:03 clock_gettime(CLOCK_BOOTTIME, {6831, 891408704}) = 0
7175  13:19:03 select(7, [3], [3], NULL, NULL) = 1 (out [3])
7175  13:19:03 clock_gettime(CLOCK_BOOTTIME, {6831, 891493914}) = 0
7175  13:19:03 write(3, "\6\275K,mn3\10$\353|\360k\215\267J&[\261\376-\237oYD\321K\337\330h2\235"..., 376) = 376
7175  13:19:03 clock_gettime(CLOCK_BOOTTIME, {6831, 891795578}) = 0
7175  13:19:03 clock_gettime(CLOCK_BOOTTIME, {6831, 891850948}) = 0
7175  13:19:03 select(7, [3], [], NULL, NULL) = 1 (in [3])
7175  13:19:03 clock_gettime(CLOCK_BOOTTIME, {6831, 925699797}) = 0
7175  13:19:03 read(3, "\37(U\301\255\266\311\34\330\10_\374\214\32\37\334\7\370\267z\336J\205\332\320Rb\32Z\30A\25"..., 8192) = 200
7175  13:19:03 clock_gettime(CLOCK_BOOTTIME, {6831, 925786861}) = 0
7175  13:19:03 clock_gettime(CLOCK_BOOTTIME, {6831, 925797781}) = 0
7175  13:19:03 select(7, [3 4], [5], NULL, NULL) = 1 (out [5])
7175  13:19:03 clock_gettime(CLOCK_BOOTTIME, {6831, 925827431}) = 0
7175  13:19:03 write(5, "Last login: Mon Apr  9 21:16:40 "..., 58) = 58
7175  13:19:03 clock_gettime(CLOCK_BOOTTIME, {6831, 926046347}) = 0
7175  13:19:03 clock_gettime(CLOCK_BOOTTIME, {6831, 926058283}) = 0
7175  13:19:03 select(7, [3 4], [], NULL, NULL) = 1 (in [3])
7175  13:19:03 clock_gettime(CLOCK_BOOTTIME, {6831, 956288403}) = 0
7175  13:19:03 read(3, "D\262\371\313Ku\267\310\301\341-\330\3060<\367\302\20\222\371\313\"@/7\227\v('\342I\32"..., 8192) = 84
7175  13:19:03 clock_gettime(CLOCK_BOOTTIME, {6831, 956386540}) = 0
7175  13:19:03 clock_gettime(CLOCK_BOOTTIME, {6831, 956416461}) = 0
7175  13:19:03 select(7, [3 4], [5], NULL, NULL) = 1 (out [5])
7175  13:19:03 clock_gettime(CLOCK_BOOTTIME, {6831, 956489397}) = 0
7175  13:19:03 write(5, "\33]0;root@localhost:~\7\33[?1034h[ro"..., 49) = 49
7175  13:19:03 clock_gettime(CLOCK_BOOTTIME, {6831, 957043490}) = 0
7175  13:19:03 clock_gettime(CLOCK_BOOTTIME, {6831, 957076873}) = 0
7175  13:19:03 select(7, [3 4], [], NULL, NULL) = 1 (in [4])
7175  13:19:05 clock_gettime(CLOCK_BOOTTIME, {6833, 557339116}) = 0
7175  13:19:05 read(4, "d", 16384)      = 1
7175  13:19:05 clock_gettime(CLOCK_BOOTTIME, {6833, 557488832}) = 0
7175  13:19:05 clock_gettime(CLOCK_BOOTTIME, {6833, 557534476}) = 0
7175  13:19:05 select(7, [3 4], [3], NULL, NULL) = 1 (out [3])
7175  13:19:05 clock_gettime(CLOCK_BOOTTIME, {6833, 557642341}) = 0
7175  13:19:05 write(3, "\356e ez\24\16b\24\237\1\226\214\2624`1\240\26\244\233?\241\247\352\t\0357\235IiE"..., 36) = 36
7175  13:19:05 clock_gettime(CLOCK_BOOTTIME, {6833, 557916857}) = 0
7175  13:19:05 clock_gettime(CLOCK_BOOTTIME, {6833, 557963674}) = 0
7175  13:19:05 select(7, [3 4], [], NULL, NULL) = 1 (in [3])
7175  13:19:05 clock_gettime(CLOCK_BOOTTIME, {6833, 558791371}) = 0
7175  13:19:05 read(3, "\246 \323\200\203\240-\210\371\247\301WC\342\216\3\240\22\205\266\360\230\324\"\304\323zT+\t\30*"..., 8192) = 36
7175  13:19:05 clock_gettime(CLOCK_BOOTTIME, {6833, 558977510}) = 0
7175  13:19:05 clock_gettime(CLOCK_BOOTTIME, {6833, 559025560}) = 0
7175  13:19:05 select(7, [3 4], [5], NULL, NULL) = 1 (out [5])
7175  13:19:05 clock_gettime(CLOCK_BOOTTIME, {6833, 559148936}) = 0
7175  13:19:05 write(5, "d", 1)         = 1
7175  13:19:05 clock_gettime(CLOCK_BOOTTIME, {6833, 559707308}) = 0
7175  13:19:05 clock_gettime(CLOCK_BOOTTIME, {6833, 559760339}) = 0
7175  13:19:05 select(7, [3 4], [], NULL, NULL) = 1 (in [4])
7175  13:19:05 clock_gettime(CLOCK_BOOTTIME, {6833, 793697264}) = 0
7175  13:19:05 read(4, "f", 16384)      = 1
7175  13:19:05 clock_gettime(CLOCK_BOOTTIME, {6833, 793753233}) = 0
7175  13:19:05 clock_gettime(CLOCK_BOOTTIME, {6833, 793770157}) = 0
7175  13:19:05 select(7, [3 4], [3], NULL, NULL) = 1 (out [3])
7175  13:19:05 clock_gettime(CLOCK_BOOTTIME, {6833, 793826384}) = 0
7175  13:19:05 write(3, "\201\2\202\315Y\370\210\200gI\237x\2252\307-\241\341\344\301Z\270\241\31M3\t\346VBE\323"..., 36) = 36
7175  13:19:05 clock_gettime(CLOCK_BOOTTIME, {6833, 793937331}) = 0
7175  13:19:05 clock_gettime(CLOCK_BOOTTIME, {6833, 793955198}) = 0
7175  13:19:05 select(7, [3 4], [], NULL, NULL) = 1 (in [3])
7175  13:19:05 clock_gettime(CLOCK_BOOTTIME, {6833, 794321293}) = 0
7175  13:19:05 read(3, "W\22\363\255~\352\320LP+\360\225\177\353\33Yp\21\221\273\305%^\260\tH\225M\306\203\304^"..., 8192) = 36
7175  13:19:05 clock_gettime(CLOCK_BOOTTIME, {6833, 794370499}) = 0
7175  13:19:05 clock_gettime(CLOCK_BOOTTIME, {6833, 794387180}) = 0
7175  13:19:05 select(7, [3 4], [5], NULL, NULL) = 1 (out [5])
7175  13:19:05 clock_gettime(CLOCK_BOOTTIME, {6833, 794427278}) = 0
7175  13:19:05 write(5, "f", 1)         = 1
7175  13:19:05 clock_gettime(CLOCK_BOOTTIME, {6833, 794636066}) = 0
7175  13:19:05 clock_gettime(CLOCK_BOOTTIME, {6833, 794654397}) = 0
7175  13:19:05 select(7, [3 4], [], NULL, NULL) = 1 (in [4])
7175  13:19:05 clock_gettime(CLOCK_BOOTTIME, {6834, 282560440}) = 0
7175  13:19:05 read(4, "\r", 16384)     = 1
7175  13:19:05 clock_gettime(CLOCK_BOOTTIME, {6834, 282608343}) = 0
7175  13:19:05 clock_gettime(CLOCK_BOOTTIME, {6834, 282622891}) = 0
7175  13:19:05 select(7, [3 4], [3], NULL, NULL) = 1 (out [3])
7175  13:19:05 clock_gettime(CLOCK_BOOTTIME, {6834, 282657843}) = 0
7175  13:19:05 write(3, "\253\302\3533Xf\327M\21\4N\225\376W\37\211=]MX\"h\344'\264\262\205O\343\250\267\321"..., 36) = 36
7175  13:19:05 clock_gettime(CLOCK_BOOTTIME, {6834, 282822990}) = 0
7175  13:19:05 clock_gettime(CLOCK_BOOTTIME, {6834, 282846800}) = 0
7175  13:19:05 select(7, [3 4], [], NULL, NULL) = 1 (in [3])
7175  13:19:05 clock_gettime(CLOCK_BOOTTIME, {6834, 283515944}) = 0
7175  13:19:05 read(3, "\333\23 \334j\272\32\213\16^\367\v\226B\266\235=\353e\2\232i\220\306\254q^\340^:\366D"..., 8192) = 36
7175  13:19:05 clock_gettime(CLOCK_BOOTTIME, {6834, 283589820}) = 0
7175  13:19:05 clock_gettime(CLOCK_BOOTTIME, {6834, 283613517}) = 0
7175  13:19:05 select(7, [3 4], [5], NULL, NULL) = 1 (out [5])
7175  13:19:05 clock_gettime(CLOCK_BOOTTIME, {6834, 283675495}) = 0
7175  13:19:05 write(5, "\r\n", 2)      = 2
7175  13:19:05 clock_gettime(CLOCK_BOOTTIME, {6834, 283975476}) = 0
7175  13:19:05 clock_gettime(CLOCK_BOOTTIME, {6834, 284003295}) = 0
7175  13:19:05 select(7, [3 4], [], NULL, NULL) = 1 (in [3])
7175  13:19:05 clock_gettime(CLOCK_BOOTTIME, {6834, 290920473}) = 0
7175  13:19:05 read(3, "?\233\263\222\256\207\335t\30E\177\231\215\264\335\303Z\33\317\37\26NVB\316+\205WX3\326\""..., 8192) = 580
7175  13:19:05 clock_gettime(CLOCK_BOOTTIME, {6834, 290979265}) = 0
7175  13:19:06 clock_gettime(CLOCK_BOOTTIME, {6834, 290993764}) = 0
7175  13:19:06 select(7, [3 4], [5], NULL, NULL) = 1 (out [5])
7175  13:19:06 clock_gettime(CLOCK_BOOTTIME, {6834, 291029549}) = 0
7175  13:19:06 write(5, "\346\226\207\344\273\266\347\263\273\347\273\237               1K-\345\235"..., 540) = 540
7175  13:19:06 clock_gettime(CLOCK_BOOTTIME, {6834, 291394392}) = 0
7175  13:19:06 clock_gettime(CLOCK_BOOTTIME, {6834, 291410696}) = 0
7175  13:19:06 select(7, [3 4], [], NULL, NULL) = 1 (in [4])
7175  13:19:07 clock_gettime(CLOCK_BOOTTIME, {6835, 643777630}) = 0
7175  13:19:07 read(4, "e", 16384)      = 1
7175  13:19:07 clock_gettime(CLOCK_BOOTTIME, {6835, 644001190}) = 0
7175  13:19:07 clock_gettime(CLOCK_BOOTTIME, {6835, 644081302}) = 0
7175  13:19:07 select(7, [3 4], [3], NULL, NULL) = 1 (out [3])
7175  13:19:07 clock_gettime(CLOCK_BOOTTIME, {6835, 644273681}) = 0
7175  13:19:07 write(3, "C\347\355\2]\354\223\2u\340\26\0003\233l\341\222\355\342\2223\356\2068\243w\305Z\270C\361R"..., 36) = 36
7175  13:19:07 clock_gettime(CLOCK_BOOTTIME, {6835, 644849253}) = 0
7175  13:19:07 clock_gettime(CLOCK_BOOTTIME, {6835, 644933074}) = 0
7175  13:19:07 select(7, [3 4], [], NULL, NULL) = 1 (in [3])
7175  13:19:07 clock_gettime(CLOCK_BOOTTIME, {6835, 645627195}) = 0
7175  13:19:07 read(3, "B^\361g8\213I\23cb'\25\230A\r-\224\361\346\377\271\302\"^\233\274.\253\270\335b\20"..., 8192) = 36
7175  13:19:07 clock_gettime(CLOCK_BOOTTIME, {6835, 645799874}) = 0
7175  13:19:07 clock_gettime(CLOCK_BOOTTIME, {6835, 645845293}) = 0
7175  13:19:07 select(7, [3 4], [5], NULL, NULL) = 1 (out [5])
7175  13:19:07 clock_gettime(CLOCK_BOOTTIME, {6835, 645952697}) = 0
7175  13:19:07 write(5, "e", 1)         = 1
7175  13:19:07 clock_gettime(CLOCK_BOOTTIME, {6835, 646539390}) = 0
7175  13:19:07 clock_gettime(CLOCK_BOOTTIME, {6835, 646589103}) = 0
7175  13:19:07 select(7, [3 4], [], NULL, NULL) = 1 (in [4])
7175  13:19:07 clock_gettime(CLOCK_BOOTTIME, {6835, 910915142}) = 0
7175  13:19:07 read(4, "x", 16384)      = 1
7175  13:19:07 clock_gettime(CLOCK_BOOTTIME, {6835, 911054615}) = 0
7175  13:19:07 clock_gettime(CLOCK_BOOTTIME, {6835, 911099743}) = 0
7175  13:19:07 select(7, [3 4], [3], NULL, NULL) = 1 (out [3])
7175  13:19:07 clock_gettime(CLOCK_BOOTTIME, {6835, 911206672}) = 0
7175  13:19:07 write(3, "\33\330\7\354]\374i\211X\235\320\263\231\27\377J~\"\274igo\26\247>.\321\244\344\302\373\""..., 36) = 36
7175  13:19:07 clock_gettime(CLOCK_BOOTTIME, {6835, 911525188}) = 0
7175  13:19:07 clock_gettime(CLOCK_BOOTTIME, {6835, 911573352}) = 0
7175  13:19:07 select(7, [3 4], [], NULL, NULL) = 1 (in [3])
7175  13:19:07 clock_gettime(CLOCK_BOOTTIME, {6835, 912336136}) = 0
7175  13:19:07 read(3, "#o\377\235\"\214\304\31\333\31\353:\206\362\220D\202)\271\320\307\263\336\270\227\10\371\264\313\316\213\303"..., 8192) = 36
7175  13:19:07 clock_gettime(CLOCK_BOOTTIME, {6835, 912465341}) = 0
7175  13:19:07 clock_gettime(CLOCK_BOOTTIME, {6835, 912509276}) = 0
7175  13:19:07 select(7, [3 4], [5], NULL, NULL) = 1 (out [5])
7175  13:19:07 clock_gettime(CLOCK_BOOTTIME, {6835, 912617478}) = 0
7175  13:19:07 write(5, "x", 1)         = 1
7175  13:19:07 clock_gettime(CLOCK_BOOTTIME, {6835, 913134641}) = 0
7175  13:19:07 clock_gettime(CLOCK_BOOTTIME, {6835, 913183177}) = 0
7175  13:19:07 select(7, [3 4], [], NULL, NULL) = 1 (in [4])
7175  13:19:07 clock_gettime(CLOCK_BOOTTIME, {6836, 82191272}) = 0
7175  13:19:07 read(4, "i", 16384)      = 1
7175  13:19:07 clock_gettime(CLOCK_BOOTTIME, {6836, 82342807}) = 0
7175  13:19:07 clock_gettime(CLOCK_BOOTTIME, {6836, 82388040}) = 0
7175  13:19:07 select(7, [3 4], [3], NULL, NULL) = 1 (out [3])
7175  13:19:07 clock_gettime(CLOCK_BOOTTIME, {6836, 82496808}) = 0
7175  13:19:07 write(3, "\271\33T\245\223\364b\263)\5NP\201\342\360\300t\256\35\36l\322\200\270\225\326\365X|B\227\223"..., 36) = 36
7175  13:19:07 clock_gettime(CLOCK_BOOTTIME, {6836, 82907048}) = 0
7175  13:19:07 clock_gettime(CLOCK_BOOTTIME, {6836, 82984019}) = 0
7175  13:19:07 select(7, [3 4], [], NULL, NULL) = 1 (in [3])
7175  13:19:07 clock_gettime(CLOCK_BOOTTIME, {6836, 83712951}) = 0
7175  13:19:07 read(3, "U\277(Bd\320\333|\230${\271^\217\375\265\356\303A\22\302!\224\nel\373\224\251\r/\227"..., 8192) = 36
7175  13:19:07 clock_gettime(CLOCK_BOOTTIME, {6836, 83844120}) = 0
7175  13:19:07 clock_gettime(CLOCK_BOOTTIME, {6836, 83888636}) = 0
7175  13:19:07 select(7, [3 4], [5], NULL, NULL) = 1 (out [5])
7175  13:19:07 clock_gettime(CLOCK_BOOTTIME, {6836, 84127235}) = 0
7175  13:19:07 write(5, "i", 1)         = 1
7175  13:19:07 clock_gettime(CLOCK_BOOTTIME, {6836, 84788066}) = 0
7175  13:19:07 clock_gettime(CLOCK_BOOTTIME, {6836, 84839774}) = 0
7175  13:19:07 select(7, [3 4], [], NULL, NULL) = 1 (in [4])
7175  13:19:07 clock_gettime(CLOCK_BOOTTIME, {6836, 273085831}) = 0
7175  13:19:07 read(4, "t", 16384)      = 1
7175  13:19:07 clock_gettime(CLOCK_BOOTTIME, {6836, 273133971}) = 0
7175  13:19:07 clock_gettime(CLOCK_BOOTTIME, {6836, 273148351}) = 0
7175  13:19:07 select(7, [3 4], [3], NULL, NULL) = 1 (out [3])
7175  13:19:07 clock_gettime(CLOCK_BOOTTIME, {6836, 273183195}) = 0
7175  13:19:07 write(3, "\360\20\370\207W&\376\227\316\221 \24\211u)\360\374\232\271\36\314X\n/*\212\3400\336t\16\302"..., 36) = 36
7175  13:19:07 clock_gettime(CLOCK_BOOTTIME, {6836, 273293605}) = 0
7175  13:19:07 clock_gettime(CLOCK_BOOTTIME, {6836, 273308930}) = 0
7175  13:19:07 select(7, [3 4], [], NULL, NULL) = 1 (in [3])
7175  13:19:07 clock_gettime(CLOCK_BOOTTIME, {6836, 273671349}) = 0
7175  13:19:07 read(3, "\255)(\17\n$=\353\\j\275\300\2477\267\3358^\376J\232\206\371\246\372m\270\240{\223\4\305"..., 8192) = 36
7175  13:19:07 clock_gettime(CLOCK_BOOTTIME, {6836, 273713359}) = 0
7175  13:19:07 clock_gettime(CLOCK_BOOTTIME, {6836, 273727378}) = 0
7175  13:19:07 select(7, [3 4], [5], NULL, NULL) = 1 (out [5])
7175  13:19:07 clock_gettime(CLOCK_BOOTTIME, {6836, 273761342}) = 0
7175  13:19:07 write(5, "t", 1)         = 1
7175  13:19:07 clock_gettime(CLOCK_BOOTTIME, {6836, 273935588}) = 0
7175  13:19:07 clock_gettime(CLOCK_BOOTTIME, {6836, 273951179}) = 0
7175  13:19:07 select(7, [3 4], [], NULL, NULL) = 1 (in [4])
7175  13:19:08 clock_gettime(CLOCK_BOOTTIME, {6836, 641090390}) = 0
7175  13:19:08 read(4, "\r", 16384)     = 1
7175  13:19:08 clock_gettime(CLOCK_BOOTTIME, {6836, 641140719}) = 0
7175  13:19:08 clock_gettime(CLOCK_BOOTTIME, {6836, 641155609}) = 0
7175  13:19:08 select(7, [3 4], [3], NULL, NULL) = 1 (out [3])
7175  13:19:08 clock_gettime(CLOCK_BOOTTIME, {6836, 641190992}) = 0
7175  13:19:08 write(3, "\34A:,\214=\243\264\246\245\247\224u\273|\35{4\205\334\f\4:\370_4\216\210\343\227O\335"..., 36) = 36
7175  13:19:08 clock_gettime(CLOCK_BOOTTIME, {6836, 641283568}) = 0
7175  13:19:08 clock_gettime(CLOCK_BOOTTIME, {6836, 641298982}) = 0
7175  13:19:08 select(7, [3 4], [], NULL, NULL) = 1 (in [3])
7175  13:19:08 clock_gettime(CLOCK_BOOTTIME, {6836, 642951682}) = 0
7175  13:19:08 read(3, "\312$\257l4P\243\223\272(r\265@l\201\367ZdS\274dh\232\224\331\314\333\241a\220\n\350"..., 8192) = 220
7175  13:19:08 close(4)                 = 0
7175  13:19:08 clock_gettime(CLOCK_BOOTTIME, {6836, 643021513}) = 0
7175  13:19:08 clock_gettime(CLOCK_BOOTTIME, {6836, 643035800}) = 0
7175  13:19:08 select(7, [3], [5], NULL, NULL) = 1 (out [5])
7175  13:19:08 clock_gettime(CLOCK_BOOTTIME, {6836, 643070152}) = 0
7175  13:19:08 write(5, "\r\n\347\231\273\345\207\272\r\n", 10) = 10
7175  13:19:08 clock_gettime(CLOCK_BOOTTIME, {6836, 643287705}) = 0
7175  13:19:08 clock_gettime(CLOCK_BOOTTIME, {6836, 643303243}) = 0
7175  13:19:08 close(5)                 = 0
7175  13:19:08 ioctl(0, SNDCTL_TMR_STOP or TCSETSW, {B38400 opost isig icanon echo ...}) = 0
7175  13:19:08 close(6)                 = 0
7175  13:19:08 select(7, [3], [3], NULL, NULL) = 1 (out [3])
7175  13:19:08 clock_gettime(CLOCK_BOOTTIME, {6836, 643408512}) = 0
7175  13:19:08 write(3, "\314\nZ\5D\232t\2417\221\363\325\212\225\5Wx\307\272\273$6\t\205&KG,\37\217\207S"..., 36) = 36
7175  13:19:08 rt_sigaction(SIGWINCH, NULL, {0x7f01636de6a0, [], SA_RESTORER, 0x7f016224a270}, 8) = 0
7175  13:19:08 rt_sigaction(SIGWINCH, {SIG_DFL, [], SA_RESTORER, 0x7f016224a270}, NULL, 8) = 0
7175  13:19:08 write(3, "uEVS\377,\334\2501\va\305B\0\r:\307\377\375\f\6\240\355X;\361\274\1o\5`h"..., 60) = 60
7175  13:19:08 ioctl(0, TCGETS, {B38400 opost isig icanon echo ...}) = 0
7175  13:19:08 ioctl(1, TCGETS, {B38400 opost isig icanon echo ...}) = 0
7175  13:19:08 ioctl(2, TCGETS, {B38400 opost isig icanon echo ...}) = 0
7175  13:19:08 write(2, "Connection to 192.168.1.101 clos"..., 37) = 37
7175  13:19:08 close(3)                 = 0
7175  13:19:08 exit_group(0)            = ?
7175  13:19:08 +++ exited with 0 +++
