7195  13:19:15 read(3,  <unfinished ...>
7186  13:19:15 wait4(-1,  <unfinished ...>
7195  13:19:15 <... read resumed> "S", 1) = 1
7195  13:19:15 read(3, "S", 1)          = 1
7195  13:19:15 read(3, "H", 1)          = 1
7195  13:19:15 read(3, "-", 1)          = 1
7195  13:19:15 read(3, "2", 1)          = 1
7195  13:19:15 read(3, ".", 1)          = 1
7195  13:19:15 read(3, "0", 1)          = 1
7195  13:19:15 read(3, "-", 1)          = 1
7195  13:19:15 read(3, "O", 1)          = 1
7195  13:19:15 read(3, "p", 1)          = 1
7195  13:19:15 read(3, "e", 1)          = 1
7195  13:19:15 read(3, "n", 1)          = 1
7195  13:19:15 read(3, "S", 1)          = 1
7195  13:19:15 read(3, "S", 1)          = 1
7195  13:19:15 read(3, "H", 1)          = 1
7195  13:19:15 read(3, "_", 1)          = 1
7195  13:19:15 read(3, "6", 1)          = 1
7195  13:19:15 read(3, ".", 1)          = 1
7195  13:19:15 read(3, "6", 1)          = 1
7195  13:19:15 read(3, ".", 1)          = 1
7195  13:19:15 read(3, "1", 1)          = 1
7195  13:19:15 read(3, "\r", 1)         = 1
7195  13:19:15 read(3, "\n", 1)         = 1
7195  13:19:15 fcntl(3, F_GETFL)        = 0x2 (flags O_RDWR)
7195  13:19:15 fcntl(3, F_SETFL, O_RDWR|O_NONBLOCK) = 0
7195  13:19:15 open("/root/.ssh/known_hosts", O_RDONLY) = 4
7195  13:19:15 fstat(4, {st_mode=S_IFREG|0644, st_size=525, ...}) = 0
7195  13:19:15 mmap(NULL, 4096, PROT_READ|PROT_WRITE, MAP_PRIVATE|MAP_ANONYMOUS, -1, 0) = 0x7effccb1a000
7195  13:19:15 read(4, "192.168.1.105 ecdsa-sha2-nistp25"..., 4096) = 525
7195  13:19:15 read(4, "", 4096)        = 0
7195  13:19:15 close(4)                 = 0
7195  13:19:15 munmap(0x7effccb1a000, 4096) = 0
7195  13:19:15 open("/root/.ssh/known_hosts2", O_RDONLY) = -1 ENOENT (No such file or directory)
7195  13:19:15 open("/usr/local/openssh7/etc/ssh_known_hosts", O_RDONLY) = -1 ENOENT (No such file or directory)
7195  13:19:15 open("/usr/local/openssh7/etc/ssh_known_hosts2", O_RDONLY) = -1 ENOENT (No such file or directory)
7195  13:19:15 brk(NULL)                = 0x7effce717000
7195  13:19:15 brk(0x7effce738000)      = 0x7effce738000
7195  13:19:15 brk(NULL)                = 0x7effce738000
7195  13:19:15 brk(NULL)                = 0x7effce738000
7195  13:19:15 brk(0x7effce737000)      = 0x7effce737000
7195  13:19:15 brk(NULL)                = 0x7effce737000
7195  13:19:15 write(3, "\0\0\5L\5\24jw~\272Q6XN\232CN\205}\345\274\332\0\0\0010curve2"..., 1360) = 1360
7195  13:19:15 select(4, [3], NULL, NULL, NULL) = 1 (in [3])
7195  13:19:15 read(3, "\0\0\6d\n\24\214|\203\343\237s\217&f\210\351#\20*\350\37\0\0\0\324curve2"..., 8192) = 1640
7195  13:19:15 write(3, "\0\0\0,\6\36\0\0\0 Y\2\3613/\222\371\307L\367\247U/\227@0&\34\353\37718"..., 48) = 48
7195  13:19:15 select(4, [3], NULL, NULL, NULL) = 1 (in [3])
7195  13:19:15 read(3, "\0\0\1\4\v\37\0\0\0h\0\0\0\23ecdsa-sha2-nistp25"..., 8192) = 280
7195  13:19:15 open("/root/.ssh/known_hosts", O_RDONLY) = 4
7195  13:19:15 fstat(4, {st_mode=S_IFREG|0644, st_size=525, ...}) = 0
7195  13:19:15 mmap(NULL, 4096, PROT_READ|PROT_WRITE, MAP_PRIVATE|MAP_ANONYMOUS, -1, 0) = 0x7effccb1a000
7195  13:19:15 read(4, "192.168.1.105 ecdsa-sha2-nistp25"..., 4096) = 525
7195  13:19:15 read(4, "", 4096)        = 0
7195  13:19:15 close(4)                 = 0
7195  13:19:15 munmap(0x7effccb1a000, 4096) = 0
7195  13:19:15 open("/root/.ssh/known_hosts2", O_RDONLY) = -1 ENOENT (No such file or directory)
7195  13:19:15 open("/usr/local/openssh7/etc/ssh_known_hosts", O_RDONLY) = -1 ENOENT (No such file or directory)
7195  13:19:15 open("/usr/local/openssh7/etc/ssh_known_hosts2", O_RDONLY) = -1 ENOENT (No such file or directory)
7195  13:19:15 open("/root/.ssh/known_hosts", O_WRONLY|O_CREAT|O_APPEND, 0666) = 4
7195  13:19:15 lseek(4, 0, SEEK_END)    = 525
7195  13:19:15 fstat(4, {st_mode=S_IFREG|0644, st_size=525, ...}) = 0
7195  13:19:15 mmap(NULL, 4096, PROT_READ|PROT_WRITE, MAP_PRIVATE|MAP_ANONYMOUS, -1, 0) = 0x7effccb1a000
7195  13:19:15 write(4, "192.168.1.102 ecdsa-sha2-nistp25"..., 175) = 175
7195  13:19:15 close(4)                 = 0
7195  13:19:15 munmap(0x7effccb1a000, 4096) = 0
7195  13:19:15 write(2, "Warning: Permanently added '192."..., 80) = 80
7195  13:19:15 clock_gettime(CLOCK_BOOTTIME, {6844, 233313798}) = 0
7195  13:19:15 write(3, "\0\0\0\f\n\25\0\0\0\0\0\0\0\0\0\0", 16) = 16
7195  13:19:15 write(3, "U\317\347\f\30\264\273\220\32\336\214\203#w\247G\347f\r/\203\247\360\255\372m\301Y9SFQ"..., 44) = 44
7195  13:19:15 select(4, [3], NULL, NULL, NULL) = 1 (in [3])
7195  13:19:15 read(3, "\331\257\270b(\16\372\246\214\221_3\317\261\2264\263\212\3108W\16\200\326\34\260\361\264<\26\21\333"..., 8192) = 44
7195  13:19:15 write(3, "'\0\222|8\226-\277\16;\241j\2327\331\301f\2659\346j{\301\224zQ\226\tl\310Lq"..., 60) = 60
7195  13:19:15 select(4, [3], NULL, NULL, NULL) = 1 (in [3])
7195  13:19:16 read(3, "\24!\240^5fb\7\371\10\237p\17;\235\373!\4\240*\21G\342\367<\1\316m\344U2\254"..., 8192) = 84
7195  13:19:16 stat("/root/.ssh/id_rsa", 0x7ffc05836c70) = -1 ENOENT (No such file or directory)
7195  13:19:16 stat("/root/.ssh/id_dsa", 0x7ffc05836c70) = -1 ENOENT (No such file or directory)
7195  13:19:16 stat("/root/.ssh/id_ecdsa", 0x7ffc05836c70) = -1 ENOENT (No such file or directory)
7195  13:19:16 stat("/root/.ssh/id_ed25519", 0x7ffc05836c70) = -1 ENOENT (No such file or directory)
7195  13:19:16 open("/dev/tty", O_RDWR) = 4
7195  13:19:16 close(4)                 = 0
7195  13:19:16 open("/dev/tty", O_RDWR) = 4
7195  13:19:16 ioctl(4, TCGETS, {B38400 opost isig icanon echo ...}) = 0
7195  13:19:16 ioctl(4, SNDCTL_TMR_CONTINUE or TCSETSF, {B38400 opost isig icanon -echo ...}) = 0
7195  13:19:16 rt_sigaction(SIGALRM, {0x7effccb89370, [], SA_RESTORER, 0x7effcb69f270}, {SIG_DFL, [], 0}, 8) = 0
7195  13:19:16 rt_sigaction(SIGHUP, {0x7effccb89370, [], SA_RESTORER, 0x7effcb69f270}, {SIG_DFL, [], 0}, 8) = 0
7195  13:19:16 rt_sigaction(SIGINT, {0x7effccb89370, [], SA_RESTORER, 0x7effcb69f270}, {SIG_DFL, [], 0}, 8) = 0
7195  13:19:16 rt_sigaction(SIGPIPE, {0x7effccb89370, [], SA_RESTORER, 0x7effcb69f270}, {SIG_IGN, [], SA_RESTORER, 0x7effcb69f270}, 8) = 0
7195  13:19:16 rt_sigaction(SIGQUIT, {0x7effccb89370, [], SA_RESTORER, 0x7effcb69f270}, {SIG_DFL, [], 0}, 8) = 0
7195  13:19:16 rt_sigaction(SIGTERM, {0x7effccb89370, [], SA_RESTORER, 0x7effcb69f270}, {SIG_DFL, [], 0}, 8) = 0
7195  13:19:16 rt_sigaction(SIGTSTP, {0x7effccb89370, [], SA_RESTORER, 0x7effcb69f270}, {SIG_DFL, [], 0}, 8) = 0
7195  13:19:16 rt_sigaction(SIGTTIN, {0x7effccb89370, [], SA_RESTORER, 0x7effcb69f270}, {SIG_DFL, [], 0}, 8) = 0
7195  13:19:16 rt_sigaction(SIGTTOU, {0x7effccb89370, [], SA_RESTORER, 0x7effcb69f270}, {SIG_DFL, [], 0}, 8) = 0
7195  13:19:16 write(4, "root@192.168.1.102's password: ", 31) = 31
7195  13:19:16 read(4, "1", 1)          = 1
7195  13:19:16 read(4, "\n", 1)         = 1
7195  13:19:16 write(4, "\n", 1)        = 1
7195  13:19:16 ioctl(4, SNDCTL_TMR_CONTINUE or TCSETSF, {B38400 opost isig icanon echo ...}) = 0
7195  13:19:16 rt_sigaction(SIGALRM, {SIG_DFL, [], SA_RESTORER, 0x7effcb69f270}, NULL, 8) = 0
7195  13:19:16 rt_sigaction(SIGHUP, {SIG_DFL, [], SA_RESTORER, 0x7effcb69f270}, NULL, 8) = 0
7195  13:19:16 rt_sigaction(SIGINT, {SIG_DFL, [], SA_RESTORER, 0x7effcb69f270}, NULL, 8) = 0
7195  13:19:16 rt_sigaction(SIGQUIT, {SIG_DFL, [], SA_RESTORER, 0x7effcb69f270}, NULL, 8) = 0
7195  13:19:16 rt_sigaction(SIGPIPE, {SIG_IGN, [], SA_RESTORER, 0x7effcb69f270}, NULL, 8) = 0
7195  13:19:16 rt_sigaction(SIGTERM, {SIG_DFL, [], SA_RESTORER, 0x7effcb69f270}, NULL, 8) = 0
7195  13:19:16 rt_sigaction(SIGTSTP, {SIG_DFL, [], SA_RESTORER, 0x7effcb69f270}, NULL, 8) = 0
7195  13:19:16 rt_sigaction(SIGTTIN, {SIG_DFL, [], SA_RESTORER, 0x7effcb69f270}, NULL, 8) = 0
7195  13:19:16 rt_sigaction(SIGTTOU, {SIG_DFL, [], SA_RESTORER, 0x7effcb69f270}, NULL, 8) = 0
7195  13:19:16 close(4)                 = 0
7195  13:19:16 write(3, "\24-\21n\245=\3B\276\2073\2648J\210\306\360\274\337\321L\2238C\336I\237x\2647\2232"..., 84) = 84
7195  13:19:16 select(4, [3], NULL, NULL, NULL) = 1 (in [3])
7195  13:19:17 read(3, "\247\331K\352\272f\356\341]\330-\221\f\324d\317\36\2508N}\10\367g\17\r\v'", 8192) = 28
7195  13:19:17 dup(0)                   = 4
7195  13:19:17 dup(1)                   = 5
7195  13:19:17 dup(2)                   = 6
7195  13:19:17 ioctl(4, TCGETS, {B38400 opost isig icanon echo ...}) = 0
7195  13:19:17 ioctl(5, TCGETS, {B38400 opost isig icanon echo ...}) = 0
7195  13:19:17 ioctl(6, TCGETS, {B38400 opost isig icanon echo ...}) = 0
7195  13:19:17 fcntl(4, F_SETFD, FD_CLOEXEC) = 0
7195  13:19:17 fcntl(5, F_SETFD, FD_CLOEXEC) = 0
7195  13:19:17 fcntl(6, F_SETFD, FD_CLOEXEC) = 0
7195  13:19:17 rt_sigaction(SIGHUP, NULL, {SIG_DFL, [], SA_RESTORER, 0x7effcb69f270}, 8) = 0
7195  13:19:17 rt_sigaction(SIGHUP, {SIG_IGN, [], SA_RESTORER, 0x7effcb69f270}, NULL, 8) = 0
7195  13:19:17 rt_sigaction(SIGHUP, NULL, {SIG_IGN, [], SA_RESTORER, 0x7effcb69f270}, 8) = 0
7195  13:19:17 rt_sigaction(SIGHUP, {0x7effccb33410, [], SA_RESTORER, 0x7effcb69f270}, NULL, 8) = 0
7195  13:19:17 rt_sigaction(SIGINT, NULL, {SIG_DFL, [], SA_RESTORER, 0x7effcb69f270}, 8) = 0
7195  13:19:17 rt_sigaction(SIGINT, {SIG_IGN, [], SA_RESTORER, 0x7effcb69f270}, NULL, 8) = 0
7195  13:19:17 rt_sigaction(SIGINT, NULL, {SIG_IGN, [], SA_RESTORER, 0x7effcb69f270}, 8) = 0
7195  13:19:17 rt_sigaction(SIGINT, {0x7effccb33410, [], SA_RESTORER, 0x7effcb69f270}, NULL, 8) = 0
7195  13:19:17 rt_sigaction(SIGQUIT, NULL, {SIG_DFL, [], SA_RESTORER, 0x7effcb69f270}, 8) = 0
7195  13:19:17 rt_sigaction(SIGQUIT, {SIG_IGN, [], SA_RESTORER, 0x7effcb69f270}, NULL, 8) = 0
7195  13:19:17 rt_sigaction(SIGQUIT, NULL, {SIG_IGN, [], SA_RESTORER, 0x7effcb69f270}, 8) = 0
7195  13:19:17 rt_sigaction(SIGQUIT, {0x7effccb33410, [], SA_RESTORER, 0x7effcb69f270}, NULL, 8) = 0
7195  13:19:17 rt_sigaction(SIGTERM, NULL, {SIG_DFL, [], SA_RESTORER, 0x7effcb69f270}, 8) = 0
7195  13:19:17 rt_sigaction(SIGTERM, {SIG_IGN, [], SA_RESTORER, 0x7effcb69f270}, NULL, 8) = 0
7195  13:19:17 rt_sigaction(SIGTERM, NULL, {SIG_IGN, [], SA_RESTORER, 0x7effcb69f270}, 8) = 0
7195  13:19:17 rt_sigaction(SIGTERM, {0x7effccb33410, [], SA_RESTORER, 0x7effcb69f270}, NULL, 8) = 0
7195  13:19:17 rt_sigaction(SIGWINCH, NULL, {SIG_DFL, [], 0}, 8) = 0
7195  13:19:17 rt_sigaction(SIGWINCH, {0x7effccb336a0, [], SA_RESTORER, 0x7effcb69f270}, NULL, 8) = 0
7195  13:19:17 ioctl(0, TCGETS, {B38400 opost isig icanon echo ...}) = 0
7195  13:19:17 ioctl(0, SNDCTL_TMR_STOP or TCSETSW, {B38400 -opost -isig -icanon -echo ...}) = 0
7195  13:19:17 clock_gettime(CLOCK_BOOTTIME, {6845, 498258040}) = 0
7195  13:19:17 clock_gettime(CLOCK_BOOTTIME, {6845, 498313547}) = 0
7195  13:19:17 select(7, [3], [3], NULL, NULL) = 1 (out [3])
7195  13:19:17 clock_gettime(CLOCK_BOOTTIME, {6845, 498424164}) = 0
7195  13:19:17 write(3, "[\315lv\362\343\342S\370-K\343[\220^$M\n)\31|\270eK\325,\0GG+\202{"..., 112) = 112
7195  13:19:17 clock_gettime(CLOCK_BOOTTIME, {6845, 498589205}) = 0
7195  13:19:17 clock_gettime(CLOCK_BOOTTIME, {6845, 498633817}) = 0
7195  13:19:17 select(7, [3], [], NULL, NULL) = 1 (in [3])
7195  13:19:17 clock_gettime(CLOCK_BOOTTIME, {6845, 718858876}) = 0
7195  13:19:17 read(3, "\323\17-8^!\206=\323#\222\342\324\247\213<fGA\r\226\362\355\300\36\34\350\351\354A\237\266"..., 8192) = 44
7195  13:19:17 getsockopt(3, SOL_TCP, TCP_NODELAY, [0], [4]) = 0
7195  13:19:17 setsockopt(3, SOL_TCP, TCP_NODELAY, [1], 4) = 0
7195  13:19:17 getsockname(3, {sa_family=AF_INET, sin_port=htons(36742), sin_addr=inet_addr("192.168.1.102")}, [16]) = 0
7195  13:19:17 setsockopt(3, SOL_IP, IP_TOS, [16], 4) = 0
7195  13:19:17 ioctl(0, TIOCGWINSZ, {ws_row=27, ws_col=135, ws_xpixel=0, ws_ypixel=0}) = 0
7195  13:19:17 clock_gettime(CLOCK_BOOTTIME, {6845, 719645203}) = 0
7195  13:19:17 clock_gettime(CLOCK_BOOTTIME, {6845, 719656388}) = 0
7195  13:19:17 select(7, [3], [3], NULL, NULL) = 1 (out [3])
7195  13:19:17 clock_gettime(CLOCK_BOOTTIME, {6845, 719682804}) = 0
7195  13:19:17 write(3, "|\251\317g\r\265\313t\340P\37\203g\324\327\3v\302fe\271S=\267#\20\264\237\232\223\210R"..., 376) = 376
7195  13:19:17 clock_gettime(CLOCK_BOOTTIME, {6845, 719725670}) = 0
7195  13:19:17 clock_gettime(CLOCK_BOOTTIME, {6845, 719736572}) = 0
7195  13:19:17 select(7, [3], [], NULL, NULL) = 1 (in [3])
7195  13:19:17 clock_gettime(CLOCK_BOOTTIME, {6845, 755427984}) = 0
7195  13:19:17 read(3, "\300\260\207!\247[\216\244\221($EN\213\247}\277=\0011P\222\32\361v\25\35b4&\352\262"..., 8192) = 108
7195  13:19:17 clock_gettime(CLOCK_BOOTTIME, {6845, 755471516}) = 0
7195  13:19:17 clock_gettime(CLOCK_BOOTTIME, {6845, 755482065}) = 0
7195  13:19:17 select(7, [3 4], [], NULL, NULL) = 1 (in [3])
7195  13:19:17 clock_gettime(CLOCK_BOOTTIME, {6845, 761848293}) = 0
7195  13:19:17 read(3, "\363\221xy\222\21d$\350PQ*\245k\37\360\235\366Q(\227\2151\240\336\346\361\215\23\17w\214"..., 8192) = 92
7195  13:19:17 clock_gettime(CLOCK_BOOTTIME, {6845, 761893500}) = 0
7195  13:19:17 clock_gettime(CLOCK_BOOTTIME, {6845, 761904221}) = 0
7195  13:19:17 select(7, [3 4], [5], NULL, NULL) = 1 (out [5])
7195  13:19:17 clock_gettime(CLOCK_BOOTTIME, {6845, 761930407}) = 0
7195  13:19:17 write(5, "Last login: Mon Apr  9 19:57:21 "..., 58) = 58
7195  13:19:17 clock_gettime(CLOCK_BOOTTIME, {6845, 762142802}) = 0
7195  13:19:17 clock_gettime(CLOCK_BOOTTIME, {6845, 762155002}) = 0
7195  13:19:17 select(7, [3 4], [], NULL, NULL) = 1 (in [3])
7195  13:19:17 clock_gettime(CLOCK_BOOTTIME, {6846, 3458974}) = 0
7195  13:19:17 read(3, "R\257\242UJ\211\rn\326\250\211\246(\257W\305\304\262\224\274?\315q\207\343N\375\271\315$\0172"..., 8192) = 60
7195  13:19:17 clock_gettime(CLOCK_BOOTTIME, {6846, 3600587}) = 0
7195  13:19:17 clock_gettime(CLOCK_BOOTTIME, {6846, 3644442}) = 0
7195  13:19:17 select(7, [3 4], [5], NULL, NULL) = 1 (out [5])
7195  13:19:17 clock_gettime(CLOCK_BOOTTIME, {6846, 3751537}) = 0
7195  13:19:17 write(5, "\33]0;root@localhost:~\7", 21) = 21
7195  13:19:17 clock_gettime(CLOCK_BOOTTIME, {6846, 4425758}) = 0
7195  13:19:17 clock_gettime(CLOCK_BOOTTIME, {6846, 4476499}) = 0
7195  13:19:17 select(7, [3 4], [], NULL, NULL) = 1 (in [3])
7195  13:19:17 clock_gettime(CLOCK_BOOTTIME, {6846, 20827940}) = 0
7195  13:19:17 read(3, "k\r\v\10\272\215OxQ\30\244l\0079)\36e\0@\0&$\310,7s\352!\316z\4\371"..., 8192) = 68
7195  13:19:17 clock_gettime(CLOCK_BOOTTIME, {6846, 20995747}) = 0
7195  13:19:17 clock_gettime(CLOCK_BOOTTIME, {6846, 21040239}) = 0
7195  13:19:17 select(7, [3 4], [5], NULL, NULL) = 1 (out [5])
7195  13:19:17 clock_gettime(CLOCK_BOOTTIME, {6846, 21149468}) = 0
7195  13:19:17 write(5, "\33[?1034h[root@localhost ~]# ", 28) = 28
7195  13:19:17 clock_gettime(CLOCK_BOOTTIME, {6846, 22084075}) = 0
7195  13:19:17 clock_gettime(CLOCK_BOOTTIME, {6846, 22142648}) = 0
7195  13:19:17 select(7, [3 4], [], NULL, NULL) = 1 (in [4])
7195  13:19:20 clock_gettime(CLOCK_BOOTTIME, {6848, 885435957}) = 0
7195  13:19:20 read(4, "p", 16384)      = 1
7195  13:19:20 clock_gettime(CLOCK_BOOTTIME, {6848, 885586906}) = 0
7195  13:19:20 clock_gettime(CLOCK_BOOTTIME, {6848, 885631664}) = 0
7195  13:19:20 select(7, [3 4], [3], NULL, NULL) = 1 (out [3])
7195  13:19:20 clock_gettime(CLOCK_BOOTTIME, {6848, 885737921}) = 0
7195  13:19:20 write(3, "\365>\345E\254\300\321\377\364\217\222\201\200\367\nu\2150\3177B\344@\314\17\336\tif\245\213\20"..., 36) = 36
7195  13:19:20 clock_gettime(CLOCK_BOOTTIME, {6848, 886229651}) = 0
7195  13:19:20 clock_gettime(CLOCK_BOOTTIME, {6848, 886293918}) = 0
7195  13:19:20 select(7, [3 4], [], NULL, NULL) = 1 (in [3])
7195  13:19:20 clock_gettime(CLOCK_BOOTTIME, {6848, 886414823}) = 0
7195  13:19:20 read(3, "D\216\26\326\257-\376\37It:-#Z?x\30.\24\rn\376\211\265\327\7!J\345\237D\214"..., 8192) = 36
7195  13:19:20 clock_gettime(CLOCK_BOOTTIME, {6848, 886526558}) = 0
7195  13:19:20 clock_gettime(CLOCK_BOOTTIME, {6848, 886568870}) = 0
7195  13:19:20 select(7, [3 4], [5], NULL, NULL) = 1 (out [5])
7195  13:19:20 clock_gettime(CLOCK_BOOTTIME, {6848, 886668361}) = 0
7195  13:19:20 write(5, "p", 1)         = 1
7195  13:19:20 clock_gettime(CLOCK_BOOTTIME, {6848, 887259739}) = 0
7195  13:19:20 clock_gettime(CLOCK_BOOTTIME, {6848, 887310320}) = 0
7195  13:19:20 select(7, [3 4], [], NULL, NULL) = 1 (in [4])
7195  13:19:20 clock_gettime(CLOCK_BOOTTIME, {6849, 122402424}) = 0
7195  13:19:20 read(4, "d", 16384)      = 1
7195  13:19:20 clock_gettime(CLOCK_BOOTTIME, {6849, 122538484}) = 0
7195  13:19:20 clock_gettime(CLOCK_BOOTTIME, {6849, 122613630}) = 0
7195  13:19:20 select(7, [3 4], [3], NULL, NULL) = 1 (out [3])
7195  13:19:20 clock_gettime(CLOCK_BOOTTIME, {6849, 122772422}) = 0
7195  13:19:20 write(3, "'\234\275'\2\347\314\246\237%|\25\21\37\3746\230\266\231\214\264\3367\253\263\220s%6\357\23\374"..., 36) = 36
7195  13:19:20 clock_gettime(CLOCK_BOOTTIME, {6849, 123159625}) = 0
7195  13:19:20 clock_gettime(CLOCK_BOOTTIME, {6849, 123206692}) = 0
7195  13:19:20 select(7, [3 4], [], NULL, NULL) = 1 (in [3])
7195  13:19:20 clock_gettime(CLOCK_BOOTTIME, {6849, 123307582}) = 0
7195  13:19:20 read(3, ":\32\3128\200R\4T\336\5\262\364k\0025\336\376\316\"\241\334b[\325\271\307O\350\277\377\343\365"..., 8192) = 36
7195  13:19:20 clock_gettime(CLOCK_BOOTTIME, {6849, 123416089}) = 0
7195  13:19:20 clock_gettime(CLOCK_BOOTTIME, {6849, 123457960}) = 0
7195  13:19:20 select(7, [3 4], [5], NULL, NULL) = 1 (out [5])
7195  13:19:20 clock_gettime(CLOCK_BOOTTIME, {6849, 123556359}) = 0
7195  13:19:20 write(5, "d", 1)         = 1
7195  13:19:20 clock_gettime(CLOCK_BOOTTIME, {6849, 124122705}) = 0
7195  13:19:20 clock_gettime(CLOCK_BOOTTIME, {6849, 124172358}) = 0
7195  13:19:20 select(7, [3 4], [], NULL, NULL) = 1 (in [4])
7195  13:19:21 clock_gettime(CLOCK_BOOTTIME, {6849, 409222013}) = 0
7195  13:19:21 read(4, "\r", 16384)     = 1
7195  13:19:21 clock_gettime(CLOCK_BOOTTIME, {6849, 409271094}) = 0
7195  13:19:21 clock_gettime(CLOCK_BOOTTIME, {6849, 409285229}) = 0
7195  13:19:21 select(7, [3 4], [3], NULL, NULL) = 1 (out [3])
7195  13:19:21 clock_gettime(CLOCK_BOOTTIME, {6849, 409319563}) = 0
7195  13:19:21 write(3, "\362SJCS[!\317\32XhU\237s\30a\366l\363b_ p\310j+\335\tuW\275\201"..., 36) = 36
7195  13:19:21 clock_gettime(CLOCK_BOOTTIME, {6849, 409776793}) = 0
7195  13:19:21 clock_gettime(CLOCK_BOOTTIME, {6849, 409793158}) = 0
7195  13:19:21 select(7, [3 4], [], NULL, NULL) = 1 (in [3])
7195  13:19:21 clock_gettime(CLOCK_BOOTTIME, {6849, 409826418}) = 0
7195  13:19:21 read(3, "'\32\211\364\214\332N&1\6\r\257i\24K\353\2308\270=uT\322\227d\324\317\177\0040\242\21"..., 8192) = 36
7195  13:19:21 clock_gettime(CLOCK_BOOTTIME, {6849, 409863666}) = 0
7195  13:19:21 clock_gettime(CLOCK_BOOTTIME, {6849, 409876997}) = 0
7195  13:19:21 select(7, [3 4], [5], NULL, NULL) = 1 (out [5])
7195  13:19:21 clock_gettime(CLOCK_BOOTTIME, {6849, 409908385}) = 0
7195  13:19:21 write(5, "\r\n", 2)      = 2
7195  13:19:21 clock_gettime(CLOCK_BOOTTIME, {6849, 410117284}) = 0
7195  13:19:21 clock_gettime(CLOCK_BOOTTIME, {6849, 410133288}) = 0
7195  13:19:21 select(7, [3 4], [], NULL, NULL) = 1 (in [3])
7195  13:19:21 clock_gettime(CLOCK_BOOTTIME, {6849, 410931405}) = 0
7195  13:19:21 read(3, "9@\310\226\206\350\26\301\4'\213\345\6+\2114\16\2311\3521\4s\34zb\237bh\273/S"..., 8192) = 108
7195  13:19:21 clock_gettime(CLOCK_BOOTTIME, {6849, 410971530}) = 0
7195  13:19:21 clock_gettime(CLOCK_BOOTTIME, {6849, 410985634}) = 0
7195  13:19:21 select(7, [3 4], [5], NULL, NULL) = 1 (out [5])
7195  13:19:21 clock_gettime(CLOCK_BOOTTIME, {6849, 411018480}) = 0
7195  13:19:21 write(5, "-bash: pd: \346\234\252\346\211\276\345\210\260\345\221\275\344\273\244\r\n\33]0;"..., 69) = 69
7195  13:19:21 clock_gettime(CLOCK_BOOTTIME, {6849, 411290159}) = 0
7195  13:19:21 clock_gettime(CLOCK_BOOTTIME, {6849, 411306842}) = 0
7195  13:19:21 select(7, [3 4], [], NULL, NULL) = 1 (in [4])
7195  13:19:22 clock_gettime(CLOCK_BOOTTIME, {6851, 284259732}) = 0
7195  13:19:22 read(4, "e", 16384)      = 1
7195  13:19:22 clock_gettime(CLOCK_BOOTTIME, {6851, 284393422}) = 0
7195  13:19:22 clock_gettime(CLOCK_BOOTTIME, {6851, 284436901}) = 0
7195  13:19:22 select(7, [3 4], [3], NULL, NULL) = 1 (out [3])
7195  13:19:22 clock_gettime(CLOCK_BOOTTIME, {6851, 284641502}) = 0
7195  13:19:22 write(3, "\261\3748T\253\334\256\211G\363\227\335\216R\363\20\312\315\277\vF\334Y^<\16\300\330\244k\262%"..., 36) = 36
7195  13:19:22 clock_gettime(CLOCK_BOOTTIME, {6851, 284877660}) = 0
7195  13:19:22 clock_gettime(CLOCK_BOOTTIME, {6851, 284923244}) = 0
7195  13:19:22 select(7, [3 4], [], NULL, NULL) = 1 (in [3])
7195  13:19:22 clock_gettime(CLOCK_BOOTTIME, {6851, 285234920}) = 0
7195  13:19:22 read(3, "\225\220\217\205\257\226`\1`\216\271\362;q\273:\257\344c#*\331\344r\372\356\245\37S\302\313\317"..., 8192) = 36
7195  13:19:22 clock_gettime(CLOCK_BOOTTIME, {6851, 285496707}) = 0
7195  13:19:22 clock_gettime(CLOCK_BOOTTIME, {6851, 285541764}) = 0
7195  13:19:22 select(7, [3 4], [5], NULL, NULL) = 1 (out [5])
7195  13:19:22 clock_gettime(CLOCK_BOOTTIME, {6851, 285649359}) = 0
7195  13:19:22 write(5, "e", 1)         = 1
7195  13:19:22 clock_gettime(CLOCK_BOOTTIME, {6851, 285746461}) = 0
7195  13:19:22 clock_gettime(CLOCK_BOOTTIME, {6851, 285788081}) = 0
7195  13:19:22 select(7, [3 4], [], NULL, NULL) = 1 (in [4])
7195  13:19:23 clock_gettime(CLOCK_BOOTTIME, {6851, 495780306}) = 0
7195  13:19:23 read(4, "x", 16384)      = 1
7195  13:19:23 clock_gettime(CLOCK_BOOTTIME, {6851, 495916016}) = 0
7195  13:19:23 clock_gettime(CLOCK_BOOTTIME, {6851, 495959605}) = 0
7195  13:19:23 select(7, [3 4], [3], NULL, NULL) = 1 (out [3])
7195  13:19:23 clock_gettime(CLOCK_BOOTTIME, {6851, 496065136}) = 0
7195  13:19:23 write(3, "Pl\363\23\236\311 Q\4\206\201`\236j\317B\350E\305*\226\370'R\207\242:^\277w\360\240"..., 36) = 36
7195  13:19:23 clock_gettime(CLOCK_BOOTTIME, {6851, 496558004}) = 0
7195  13:19:23 clock_gettime(CLOCK_BOOTTIME, {6851, 496607752}) = 0
7195  13:19:23 select(7, [3 4], [], NULL, NULL) = 1 (in [3])
7195  13:19:23 clock_gettime(CLOCK_BOOTTIME, {6851, 496710602}) = 0
7195  13:19:23 read(3, "\356\221c\327\3047\226L$O\20.cb\316\376\377C\373N\31\203\275%\361\321M\335o\270\305\244"..., 8192) = 36
7195  13:19:23 clock_gettime(CLOCK_BOOTTIME, {6851, 496822898}) = 0
7195  13:19:23 clock_gettime(CLOCK_BOOTTIME, {6851, 496864608}) = 0
7195  13:19:23 select(7, [3 4], [5], NULL, NULL) = 1 (out [5])
7195  13:19:23 clock_gettime(CLOCK_BOOTTIME, {6851, 496962120}) = 0
7195  13:19:23 write(5, "x", 1)         = 1
7195  13:19:23 clock_gettime(CLOCK_BOOTTIME, {6851, 497512705}) = 0
7195  13:19:23 clock_gettime(CLOCK_BOOTTIME, {6851, 497562479}) = 0
7195  13:19:23 select(7, [3 4], [], NULL, NULL) = 1 (in [4])
7195  13:19:23 clock_gettime(CLOCK_BOOTTIME, {6851, 627100871}) = 0
7195  13:19:23 read(4, "i", 16384)      = 1
7195  13:19:23 clock_gettime(CLOCK_BOOTTIME, {6851, 627246864}) = 0
7195  13:19:23 clock_gettime(CLOCK_BOOTTIME, {6851, 627290804}) = 0
7195  13:19:23 select(7, [3 4], [3], NULL, NULL) = 1 (out [3])
7195  13:19:23 clock_gettime(CLOCK_BOOTTIME, {6851, 627528416}) = 0
7195  13:19:23 write(3, "\f\237\21\343_\307\3640MD7\275\321@\266\204\\\266\345ji\300\324B%cV\177T\324\224\235"..., 36) = 36
7195  13:19:23 clock_gettime(CLOCK_BOOTTIME, {6851, 627916124}) = 0
7195  13:19:23 clock_gettime(CLOCK_BOOTTIME, {6851, 627963217}) = 0
7195  13:19:23 select(7, [3 4], [], NULL, NULL) = 1 (in [3])
7195  13:19:23 clock_gettime(CLOCK_BOOTTIME, {6851, 628065189}) = 0
7195  13:19:23 read(3, "^\206Xx\1\234\217\222\212B\347\0340:\245@k(\374\24\303g\256\262\346\226\330\312\312|\226\373"..., 8192) = 36
7195  13:19:23 clock_gettime(CLOCK_BOOTTIME, {6851, 628174599}) = 0
7195  13:19:23 clock_gettime(CLOCK_BOOTTIME, {6851, 628216860}) = 0
7195  13:19:23 select(7, [3 4], [5], NULL, NULL) = 1 (out [5])
7195  13:19:23 clock_gettime(CLOCK_BOOTTIME, {6851, 628443005}) = 0
7195  13:19:23 write(5, "i", 1)         = 1
7195  13:19:23 clock_gettime(CLOCK_BOOTTIME, {6851, 629072455}) = 0
7195  13:19:23 clock_gettime(CLOCK_BOOTTIME, {6851, 629150237}) = 0
7195  13:19:23 select(7, [3 4], [], NULL, NULL) = 1 (in [4])
7195  13:19:23 clock_gettime(CLOCK_BOOTTIME, {6851, 813320922}) = 0
7195  13:19:23 read(4, "t", 16384)      = 1
7195  13:19:23 clock_gettime(CLOCK_BOOTTIME, {6851, 813455879}) = 0
7195  13:19:23 clock_gettime(CLOCK_BOOTTIME, {6851, 813499374}) = 0
7195  13:19:23 select(7, [3 4], [3], NULL, NULL) = 1 (out [3])
7195  13:19:23 clock_gettime(CLOCK_BOOTTIME, {6851, 813605275}) = 0
7195  13:19:23 write(3, "G\376\5\262U&\200I\363Xb\271\334\347}\241\23\373\317%\312\312[\224 \254\217\221SF,&"..., 36) = 36
7195  13:19:23 clock_gettime(CLOCK_BOOTTIME, {6851, 813980555}) = 0
7195  13:19:23 clock_gettime(CLOCK_BOOTTIME, {6851, 814058864}) = 0
7195  13:19:23 select(7, [3 4], [], NULL, NULL) = 1 (in [3])
7195  13:19:23 clock_gettime(CLOCK_BOOTTIME, {6851, 814161774}) = 0
7195  13:19:23 read(3, "\23\f|\30\331Fb\346$Z\330&$\346\372\325\nO\234\241\355\263\364iW9\253\336>'\320\334"..., 8192) = 36
7195  13:19:23 clock_gettime(CLOCK_BOOTTIME, {6851, 814271539}) = 0
7195  13:19:23 clock_gettime(CLOCK_BOOTTIME, {6851, 814313229}) = 0
7195  13:19:23 select(7, [3 4], [5], NULL, NULL) = 1 (out [5])
7195  13:19:23 clock_gettime(CLOCK_BOOTTIME, {6851, 814411844}) = 0
7195  13:19:23 write(5, "t", 1)         = 1
7195  13:19:23 clock_gettime(CLOCK_BOOTTIME, {6851, 814997057}) = 0
7195  13:19:23 clock_gettime(CLOCK_BOOTTIME, {6851, 815046691}) = 0
7195  13:19:23 select(7, [3 4], [], NULL, NULL) = 1 (in [4])
7195  13:19:23 clock_gettime(CLOCK_BOOTTIME, {6852, 187984328}) = 0
7195  13:19:23 read(4, "\r", 16384)     = 1
7195  13:19:23 clock_gettime(CLOCK_BOOTTIME, {6852, 188033978}) = 0
7195  13:19:23 clock_gettime(CLOCK_BOOTTIME, {6852, 188048200}) = 0
7195  13:19:23 select(7, [3 4], [3], NULL, NULL) = 1 (out [3])
7195  13:19:23 clock_gettime(CLOCK_BOOTTIME, {6852, 188082280}) = 0
7195  13:19:23 write(3, "\333\3042\365\355\30s\2357\350\345\335\31\262H\254\234k\1\267\363\3658\356D\242\3\246Q\330\214\375"..., 36) = 36
7195  13:19:24 clock_gettime(CLOCK_BOOTTIME, {6852, 296997409}) = 0
7195  13:19:24 clock_gettime(CLOCK_BOOTTIME, {6852, 297167562}) = 0
7195  13:19:24 select(7, [3 4], [], NULL, NULL) = 1 (in [3])
7195  13:19:24 clock_gettime(CLOCK_BOOTTIME, {6852, 297293754}) = 0
7195  13:19:24 read(3, "\\\252\246nE\257\315\"\327]\26\26\3\2022\277\3525F\362M\262\7\n\362\222\257M\311\21\370\271"..., 8192) = 36
7195  13:19:24 clock_gettime(CLOCK_BOOTTIME, {6852, 297419917}) = 0
7195  13:19:24 clock_gettime(CLOCK_BOOTTIME, {6852, 297462269}) = 0
7195  13:19:24 select(7, [3 4], [5], NULL, NULL) = 1 (out [5])
7195  13:19:24 clock_gettime(CLOCK_BOOTTIME, {6852, 297562567}) = 0
7195  13:19:24 write(5, "\r\n", 2)      = 2
7195  13:19:24 clock_gettime(CLOCK_BOOTTIME, {6852, 298137172}) = 0
7195  13:19:24 clock_gettime(CLOCK_BOOTTIME, {6852, 298186890}) = 0
7195  13:19:24 select(7, [3 4], [], NULL, NULL) = 1 (in [3])
7195  13:19:24 clock_gettime(CLOCK_BOOTTIME, {6852, 298863166}) = 0
7195  13:19:24 read(3, "L(\267\347\261\23Edv\302q8\313\377\35\322~\222\373\220r\243Ju\212\205\10b|\377<\366"..., 8192) = 44
7195  13:19:24 clock_gettime(CLOCK_BOOTTIME, {6852, 298982534}) = 0
7195  13:19:24 clock_gettime(CLOCK_BOOTTIME, {6852, 299025436}) = 0
7195  13:19:24 select(7, [3 4], [5], NULL, NULL) = 1 (out [5])
7195  13:19:24 clock_gettime(CLOCK_BOOTTIME, {6852, 299126592}) = 0
7195  13:19:24 write(5, "\347\231\273\345\207\272\r\n", 8) = 8
7195  13:19:24 clock_gettime(CLOCK_BOOTTIME, {6852, 299832511}) = 0
7195  13:19:24 clock_gettime(CLOCK_BOOTTIME, {6852, 299883457}) = 0
7195  13:19:24 select(7, [3 4], [], NULL, NULL) = 1 (in [3])
7195  13:19:24 clock_gettime(CLOCK_BOOTTIME, {6852, 306513852}) = 0
7195  13:19:24 read(3, "7\253\226\372h6\344\267Q\27\353\27UsN#\224\335\366\0330Xx\341\370\270\300\302\253\215\366)"..., 8192) = 176
7195  13:19:24 close(4)                 = 0
7195  13:19:24 close(5)                 = 0
7195  13:19:24 clock_gettime(CLOCK_BOOTTIME, {6852, 306823387}) = 0
7195  13:19:24 clock_gettime(CLOCK_BOOTTIME, {6852, 306870660}) = 0
7195  13:19:24 ioctl(0, SNDCTL_TMR_STOP or TCSETSW, {B38400 opost isig icanon echo ...}) = 0
7195  13:19:24 close(6)                 = 0
7195  13:19:24 select(7, [3], [3], NULL, NULL) = 1 (out [3])
7195  13:19:24 clock_gettime(CLOCK_BOOTTIME, {6852, 307127921}) = 0
7195  13:19:24 write(3, "/\275\204\177\251#\225x\231\27\326\271\215\307\257-\253]x\256\306\201\267\37\n\301\237^D\330\"\311"..., 36) = 36
7195  13:19:24 rt_sigaction(SIGWINCH, NULL, {0x7effccb336a0, [], SA_RESTORER, 0x7effcb69f270}, 8) = 0
7195  13:19:24 rt_sigaction(SIGWINCH, {SIG_DFL, [], SA_RESTORER, 0x7effcb69f270}, NULL, 8) = 0
7195  13:19:24 write(3, "\220\261\211\322h\216\17w\221{}26\22\276\242C\207\375\217CF&\216Z+!\33\205j\300\214"..., 60) = 60
7195  13:19:24 ioctl(0, TCGETS, {B38400 opost isig icanon echo ...}) = 0
7195  13:19:24 ioctl(1, TCGETS, {B38400 opost isig icanon echo ...}) = 0
7195  13:19:24 ioctl(2, TCGETS, {B38400 opost isig icanon echo ...}) = 0
7195  13:19:24 write(2, "Connection to 192.168.1.102 clos"..., 37) = 37
7195  13:19:24 close(3)                 = 0
7195  13:19:24 exit_group(127)          = ?
7195  13:19:24 +++ exited with 127 +++
