2659  13:46:10 select(4, [3], NULL, NULL, NULL <unfinished ...>
2655  13:46:10 wait4(-1,  <unfinished ...>
2659  13:46:10 <... select resumed> )   = 1 (in [3])
2659  13:46:10 read(3, ",\264\321*\314\34\214\341\337g\31\315\203\235U\205\220L\345!\241V\23\203\212|~\311;\v\337\247"..., 8192) = 44
2659  13:46:10 write(3, "\366\366Y\332-\7\212\305\177\\1\23@\213\246U#\304\5\327\315q\1F'=\233-|\244R\234"..., 60) = 60
2659  13:46:10 select(4, [3], NULL, NULL, NULL) = 1 (in [3])
2659  13:46:10 read(3, "\3\225\251\304g\24,\0\33#$\7\10\332\2274\203\360\247;\251\304\35\316\317J\353\277\21\353\362A"..., 8192) = 84
2659  13:46:10 stat("/root/.ssh/id_rsa", 0x7ffec1080470) = -1 ENOENT (No such file or directory)
2659  13:46:10 stat("/root/.ssh/id_dsa", 0x7ffec1080470) = -1 ENOENT (No such file or directory)
2659  13:46:10 stat("/root/.ssh/id_ecdsa", 0x7ffec1080470) = -1 ENOENT (No such file or directory)
2659  13:46:10 stat("/root/.ssh/id_ed25519", 0x7ffec1080470) = -1 ENOENT (No such file or directory)
2659  13:46:10 open("/dev/tty", O_RDWR) = 4
2659  13:46:10 close(4)                 = 0
2659  13:46:10 open("/dev/tty", O_RDWR) = 4
2659  13:46:10 ioctl(4, TCGETS, {B38400 opost isig icanon echo ...}) = 0
2659  13:46:10 ioctl(4, SNDCTL_TMR_CONTINUE or TCSETSF, {B38400 opost isig icanon -echo ...}) = 0
2659  13:46:10 rt_sigaction(SIGALRM, {0x7f0e9347c370, [], SA_RESTORER, 0x7f0e91f92270}, {SIG_DFL, [], 0}, 8) = 0
2659  13:46:10 rt_sigaction(SIGHUP, {0x7f0e9347c370, [], SA_RESTORER, 0x7f0e91f92270}, {SIG_DFL, [], 0}, 8) = 0
2659  13:46:10 rt_sigaction(SIGINT, {0x7f0e9347c370, [], SA_RESTORER, 0x7f0e91f92270}, {SIG_DFL, [], 0}, 8) = 0
2659  13:46:10 rt_sigaction(SIGPIPE, {0x7f0e9347c370, [], SA_RESTORER, 0x7f0e91f92270}, {SIG_IGN, [], SA_RESTORER, 0x7f0e91f92270}, 8) = 0
2659  13:46:10 rt_sigaction(SIGQUIT, {0x7f0e9347c370, [], SA_RESTORER, 0x7f0e91f92270}, {SIG_DFL, [], 0}, 8) = 0
2659  13:46:10 rt_sigaction(SIGTERM, {0x7f0e9347c370, [], SA_RESTORER, 0x7f0e91f92270}, {SIG_DFL, [], 0}, 8) = 0
2659  13:46:10 rt_sigaction(SIGTSTP, {0x7f0e9347c370, [], SA_RESTORER, 0x7f0e91f92270}, {SIG_DFL, [], 0}, 8) = 0
2659  13:46:10 rt_sigaction(SIGTTIN, {0x7f0e9347c370, [], SA_RESTORER, 0x7f0e91f92270}, {SIG_DFL, [], 0}, 8) = 0
2659  13:46:10 rt_sigaction(SIGTTOU, {0x7f0e9347c370, [], SA_RESTORER, 0x7f0e91f92270}, {SIG_DFL, [], 0}, 8) = 0
2659  13:46:10 write(4, "root@192.168.1.102's password: ", 31) = 31
2659  13:46:10 read(4, "1", 1)          = 1
2659  13:46:10 read(4, "\n", 1)         = 1
2659  13:46:10 write(4, "\n", 1)        = 1
2659  13:46:10 ioctl(4, SNDCTL_TMR_CONTINUE or TCSETSF, {B38400 opost isig icanon echo ...}) = 0
2659  13:46:10 rt_sigaction(SIGALRM, {SIG_DFL, [], SA_RESTORER, 0x7f0e91f92270}, NULL, 8) = 0
2659  13:46:10 rt_sigaction(SIGHUP, {SIG_DFL, [], SA_RESTORER, 0x7f0e91f92270}, NULL, 8) = 0
2659  13:46:10 rt_sigaction(SIGINT, {SIG_DFL, [], SA_RESTORER, 0x7f0e91f92270}, NULL, 8) = 0
2659  13:46:10 rt_sigaction(SIGQUIT, {SIG_DFL, [], SA_RESTORER, 0x7f0e91f92270}, NULL, 8) = 0
2659  13:46:10 rt_sigaction(SIGPIPE, {SIG_IGN, [], SA_RESTORER, 0x7f0e91f92270}, NULL, 8) = 0
2659  13:46:10 rt_sigaction(SIGTERM, {SIG_DFL, [], SA_RESTORER, 0x7f0e91f92270}, NULL, 8) = 0
2659  13:46:10 rt_sigaction(SIGTSTP, {SIG_DFL, [], SA_RESTORER, 0x7f0e91f92270}, NULL, 8) = 0
2659  13:46:10 rt_sigaction(SIGTTIN, {SIG_DFL, [], SA_RESTORER, 0x7f0e91f92270}, NULL, 8) = 0
2659  13:46:10 rt_sigaction(SIGTTOU, {SIG_DFL, [], SA_RESTORER, 0x7f0e91f92270}, NULL, 8) = 0
2659  13:46:10 close(4)                 = 0
2659  13:46:10 write(3, "\24\33\\\326\331\26t2';\r\7&\0019[m\331\305:\0322i\254I\3\216\1~\375\10_"..., 84) = 84
2659  13:46:10 select(4, [3], NULL, NULL, NULL) = 1 (in [3])
2659  13:46:10 read(3, " \340\336?\261\246\336-~\225>\277\374\3279V\221\305\363\350\335\24\2700V\204\261\341", 8192) = 28
2659  13:46:10 dup(0)                   = 4
2659  13:46:10 dup(1)                   = 5
2659  13:46:10 dup(2)                   = 6
2659  13:46:10 ioctl(4, TCGETS, {B38400 opost isig icanon echo ...}) = 0
2659  13:46:10 ioctl(5, TCGETS, {B38400 opost isig icanon echo ...}) = 0
2659  13:46:10 ioctl(6, TCGETS, {B38400 opost isig icanon echo ...}) = 0
2659  13:46:10 fcntl(4, F_SETFD, FD_CLOEXEC) = 0
2659  13:46:10 fcntl(5, F_SETFD, FD_CLOEXEC) = 0
2659  13:46:10 fcntl(6, F_SETFD, FD_CLOEXEC) = 0
2659  13:46:10 rt_sigaction(SIGHUP, NULL, {SIG_DFL, [], SA_RESTORER, 0x7f0e91f92270}, 8) = 0
2659  13:46:10 rt_sigaction(SIGHUP, {SIG_IGN, [], SA_RESTORER, 0x7f0e91f92270}, NULL, 8) = 0
2659  13:46:10 rt_sigaction(SIGHUP, NULL, {SIG_IGN, [], SA_RESTORER, 0x7f0e91f92270}, 8) = 0
2659  13:46:10 rt_sigaction(SIGHUP, {0x7f0e93426410, [], SA_RESTORER, 0x7f0e91f92270}, NULL, 8) = 0
2659  13:46:10 rt_sigaction(SIGINT, NULL, {SIG_DFL, [], SA_RESTORER, 0x7f0e91f92270}, 8) = 0
2659  13:46:10 rt_sigaction(SIGINT, {SIG_IGN, [], SA_RESTORER, 0x7f0e91f92270}, NULL, 8) = 0
2659  13:46:10 rt_sigaction(SIGINT, NULL, {SIG_IGN, [], SA_RESTORER, 0x7f0e91f92270}, 8) = 0
2659  13:46:10 rt_sigaction(SIGINT, {0x7f0e93426410, [], SA_RESTORER, 0x7f0e91f92270}, NULL, 8) = 0
2659  13:46:10 rt_sigaction(SIGQUIT, NULL, {SIG_DFL, [], SA_RESTORER, 0x7f0e91f92270}, 8) = 0
2659  13:46:10 rt_sigaction(SIGQUIT, {SIG_IGN, [], SA_RESTORER, 0x7f0e91f92270}, NULL, 8) = 0
2659  13:46:10 rt_sigaction(SIGQUIT, NULL, {SIG_IGN, [], SA_RESTORER, 0x7f0e91f92270}, 8) = 0
2659  13:46:10 rt_sigaction(SIGQUIT, {0x7f0e93426410, [], SA_RESTORER, 0x7f0e91f92270}, NULL, 8) = 0
2659  13:46:10 rt_sigaction(SIGTERM, NULL, {SIG_DFL, [], SA_RESTORER, 0x7f0e91f92270}, 8) = 0
2659  13:46:10 rt_sigaction(SIGTERM, {SIG_IGN, [], SA_RESTORER, 0x7f0e91f92270}, NULL, 8) = 0
2659  13:46:10 rt_sigaction(SIGTERM, NULL, {SIG_IGN, [], SA_RESTORER, 0x7f0e91f92270}, 8) = 0
2659  13:46:10 rt_sigaction(SIGTERM, {0x7f0e93426410, [], SA_RESTORER, 0x7f0e91f92270}, NULL, 8) = 0
2659  13:46:10 rt_sigaction(SIGWINCH, NULL, {SIG_DFL, [], 0}, 8) = 0
2659  13:46:10 rt_sigaction(SIGWINCH, {0x7f0e934266a0, [], SA_RESTORER, 0x7f0e91f92270}, NULL, 8) = 0
2659  13:46:10 ioctl(0, TCGETS, {B38400 opost isig icanon echo ...}) = 0
2659  13:46:10 ioctl(0, SNDCTL_TMR_STOP or TCSETSW, {B38400 -opost -isig -icanon -echo ...}) = 0
2659  13:46:10 clock_gettime(CLOCK_BOOTTIME, {317, 468677265}) = 0
2659  13:46:10 clock_gettime(CLOCK_BOOTTIME, {317, 468697584}) = 0
2659  13:46:10 select(7, [3], [3], NULL, NULL) = 1 (out [3])
2659  13:46:10 clock_gettime(CLOCK_BOOTTIME, {317, 468731788}) = 0
2659  13:46:10 write(3, "%>\307\337\v ZP\0*\24\302z\177A\f\311\16z\243\250>\202r\352tUu\366s\273\245"..., 112) = 112
2659  13:46:10 clock_gettime(CLOCK_BOOTTIME, {317, 468779882}) = 0
2659  13:46:10 clock_gettime(CLOCK_BOOTTIME, {317, 468790596}) = 0
2659  13:46:10 select(7, [3], [], NULL, NULL) = 1 (in [3])
2659  13:46:11 clock_gettime(CLOCK_BOOTTIME, {317, 673120679}) = 0
2659  13:46:11 read(3, "\250\177+\370\265\327\341<\310[\300\353v\253\341.\24'\371\360f\225\276\257\36K'\205\231\353h\361"..., 8192) = 44
2659  13:46:11 getsockopt(3, SOL_TCP, TCP_NODELAY, [0], [4]) = 0
2659  13:46:11 setsockopt(3, SOL_TCP, TCP_NODELAY, [1], 4) = 0
2659  13:46:11 getsockname(3, {sa_family=AF_INET, sin_port=htons(34056), sin_addr=inet_addr("192.168.1.102")}, [16]) = 0
2659  13:46:11 setsockopt(3, SOL_IP, IP_TOS, [16], 4) = 0
2659  13:46:11 ioctl(0, TIOCGWINSZ, {ws_row=27, ws_col=135, ws_xpixel=0, ws_ypixel=0}) = 0
2659  13:46:11 clock_gettime(CLOCK_BOOTTIME, {317, 680399105}) = 0
2659  13:46:11 clock_gettime(CLOCK_BOOTTIME, {317, 680415884}) = 0
2659  13:46:11 select(7, [3], [3], NULL, NULL) = 1 (out [3])
2659  13:46:11 clock_gettime(CLOCK_BOOTTIME, {317, 680456856}) = 0
2659  13:46:11 write(3, "lR\6\366\301\36w\n4\252,\224\215\204\276\357\272\27\276\"\16<\225\211n\37MW\251\0\251v"..., 376) = 376
2659  13:46:11 clock_gettime(CLOCK_BOOTTIME, {317, 686894336}) = 0
2659  13:46:11 clock_gettime(CLOCK_BOOTTIME, {317, 686919670}) = 0
2659  13:46:11 select(7, [3], [], NULL, NULL) = 1 (in [3])
2659  13:46:11 clock_gettime(CLOCK_BOOTTIME, {317, 688032373}) = 0
2659  13:46:11 read(3, "ju\3#d\313\vh.E\304\1\211\203\213\213\4\25\312L\224Eb\366\317z\223-\3768L\1"..., 8192) = 108
2659  13:46:11 clock_gettime(CLOCK_BOOTTIME, {317, 688087503}) = 0
2659  13:46:11 clock_gettime(CLOCK_BOOTTIME, {317, 688126018}) = 0
2659  13:46:11 select(7, [3 4], [], NULL, NULL) = 1 (in [3])
2659  13:46:11 clock_gettime(CLOCK_BOOTTIME, {317, 698784420}) = 0
2659  13:46:11 read(3, "\310\20\233\324\227e\305\30(\226\21O\6\355\306&Q\7\325.\ne\7\33\345\332\2741G\216\32\v"..., 8192) = 92
2659  13:46:11 clock_gettime(CLOCK_BOOTTIME, {317, 698861506}) = 0
2659  13:46:11 clock_gettime(CLOCK_BOOTTIME, {317, 698876512}) = 0
2659  13:46:11 select(7, [3 4], [5], NULL, NULL) = 1 (out [5])
2659  13:46:11 clock_gettime(CLOCK_BOOTTIME, {317, 698912527}) = 0
2659  13:46:11 write(5, "Last login: Mon Apr  9 21:43:53 "..., 58) = 58
2659  13:46:11 clock_gettime(CLOCK_BOOTTIME, {317, 699720774}) = 0
2659  13:46:11 clock_gettime(CLOCK_BOOTTIME, {317, 699743625}) = 0
2659  13:46:11 select(7, [3 4], [], NULL, NULL) = 1 (in [3])
2659  13:46:11 clock_gettime(CLOCK_BOOTTIME, {317, 743159070}) = 0
2659  13:46:11 read(3, "\363QU+\272}+\275\214\257\0055\364<\350S\264\306B\205\237%A\303$N\345sA\233\216:"..., 8192) = 84
2659  13:46:11 clock_gettime(CLOCK_BOOTTIME, {317, 743221953}) = 0
2659  13:46:11 clock_gettime(CLOCK_BOOTTIME, {317, 743238718}) = 0
2659  13:46:11 select(7, [3 4], [5], NULL, NULL) = 1 (out [5])
2659  13:46:11 clock_gettime(CLOCK_BOOTTIME, {317, 743282885}) = 0
2659  13:46:11 write(5, "\33]0;root@localhost:~\7\33[?1034h[ro"..., 49) = 49
2659  13:46:11 clock_gettime(CLOCK_BOOTTIME, {317, 743794776}) = 0
2659  13:46:11 clock_gettime(CLOCK_BOOTTIME, {317, 743816246}) = 0
2659  13:46:11 select(7, [3 4], [], NULL, NULL) = 1 (in [4])
2659  13:46:12 clock_gettime(CLOCK_BOOTTIME, {318, 922769599}) = 0
2659  13:46:12 read(4, "i", 16384)      = 1
2659  13:46:12 clock_gettime(CLOCK_BOOTTIME, {318, 922842401}) = 0
2659  13:46:12 clock_gettime(CLOCK_BOOTTIME, {318, 922859431}) = 0
2659  13:46:12 select(7, [3 4], [3], NULL, NULL) = 1 (out [3])
2659  13:46:12 clock_gettime(CLOCK_BOOTTIME, {318, 922902027}) = 0
2659  13:46:12 write(3, "g\3\253\322\320jg\235?\331\1\333\257Hrr\232\314\214\207\16>dBf\265\33\0\304| u"..., 36) = 36
2659  13:46:12 clock_gettime(CLOCK_BOOTTIME, {318, 922987461}) = 0
2659  13:46:12 clock_gettime(CLOCK_BOOTTIME, {318, 923008520}) = 0
2659  13:46:12 select(7, [3 4], [], NULL, NULL) = 1 (in [3])
2659  13:46:12 clock_gettime(CLOCK_BOOTTIME, {318, 923250224}) = 0
2659  13:46:12 read(3, "\24ML\245\24O\30\273CD\347!I)'\350\206,>K*yv \326\274ox\372Fe}"..., 8192) = 36
2659  13:46:12 clock_gettime(CLOCK_BOOTTIME, {318, 923294851}) = 0
2659  13:46:12 clock_gettime(CLOCK_BOOTTIME, {318, 923308172}) = 0
2659  13:46:12 select(7, [3 4], [5], NULL, NULL) = 1 (out [5])
2659  13:46:12 clock_gettime(CLOCK_BOOTTIME, {318, 923353943}) = 0
2659  13:46:12 write(5, "i", 1)         = 1
2659  13:46:12 clock_gettime(CLOCK_BOOTTIME, {318, 923699703}) = 0
2659  13:46:12 clock_gettime(CLOCK_BOOTTIME, {318, 923712700}) = 0
2659  13:46:12 select(7, [3 4], [], NULL, NULL) = 1 (in [4])
2659  13:46:12 clock_gettime(CLOCK_BOOTTIME, {319, 23709371}) = 0
2659  13:46:12 read(4, "f", 16384)      = 1
2659  13:46:12 clock_gettime(CLOCK_BOOTTIME, {319, 23782193}) = 0
2659  13:46:12 clock_gettime(CLOCK_BOOTTIME, {319, 23804087}) = 0
2659  13:46:12 select(7, [3 4], [3], NULL, NULL) = 1 (out [3])
2659  13:46:12 clock_gettime(CLOCK_BOOTTIME, {319, 23857151}) = 0
2659  13:46:12 write(3, "#l\252\256\246t\230\201n\334g\303n)\344\215[c\276\251hR@\10\316*\342\241\0109\356\275"..., 36) = 36
2659  13:46:12 clock_gettime(CLOCK_BOOTTIME, {319, 24012129}) = 0
2659  13:46:12 clock_gettime(CLOCK_BOOTTIME, {319, 24037948}) = 0
2659  13:46:12 select(7, [3 4], [], NULL, NULL) = 1 (in [3])
2659  13:46:12 clock_gettime(CLOCK_BOOTTIME, {319, 24218366}) = 0
2659  13:46:12 read(3, "k\21\220>G\342\211\225\355\t\361\24.\2639\305\10\36\336'\2478\273E\356\205\240\317\2600\254\201"..., 8192) = 36
2659  13:46:12 clock_gettime(CLOCK_BOOTTIME, {319, 24257518}) = 0
2659  13:46:12 clock_gettime(CLOCK_BOOTTIME, {319, 24277712}) = 0
2659  13:46:12 select(7, [3 4], [5], NULL, NULL) = 1 (out [5])
2659  13:46:12 clock_gettime(CLOCK_BOOTTIME, {319, 24325802}) = 0
2659  13:46:12 write(5, "f", 1)         = 1
2659  13:46:12 clock_gettime(CLOCK_BOOTTIME, {319, 24712720}) = 0
2659  13:46:12 clock_gettime(CLOCK_BOOTTIME, {319, 24727632}) = 0
2659  13:46:12 select(7, [3 4], [], NULL, NULL) = 1 (in [4])
2659  13:46:12 clock_gettime(CLOCK_BOOTTIME, {319, 331485559}) = 0
2659  13:46:12 read(4, "c", 16384)      = 1
2659  13:46:12 clock_gettime(CLOCK_BOOTTIME, {319, 331547522}) = 0
2659  13:46:12 clock_gettime(CLOCK_BOOTTIME, {319, 331566350}) = 0
2659  13:46:12 select(7, [3 4], [3], NULL, NULL) = 1 (out [3])
2659  13:46:12 clock_gettime(CLOCK_BOOTTIME, {319, 331645186}) = 0
2659  13:46:12 write(3, "\10\210~\321\365}<\2274\372\371\247\247\304`V}\17t\341\275\336\375\6\271\1%p\304\22\10V"..., 36) = 36
2659  13:46:12 clock_gettime(CLOCK_BOOTTIME, {319, 331751497}) = 0
2659  13:46:12 clock_gettime(CLOCK_BOOTTIME, {319, 331769720}) = 0
2659  13:46:12 select(7, [3 4], [], NULL, NULL) = 1 (in [3])
2659  13:46:12 clock_gettime(CLOCK_BOOTTIME, {319, 331896212}) = 0
2659  13:46:12 read(3, "\301\223Nvc\v\372\345*\305hBaY{:\366\237\323N\2662\20*J\330\202\242\353\375\204\333"..., 8192) = 36
2659  13:46:12 clock_gettime(CLOCK_BOOTTIME, {319, 331944218}) = 0
2659  13:46:12 clock_gettime(CLOCK_BOOTTIME, {319, 331961597}) = 0
2659  13:46:12 select(7, [3 4], [5], NULL, NULL) = 1 (out [5])
2659  13:46:12 clock_gettime(CLOCK_BOOTTIME, {319, 332001763}) = 0
2659  13:46:12 write(5, "c", 1)         = 1
2659  13:46:12 clock_gettime(CLOCK_BOOTTIME, {319, 332259832}) = 0
2659  13:46:12 clock_gettime(CLOCK_BOOTTIME, {319, 332280195}) = 0
2659  13:46:12 select(7, [3 4], [], NULL, NULL) = 1 (in [4])
2659  13:46:12 clock_gettime(CLOCK_BOOTTIME, {319, 452751476}) = 0
2659  13:46:12 read(4, "o", 16384)      = 1
2659  13:46:12 clock_gettime(CLOCK_BOOTTIME, {319, 452833054}) = 0
2659  13:46:12 clock_gettime(CLOCK_BOOTTIME, {319, 452855278}) = 0
2659  13:46:12 select(7, [3 4], [3], NULL, NULL) = 1 (out [3])
2659  13:46:12 clock_gettime(CLOCK_BOOTTIME, {319, 452948059}) = 0
2659  13:46:12 write(3, "\376\0P\371\262\310\355\236\4P\320\340\374x\214\32\2018:\23\2635\27+B\312q\274\354M\3017"..., 36) = 36
2659  13:46:12 clock_gettime(CLOCK_BOOTTIME, {319, 453065156}) = 0
2659  13:46:12 clock_gettime(CLOCK_BOOTTIME, {319, 453080373}) = 0
2659  13:46:12 select(7, [3 4], [], NULL, NULL) = 1 (in [3])
2659  13:46:12 clock_gettime(CLOCK_BOOTTIME, {319, 453246225}) = 0
2659  13:46:12 read(3, "\345\237\377\vU\312\352s\365\314!\1\210\315\355`L\236\n\27U\360O*\332\371\354\231\2\177\352G"..., 8192) = 36
2659  13:46:12 clock_gettime(CLOCK_BOOTTIME, {319, 453285411}) = 0
2659  13:46:12 clock_gettime(CLOCK_BOOTTIME, {319, 453299064}) = 0
2659  13:46:12 select(7, [3 4], [5], NULL, NULL) = 1 (out [5])
2659  13:46:12 clock_gettime(CLOCK_BOOTTIME, {319, 453332228}) = 0
2659  13:46:12 write(5, "o", 1)         = 1
2659  13:46:12 clock_gettime(CLOCK_BOOTTIME, {319, 453512894}) = 0
2659  13:46:12 clock_gettime(CLOCK_BOOTTIME, {319, 453528523}) = 0
2659  13:46:12 select(7, [3 4], [], NULL, NULL) = 1 (in [4])
2659  13:46:13 clock_gettime(CLOCK_BOOTTIME, {319, 619262719}) = 0
2659  13:46:13 read(4, "n", 16384)      = 1
2659  13:46:13 clock_gettime(CLOCK_BOOTTIME, {319, 619357374}) = 0
2659  13:46:13 clock_gettime(CLOCK_BOOTTIME, {319, 619380551}) = 0
2659  13:46:13 select(7, [3 4], [3], NULL, NULL) = 1 (out [3])
2659  13:46:13 clock_gettime(CLOCK_BOOTTIME, {319, 619436201}) = 0
2659  13:46:13 write(3, "K\244\247:\372\t\272\10\20\220j\4mi\353\312\213\24w \302\31\251\32\231}\233\1\370\225\333\340"..., 36) = 36
2659  13:46:13 clock_gettime(CLOCK_BOOTTIME, {319, 619553851}) = 0
2659  13:46:13 clock_gettime(CLOCK_BOOTTIME, {319, 619579094}) = 0
2659  13:46:13 select(7, [3 4], [], NULL, NULL) = 1 (in [3])
2659  13:46:13 clock_gettime(CLOCK_BOOTTIME, {319, 619724794}) = 0
2659  13:46:13 read(3, "\5D\16\307\237L\313\v\274ad\355\262\24\16\256\353\356zY\336\314\227\254\31\361\326\276\254e\3533"..., 8192) = 36
2659  13:46:13 clock_gettime(CLOCK_BOOTTIME, {319, 619787956}) = 0
2659  13:46:13 clock_gettime(CLOCK_BOOTTIME, {319, 619813051}) = 0
2659  13:46:13 select(7, [3 4], [5], NULL, NULL) = 1 (out [5])
2659  13:46:13 clock_gettime(CLOCK_BOOTTIME, {319, 619914902}) = 0
2659  13:46:13 write(5, "n", 1)         = 1
2659  13:46:13 clock_gettime(CLOCK_BOOTTIME, {319, 620171022}) = 0
2659  13:46:13 clock_gettime(CLOCK_BOOTTIME, {319, 620190829}) = 0
2659  13:46:13 select(7, [3 4], [], NULL, NULL) = 1 (in [4])
2659  13:46:13 clock_gettime(CLOCK_BOOTTIME, {319, 907467861}) = 0
2659  13:46:13 read(4, "f", 16384)      = 1
2659  13:46:13 clock_gettime(CLOCK_BOOTTIME, {319, 907530228}) = 0
2659  13:46:13 clock_gettime(CLOCK_BOOTTIME, {319, 907542293}) = 0
2659  13:46:13 select(7, [3 4], [3], NULL, NULL) = 1 (out [3])
2659  13:46:13 clock_gettime(CLOCK_BOOTTIME, {319, 907571684}) = 0
2659  13:46:13 write(3, "\265#\f\216k\226\372\241h\34\304\370\215!C\377\217\323\272\24\231\221J!\317\252A\267\241PC\234"..., 36) = 36
2659  13:46:13 clock_gettime(CLOCK_BOOTTIME, {319, 907661443}) = 0
2659  13:46:13 clock_gettime(CLOCK_BOOTTIME, {319, 907674148}) = 0
2659  13:46:13 select(7, [3 4], [], NULL, NULL) = 1 (in [3])
2659  13:46:13 clock_gettime(CLOCK_BOOTTIME, {319, 907772754}) = 0
2659  13:46:13 read(3, "\367j.v\35\6QS)\25\255oC\3077^\277\"\273\331\4\344\366\20\17\303\270d\365\5\255\217"..., 8192) = 36
2659  13:46:13 clock_gettime(CLOCK_BOOTTIME, {319, 907805259}) = 0
2659  13:46:13 clock_gettime(CLOCK_BOOTTIME, {319, 907816631}) = 0
2659  13:46:13 select(7, [3 4], [5], NULL, NULL) = 1 (out [5])
2659  13:46:13 clock_gettime(CLOCK_BOOTTIME, {319, 907843775}) = 0
2659  13:46:13 write(5, "f", 1)         = 1
2659  13:46:13 clock_gettime(CLOCK_BOOTTIME, {319, 908032895}) = 0
2659  13:46:13 clock_gettime(CLOCK_BOOTTIME, {319, 908044560}) = 0
2659  13:46:13 select(7, [3 4], [], NULL, NULL) = 1 (in [4])
2659  13:46:13 clock_gettime(CLOCK_BOOTTIME, {320, 164757592}) = 0
2659  13:46:13 read(4, "i", 16384)      = 1
2659  13:46:13 clock_gettime(CLOCK_BOOTTIME, {320, 164821179}) = 0
2659  13:46:13 clock_gettime(CLOCK_BOOTTIME, {320, 164839038}) = 0
2659  13:46:13 select(7, [3 4], [3], NULL, NULL) = 1 (out [3])
2659  13:46:13 clock_gettime(CLOCK_BOOTTIME, {320, 164883171}) = 0
2659  13:46:13 write(3, "\262\304\320p2\37H\215\t\35\2067\6)\374\310\254\363\32\211L\323m\326X\343\307\221wD\265\372"..., 36) = 36
2659  13:46:13 clock_gettime(CLOCK_BOOTTIME, {320, 164990858}) = 0
2659  13:46:13 clock_gettime(CLOCK_BOOTTIME, {320, 165008903}) = 0
2659  13:46:13 select(7, [3 4], [], NULL, NULL) = 1 (in [3])
2659  13:46:13 clock_gettime(CLOCK_BOOTTIME, {320, 165179888}) = 0
2659  13:46:13 read(3, "S\251\33?jL\252\30\253R\220\2kiZ\330\317\271\221\222\322Z\1\364\352\27XcB\316\247\260"..., 8192) = 36
2659  13:46:13 clock_gettime(CLOCK_BOOTTIME, {320, 165227417}) = 0
2659  13:46:13 clock_gettime(CLOCK_BOOTTIME, {320, 165244829}) = 0
2659  13:46:13 select(7, [3 4], [5], NULL, NULL) = 1 (out [5])
2659  13:46:13 clock_gettime(CLOCK_BOOTTIME, {320, 165286607}) = 0
2659  13:46:13 write(5, "i", 1)         = 1
2659  13:46:13 clock_gettime(CLOCK_BOOTTIME, {320, 165509748}) = 0
2659  13:46:13 clock_gettime(CLOCK_BOOTTIME, {320, 165529000}) = 0
2659  13:46:13 select(7, [3 4], [], NULL, NULL) = 1 (in [4])
2659  13:46:13 clock_gettime(CLOCK_BOOTTIME, {320, 341293558}) = 0
2659  13:46:13 read(4, "g", 16384)      = 1
2659  13:46:13 clock_gettime(CLOCK_BOOTTIME, {320, 341370679}) = 0
2659  13:46:13 clock_gettime(CLOCK_BOOTTIME, {320, 341388342}) = 0
2659  13:46:13 select(7, [3 4], [3], NULL, NULL) = 1 (out [3])
2659  13:46:13 clock_gettime(CLOCK_BOOTTIME, {320, 341431984}) = 0
2659  13:46:13 write(3, "V\222\236_\312\300\377\343\212\314\245\5\250-\350\305\255\261\3225\321\311}\372\311\260\354t1z{\377"..., 36) = 36
2659  13:46:13 clock_gettime(CLOCK_BOOTTIME, {320, 341553521}) = 0
2659  13:46:13 clock_gettime(CLOCK_BOOTTIME, {320, 341565768}) = 0
2659  13:46:13 select(7, [3 4], [], NULL, NULL) = 1 (in [3])
2659  13:46:13 clock_gettime(CLOCK_BOOTTIME, {320, 341651143}) = 0
2659  13:46:13 read(3, "\254\367\17\270Y\34c\302>37\35\360\344F\360\25\24\275W\0\236\341\316}\v\367\332E\204\362\334"..., 8192) = 36
2659  13:46:13 clock_gettime(CLOCK_BOOTTIME, {320, 341680175}) = 0
2659  13:46:13 clock_gettime(CLOCK_BOOTTIME, {320, 341703939}) = 0
2659  13:46:13 select(7, [3 4], [5], NULL, NULL) = 1 (out [5])
2659  13:46:13 clock_gettime(CLOCK_BOOTTIME, {320, 341728588}) = 0
2659  13:46:13 write(5, "g", 1)         = 1
2659  13:46:13 clock_gettime(CLOCK_BOOTTIME, {320, 341909574}) = 0
2659  13:46:13 clock_gettime(CLOCK_BOOTTIME, {320, 341921766}) = 0
2659  13:46:13 select(7, [3 4], [], NULL, NULL) = 1 (in [4])
2659  13:46:14 clock_gettime(CLOCK_BOOTTIME, {320, 684394891}) = 0
2659  13:46:14 read(4, "\r", 16384)     = 1
2659  13:46:14 clock_gettime(CLOCK_BOOTTIME, {320, 684443911}) = 0
2659  13:46:14 clock_gettime(CLOCK_BOOTTIME, {320, 684457994}) = 0
2659  13:46:14 select(7, [3 4], [3], NULL, NULL) = 1 (out [3])
2659  13:46:14 clock_gettime(CLOCK_BOOTTIME, {320, 684491971}) = 0
2659  13:46:14 write(3, "\2\310l\200\26E5\355\365\334\226\375\377\215h\366\333\257\304!\217\325\257P\320\247%\207yh\313A"..., 36) = 36
2659  13:46:14 clock_gettime(CLOCK_BOOTTIME, {320, 685221881}) = 0
2659  13:46:14 clock_gettime(CLOCK_BOOTTIME, {320, 685237949}) = 0
2659  13:46:14 select(7, [3 4], [], NULL, NULL) = 1 (in [3])
2659  13:46:14 clock_gettime(CLOCK_BOOTTIME, {320, 685270966}) = 0
2659  13:46:14 read(3, "\364:P\37\2644\320\223\236\212\232\245\35\35\272\374\202\311\10j\211\220N1\343\247 iL\347\275h"..., 8192) = 36
2659  13:46:14 clock_gettime(CLOCK_BOOTTIME, {320, 685352455}) = 0
2659  13:46:14 clock_gettime(CLOCK_BOOTTIME, {320, 685370093}) = 0
2659  13:46:14 select(7, [3 4], [5], NULL, NULL) = 1 (out [5])
2659  13:46:14 clock_gettime(CLOCK_BOOTTIME, {320, 685403773}) = 0
2659  13:46:14 write(5, "\r\n", 2)      = 2
2659  13:46:14 clock_gettime(CLOCK_BOOTTIME, {320, 685606498}) = 0
2659  13:46:14 clock_gettime(CLOCK_BOOTTIME, {320, 685621890}) = 0
2659  13:46:14 select(7, [3 4], [], NULL, NULL) = 1 (in [3])
2659  13:46:14 clock_gettime(CLOCK_BOOTTIME, {320, 688167168}) = 0
2659  13:46:14 read(3, ":u\256C\21\254i%|{`\3\356\347m\321\0014\302\244\265`B\242k\240\326\342A\324\1*"..., 8192) = 980
2659  13:46:14 clock_gettime(CLOCK_BOOTTIME, {320, 688273924}) = 0
2659  13:46:14 clock_gettime(CLOCK_BOOTTIME, {320, 688290775}) = 0
2659  13:46:14 select(7, [3 4], [5], NULL, NULL) = 1 (out [5])
2659  13:46:14 clock_gettime(CLOCK_BOOTTIME, {320, 688372626}) = 0
2659  13:46:14 write(5, "ens33: flags=4163<UP,BROADCAST,R"..., 942) = 942
2659  13:46:14 clock_gettime(CLOCK_BOOTTIME, {320, 688858003}) = 0
2659  13:46:14 clock_gettime(CLOCK_BOOTTIME, {320, 688872754}) = 0
2659  13:46:14 select(7, [3 4], [], NULL, NULL) = 1 (in [4])
2659  13:46:15 clock_gettime(CLOCK_BOOTTIME, {321, 522362566}) = 0
2659  13:46:15 read(4, "e", 16384)      = 1
2659  13:46:15 clock_gettime(CLOCK_BOOTTIME, {321, 522436285}) = 0
2659  13:46:15 clock_gettime(CLOCK_BOOTTIME, {321, 522481491}) = 0
2659  13:46:15 select(7, [3 4], [3], NULL, NULL) = 1 (out [3])
2659  13:46:15 clock_gettime(CLOCK_BOOTTIME, {321, 522543453}) = 0
2659  13:46:15 write(3, "\3\311~\342\\\3135\216\201\341|\253lg\36?\267\335\16\336\0\36\2254od\205\300\34\301\367l"..., 36) = 36
2659  13:46:15 clock_gettime(CLOCK_BOOTTIME, {321, 522992806}) = 0
2659  13:46:15 clock_gettime(CLOCK_BOOTTIME, {321, 523186777}) = 0
2659  13:46:15 select(7, [3 4], [], NULL, NULL) = 1 (in [3])
2659  13:46:15 clock_gettime(CLOCK_BOOTTIME, {321, 523280330}) = 0
2659  13:46:15 read(3, "&.\f\226\231S%DD\267Gp \211\367\252C\26A\3\206\226\265\343\16A3\275r\3755\377"..., 8192) = 36
2659  13:46:15 clock_gettime(CLOCK_BOOTTIME, {321, 523381808}) = 0
2659  13:46:15 clock_gettime(CLOCK_BOOTTIME, {321, 523422392}) = 0
2659  13:46:15 select(7, [3 4], [5], NULL, NULL) = 1 (out [5])
2659  13:46:15 clock_gettime(CLOCK_BOOTTIME, {321, 523556357}) = 0
2659  13:46:15 write(5, "e", 1)         = 1
2659  13:46:15 clock_gettime(CLOCK_BOOTTIME, {321, 524437999}) = 0
2659  13:46:15 clock_gettime(CLOCK_BOOTTIME, {321, 524510995}) = 0
2659  13:46:15 select(7, [3 4], [], NULL, NULL) = 1 (in [4])
2659  13:46:15 clock_gettime(CLOCK_BOOTTIME, {321, 774650559}) = 0
2659  13:46:15 read(4, "x", 16384)      = 1
2659  13:46:15 clock_gettime(CLOCK_BOOTTIME, {321, 774741078}) = 0
2659  13:46:15 clock_gettime(CLOCK_BOOTTIME, {321, 774754864}) = 0
2659  13:46:15 select(7, [3 4], [3], NULL, NULL) = 1 (out [3])
2659  13:46:15 clock_gettime(CLOCK_BOOTTIME, {321, 774791029}) = 0
2659  13:46:15 write(3, "\26\331P9\335@}\256N~1m\320\275\1/p\375.\215\316a\347\346\254\332\177$\342\337l\342"..., 36) = 36
2659  13:46:15 clock_gettime(CLOCK_BOOTTIME, {321, 775062443}) = 0
2659  13:46:15 clock_gettime(CLOCK_BOOTTIME, {321, 775074668}) = 0
2659  13:46:15 select(7, [3 4], [], NULL, NULL) = 1 (in [3])
2659  13:46:15 clock_gettime(CLOCK_BOOTTIME, {321, 775100703}) = 0
2659  13:46:15 read(3, "lh\"\2\273f?\20\315\327\241\37 \226\211)\374\364\376\f\365\vq\342@\277N&\211\325\320\313"..., 8192) = 36
2659  13:46:15 clock_gettime(CLOCK_BOOTTIME, {321, 775129790}) = 0
2659  13:46:15 clock_gettime(CLOCK_BOOTTIME, {321, 775140277}) = 0
2659  13:46:15 select(7, [3 4], [5], NULL, NULL) = 1 (out [5])
2659  13:46:15 clock_gettime(CLOCK_BOOTTIME, {321, 775164539}) = 0
2659  13:46:15 write(5, "x", 1)         = 1
2659  13:46:15 clock_gettime(CLOCK_BOOTTIME, {321, 775401165}) = 0
2659  13:46:15 clock_gettime(CLOCK_BOOTTIME, {321, 775413362}) = 0
2659  13:46:15 select(7, [3 4], [], NULL, NULL) = 1 (in [4])
2659  13:46:15 clock_gettime(CLOCK_BOOTTIME, {321, 956886981}) = 0
2659  13:46:15 read(4, "i", 16384)      = 1
2659  13:46:15 clock_gettime(CLOCK_BOOTTIME, {321, 956940017}) = 0
2659  13:46:15 clock_gettime(CLOCK_BOOTTIME, {321, 956954137}) = 0
2659  13:46:15 select(7, [3 4], [3], NULL, NULL) = 1 (out [3])
2659  13:46:15 clock_gettime(CLOCK_BOOTTIME, {321, 956989136}) = 0
2659  13:46:15 write(3, "\226k\326\6\365i\250U\327\301\306p]\235j\205\242\265\255\336\303\0321aq\360B\36\201\327]M"..., 36) = 36
2659  13:46:15 clock_gettime(CLOCK_BOOTTIME, {321, 957087802}) = 0
2659  13:46:15 clock_gettime(CLOCK_BOOTTIME, {321, 957102931}) = 0
2659  13:46:15 select(7, [3 4], [], NULL, NULL) = 1 (in [3])
2659  13:46:15 clock_gettime(CLOCK_BOOTTIME, {321, 957208964}) = 0
2659  13:46:15 read(3, "\207\272\261\302RS\227\256Jm*\302~\33np\371\2046wG\263\347\35\t-\335\4{C9\25"..., 8192) = 36
2659  13:46:15 clock_gettime(CLOCK_BOOTTIME, {321, 957247360}) = 0
2659  13:46:15 clock_gettime(CLOCK_BOOTTIME, {321, 957261020}) = 0
2659  13:46:15 select(7, [3 4], [5], NULL, NULL) = 1 (out [5])
2659  13:46:15 clock_gettime(CLOCK_BOOTTIME, {321, 957362131}) = 0
2659  13:46:15 write(5, "i", 1)         = 1
2659  13:46:15 clock_gettime(CLOCK_BOOTTIME, {321, 957395019}) = 0
2659  13:46:15 clock_gettime(CLOCK_BOOTTIME, {321, 957411633}) = 0
2659  13:46:15 select(7, [3 4], [], NULL, NULL) = 1 (in [4])
2659  13:46:15 clock_gettime(CLOCK_BOOTTIME, {322, 137941066}) = 0
2659  13:46:15 read(4, "t", 16384)      = 1
2659  13:46:15 clock_gettime(CLOCK_BOOTTIME, {322, 137998289}) = 0
2659  13:46:15 clock_gettime(CLOCK_BOOTTIME, {322, 138015124}) = 0
2659  13:46:15 select(7, [3 4], [3], NULL, NULL) = 1 (out [3])
2659  13:46:15 clock_gettime(CLOCK_BOOTTIME, {322, 138055327}) = 0
2659  13:46:15 write(3, "\325\275\300\353\2464\214=T\334y:u\215\220\202\t\237\331c\20\257^:\0062 \205\222\374\25\207"..., 36) = 36
2659  13:46:15 clock_gettime(CLOCK_BOOTTIME, {322, 138204812}) = 0
2659  13:46:15 clock_gettime(CLOCK_BOOTTIME, {322, 138239253}) = 0
2659  13:46:15 select(7, [3 4], [], NULL, NULL) = 1 (in [3])
2659  13:46:15 clock_gettime(CLOCK_BOOTTIME, {322, 138358180}) = 0
2659  13:46:15 read(3, "\2361R\374\306\312\360\t\304tn#\373\352\5zg8\245P:\ryd\0251%\5\24\351Du"..., 8192) = 36
2659  13:46:15 clock_gettime(CLOCK_BOOTTIME, {322, 138402440}) = 0
2659  13:46:15 clock_gettime(CLOCK_BOOTTIME, {322, 138418597}) = 0
2659  13:46:15 select(7, [3 4], [5], NULL, NULL) = 1 (out [5])
2659  13:46:15 clock_gettime(CLOCK_BOOTTIME, {322, 138468045}) = 0
2659  13:46:15 write(5, "t", 1)         = 1
2659  13:46:15 clock_gettime(CLOCK_BOOTTIME, {322, 138777689}) = 0
2659  13:46:15 clock_gettime(CLOCK_BOOTTIME, {322, 138809364}) = 0
2659  13:46:15 select(7, [3 4], [], NULL, NULL) = 1 (in [4])
2659  13:46:16 clock_gettime(CLOCK_BOOTTIME, {322, 527587233}) = 0
2659  13:46:16 read(4, "\r", 16384)     = 1
2659  13:46:16 clock_gettime(CLOCK_BOOTTIME, {322, 527662225}) = 0
2659  13:46:16 clock_gettime(CLOCK_BOOTTIME, {322, 527676696}) = 0
2659  13:46:16 select(7, [3 4], [3], NULL, NULL) = 1 (out [3])
2659  13:46:16 clock_gettime(CLOCK_BOOTTIME, {322, 527711516}) = 0
2659  13:46:16 write(3, "#\3H\t\312\203\216@\372\354j\371\371\256\305q\346\215..U{)\271\374\374\344\230I\277\303}"..., 36) = 36
2659  13:46:16 clock_gettime(CLOCK_BOOTTIME, {322, 529871464}) = 0
2659  13:46:16 clock_gettime(CLOCK_BOOTTIME, {322, 529893934}) = 0
2659  13:46:16 select(7, [3 4], [], NULL, NULL) = 1 (in [3])
2659  13:46:16 clock_gettime(CLOCK_BOOTTIME, {322, 529932958}) = 0
2659  13:46:16 read(3, "\227UaFsm9)\345\240\201\22\3107\315\210\233\214\220\204^\3\202\310\327\2427\220\24\341Q\271"..., 8192) = 220
2659  13:46:16 close(4)                 = 0
2659  13:46:16 clock_gettime(CLOCK_BOOTTIME, {322, 530026838}) = 0
2659  13:46:16 clock_gettime(CLOCK_BOOTTIME, {322, 530094832}) = 0
2659  13:46:16 select(7, [3], [5], NULL, NULL) = 1 (out [5])
2659  13:46:16 clock_gettime(CLOCK_BOOTTIME, {322, 530129591}) = 0
2659  13:46:16 write(5, "\r\n\347\231\273\345\207\272\r\n", 10) = 10
2659  13:46:16 clock_gettime(CLOCK_BOOTTIME, {322, 530478945}) = 0
2659  13:46:16 clock_gettime(CLOCK_BOOTTIME, {322, 530503921}) = 0
2659  13:46:16 close(5)                 = 0
2659  13:46:16 ioctl(0, SNDCTL_TMR_STOP or TCSETSW, {B38400 opost isig icanon echo ...}) = 0
2659  13:46:16 close(6)                 = 0
2659  13:46:16 select(7, [3], [3], NULL, NULL) = 1 (out [3])
2659  13:46:16 clock_gettime(CLOCK_BOOTTIME, {322, 530662072}) = 0
2659  13:46:16 write(3, "\323\247\27\337d\332W\325#^\330ZLI6\306\234\243J\315\212\300'\333X\35; \31\32\\6"..., 36) = 36
2659  13:46:16 rt_sigaction(SIGWINCH, NULL, {0x7f0e934266a0, [], SA_RESTORER, 0x7f0e91f92270}, 8) = 0
2659  13:46:16 rt_sigaction(SIGWINCH, {SIG_DFL, [], SA_RESTORER, 0x7f0e91f92270}, NULL, 8) = 0
2659  13:46:16 write(3, "\225\246\337+\17dO3\217\222\220\360-M\261i)g{3\26*\326z\22i\n\270\325\241*."..., 60) = 60
2659  13:46:16 ioctl(0, TCGETS, {B38400 opost isig icanon echo ...}) = 0
2659  13:46:16 ioctl(1, TCGETS, {B38400 opost isig icanon echo ...}) = 0
2659  13:46:16 ioctl(2, TCGETS, {B38400 opost isig icanon echo ...}) = 0
2659  13:46:16 write(2, "Connection to 192.168.1.102 clos"..., 37) = 37
2659  13:46:16 close(3)                 = 0
2659  13:46:16 exit_group(0)            = ?
2659  13:46:16 +++ exited with 0 +++
